[2025-07-02 10:48:31 WRN] [Microsoft.AspNetCore.HttpsPolicy.HttpsRedirectionMiddleware File => (:)] [Message => Failed to determine the https port for redirect.] [PID => 63007] 
[2025-07-02 10:48:31 ERR] [Microsoft.EntityFrameworkCore.Query File => (:)] [Message => An exception occurred while iterating over the results of a query for context type 'MS.API.Mini.Data.MonitorDBContext'.
System.ArgumentException: Requested value 'Healthy' was not found.
   at System.Enum.TryParseByName[TStorage](RuntimeType enumType, ReadOnlySpan`1 value, Boolean ignoreCase, Boolean throwOnFailure, TStorage& result)
   at System.Enum.TryParseByValueOrName[TUnderlying,TStorage](RuntimeType enumType, ReadOnlySpan`1 value, Boolean ignoreCase, Boolean throwOnFailure, TUnderlying& result)
   at System.Enum.TryParse(Type enumType, ReadOnlySpan`1 value, Boolean ignoreCase, Boolean throwOnFailure, Object& result)
   at lambda_method51(Closure, QueryContext, DbDataReader, ResultContext, SingleQueryResultCoordinator)
   at Microsoft.EntityFrameworkCore.Query.RelationalShapedQueryCompilingExpressionVisitor.ShaperProcessingExpressionVisitor.<PopulateCollection>g__ProcessCurrentElementRow|28_1[TCollection,TElement,TRelatedEntity](<>c__DisplayClass28_0`3&)
   at Microsoft.EntityFrameworkCore.Query.RelationalShapedQueryCompilingExpressionVisitor.ShaperProcessingExpressionVisitor.PopulateCollection[TCollection,TElement,TRelatedEntity](Int32 collectionId, QueryContext queryContext, DbDataReader dbDataReader, SingleQueryResultCoordinator resultCoordinator, Func`3 parentIdentifier, Func`3 outerIdentifier, Func`3 selfIdentifier, IReadOnlyList`1 parentIdentifierValueComparers, IReadOnlyList`1 outerIdentifierValueComparers, IReadOnlyList`1 selfIdentifierValueComparers, Func`5 innerShaper)
   at lambda_method50(Closure, QueryContext, DbDataReader, ResultContext, SingleQueryResultCoordinator)
   at Microsoft.EntityFrameworkCore.Query.Internal.SingleQueryingEnumerable`1.AsyncEnumerator.MoveNextAsync()] [PID => 63007] 
System.ArgumentException: Requested value 'Healthy' was not found.
   at System.Enum.TryParseByName[TStorage](RuntimeType enumType, ReadOnlySpan`1 value, Boolean ignoreCase, Boolean throwOnFailure, TStorage& result)
   at System.Enum.TryParseByValueOrName[TUnderlying,TStorage](RuntimeType enumType, ReadOnlySpan`1 value, Boolean ignoreCase, Boolean throwOnFailure, TUnderlying& result)
   at System.Enum.TryParse(Type enumType, ReadOnlySpan`1 value, Boolean ignoreCase, Boolean throwOnFailure, Object& result)
   at lambda_method51(Closure, QueryContext, DbDataReader, ResultContext, SingleQueryResultCoordinator)
   at Microsoft.EntityFrameworkCore.Query.RelationalShapedQueryCompilingExpressionVisitor.ShaperProcessingExpressionVisitor.<PopulateCollection>g__ProcessCurrentElementRow|28_1[TCollection,TElement,TRelatedEntity](<>c__DisplayClass28_0`3&)
   at Microsoft.EntityFrameworkCore.Query.RelationalShapedQueryCompilingExpressionVisitor.ShaperProcessingExpressionVisitor.PopulateCollection[TCollection,TElement,TRelatedEntity](Int32 collectionId, QueryContext queryContext, DbDataReader dbDataReader, SingleQueryResultCoordinator resultCoordinator, Func`3 parentIdentifier, Func`3 outerIdentifier, Func`3 selfIdentifier, IReadOnlyList`1 parentIdentifierValueComparers, IReadOnlyList`1 outerIdentifierValueComparers, IReadOnlyList`1 selfIdentifierValueComparers, Func`5 innerShaper)
   at lambda_method50(Closure, QueryContext, DbDataReader, ResultContext, SingleQueryResultCoordinator)
   at Microsoft.EntityFrameworkCore.Query.Internal.SingleQueryingEnumerable`1.AsyncEnumerator.MoveNextAsync()
[2025-07-02 10:48:31 ERR] [Serilog.AspNetCore.RequestLoggingMiddleware File => (:)] [Message => HTTP GET /MonitorResults/7a836663-e994-42e9-8a07-7883f98eb12b responded 500 in 174.9323 ms] [PID => 63007] 
System.ArgumentException: Requested value 'Healthy' was not found.
   at System.Enum.TryParseByName[TStorage](RuntimeType enumType, ReadOnlySpan`1 value, Boolean ignoreCase, Boolean throwOnFailure, TStorage& result)
   at System.Enum.TryParseByValueOrName[TUnderlying,TStorage](RuntimeType enumType, ReadOnlySpan`1 value, Boolean ignoreCase, Boolean throwOnFailure, TUnderlying& result)
   at System.Enum.TryParse(Type enumType, ReadOnlySpan`1 value, Boolean ignoreCase, Boolean throwOnFailure, Object& result)
   at lambda_method51(Closure, QueryContext, DbDataReader, ResultContext, SingleQueryResultCoordinator)
   at Microsoft.EntityFrameworkCore.Query.RelationalShapedQueryCompilingExpressionVisitor.ShaperProcessingExpressionVisitor.<PopulateCollection>g__ProcessCurrentElementRow|28_1[TCollection,TElement,TRelatedEntity](<>c__DisplayClass28_0`3&)
   at Microsoft.EntityFrameworkCore.Query.RelationalShapedQueryCompilingExpressionVisitor.ShaperProcessingExpressionVisitor.PopulateCollection[TCollection,TElement,TRelatedEntity](Int32 collectionId, QueryContext queryContext, DbDataReader dbDataReader, SingleQueryResultCoordinator resultCoordinator, Func`3 parentIdentifier, Func`3 outerIdentifier, Func`3 selfIdentifier, IReadOnlyList`1 parentIdentifierValueComparers, IReadOnlyList`1 outerIdentifierValueComparers, IReadOnlyList`1 selfIdentifierValueComparers, Func`5 innerShaper)
   at lambda_method50(Closure, QueryContext, DbDataReader, ResultContext, SingleQueryResultCoordinator)
   at Microsoft.EntityFrameworkCore.Query.Internal.SingleQueryingEnumerable`1.AsyncEnumerator.MoveNextAsync()
   at Microsoft.EntityFrameworkCore.EntityFrameworkQueryableExtensions.ToListAsync[TSource](IQueryable`1 source, CancellationToken cancellationToken)
   at Microsoft.EntityFrameworkCore.EntityFrameworkQueryableExtensions.ToListAsync[TSource](IQueryable`1 source, CancellationToken cancellationToken)
   at MS.API.Mini.Controllers.MonitorResultsController.GetResult(Guid id) in /Users/calebboluwade/Downloads/GROOVY/MS.API.Mini/MS.API.Mini/Controllers/MonitoringResultsController.cs:line 13
   at Microsoft.AspNetCore.Mvc.Infrastructure.ActionMethodExecutor.TaskOfIActionResultExecutor.Execute(ActionContext actionContext, IActionResultTypeMapper mapper, ObjectMethodExecutor executor, Object controller, Object[] arguments)
   at Microsoft.AspNetCore.Mvc.Infrastructure.ControllerActionInvoker.<InvokeActionMethodAsync>g__Logged|12_1(ControllerActionInvoker invoker)
   at Microsoft.AspNetCore.Mvc.Infrastructure.ControllerActionInvoker.<InvokeNextActionFilterAsync>g__Awaited|10_0(ControllerActionInvoker invoker, Task lastTask, State next, Scope scope, Object state, Boolean isCompleted)
   at Microsoft.AspNetCore.Mvc.Infrastructure.ControllerActionInvoker.Rethrow(ActionExecutedContextSealed context)
   at Microsoft.AspNetCore.Mvc.Infrastructure.ControllerActionInvoker.Next(State& next, Scope& scope, Object& state, Boolean& isCompleted)
   at Microsoft.AspNetCore.Mvc.Infrastructure.ControllerActionInvoker.<InvokeInnerFilterAsync>g__Awaited|13_0(ControllerActionInvoker invoker, Task lastTask, State next, Scope scope, Object state, Boolean isCompleted)
   at Microsoft.AspNetCore.Mvc.Infrastructure.ResourceInvoker.<InvokeFilterPipelineAsync>g__Awaited|20_0(ResourceInvoker invoker, Task lastTask, State next, Scope scope, Object state, Boolean isCompleted)
   at Microsoft.AspNetCore.Mvc.Infrastructure.ResourceInvoker.<InvokeAsync>g__Logged|17_1(ResourceInvoker invoker)
   at Microsoft.AspNetCore.Mvc.Infrastructure.ResourceInvoker.<InvokeAsync>g__Logged|17_1(ResourceInvoker invoker)
   at Serilog.AspNetCore.RequestLoggingMiddleware.Invoke(HttpContext httpContext)
[2025-07-02 10:48:31 ERR] [Microsoft.AspNetCore.Diagnostics.DeveloperExceptionPageMiddleware File => (:)] [Message => An unhandled exception has occurred while executing the request.] [PID => 63007] 
System.ArgumentException: Requested value 'Healthy' was not found.
   at System.Enum.TryParseByName[TStorage](RuntimeType enumType, ReadOnlySpan`1 value, Boolean ignoreCase, Boolean throwOnFailure, TStorage& result)
   at System.Enum.TryParseByValueOrName[TUnderlying,TStorage](RuntimeType enumType, ReadOnlySpan`1 value, Boolean ignoreCase, Boolean throwOnFailure, TUnderlying& result)
   at System.Enum.TryParse(Type enumType, ReadOnlySpan`1 value, Boolean ignoreCase, Boolean throwOnFailure, Object& result)
   at lambda_method51(Closure, QueryContext, DbDataReader, ResultContext, SingleQueryResultCoordinator)
   at Microsoft.EntityFrameworkCore.Query.RelationalShapedQueryCompilingExpressionVisitor.ShaperProcessingExpressionVisitor.<PopulateCollection>g__ProcessCurrentElementRow|28_1[TCollection,TElement,TRelatedEntity](<>c__DisplayClass28_0`3&)
   at Microsoft.EntityFrameworkCore.Query.RelationalShapedQueryCompilingExpressionVisitor.ShaperProcessingExpressionVisitor.PopulateCollection[TCollection,TElement,TRelatedEntity](Int32 collectionId, QueryContext queryContext, DbDataReader dbDataReader, SingleQueryResultCoordinator resultCoordinator, Func`3 parentIdentifier, Func`3 outerIdentifier, Func`3 selfIdentifier, IReadOnlyList`1 parentIdentifierValueComparers, IReadOnlyList`1 outerIdentifierValueComparers, IReadOnlyList`1 selfIdentifierValueComparers, Func`5 innerShaper)
   at lambda_method50(Closure, QueryContext, DbDataReader, ResultContext, SingleQueryResultCoordinator)
   at Microsoft.EntityFrameworkCore.Query.Internal.SingleQueryingEnumerable`1.AsyncEnumerator.MoveNextAsync()
   at Microsoft.EntityFrameworkCore.EntityFrameworkQueryableExtensions.ToListAsync[TSource](IQueryable`1 source, CancellationToken cancellationToken)
   at Microsoft.EntityFrameworkCore.EntityFrameworkQueryableExtensions.ToListAsync[TSource](IQueryable`1 source, CancellationToken cancellationToken)
   at MS.API.Mini.Controllers.MonitorResultsController.GetResult(Guid id) in /Users/calebboluwade/Downloads/GROOVY/MS.API.Mini/MS.API.Mini/Controllers/MonitoringResultsController.cs:line 13
   at Microsoft.AspNetCore.Mvc.Infrastructure.ActionMethodExecutor.TaskOfIActionResultExecutor.Execute(ActionContext actionContext, IActionResultTypeMapper mapper, ObjectMethodExecutor executor, Object controller, Object[] arguments)
   at Microsoft.AspNetCore.Mvc.Infrastructure.ControllerActionInvoker.<InvokeActionMethodAsync>g__Logged|12_1(ControllerActionInvoker invoker)
   at Microsoft.AspNetCore.Mvc.Infrastructure.ControllerActionInvoker.<InvokeNextActionFilterAsync>g__Awaited|10_0(ControllerActionInvoker invoker, Task lastTask, State next, Scope scope, Object state, Boolean isCompleted)
   at Microsoft.AspNetCore.Mvc.Infrastructure.ControllerActionInvoker.Rethrow(ActionExecutedContextSealed context)
   at Microsoft.AspNetCore.Mvc.Infrastructure.ControllerActionInvoker.Next(State& next, Scope& scope, Object& state, Boolean& isCompleted)
   at Microsoft.AspNetCore.Mvc.Infrastructure.ControllerActionInvoker.<InvokeInnerFilterAsync>g__Awaited|13_0(ControllerActionInvoker invoker, Task lastTask, State next, Scope scope, Object state, Boolean isCompleted)
   at Microsoft.AspNetCore.Mvc.Infrastructure.ResourceInvoker.<InvokeFilterPipelineAsync>g__Awaited|20_0(ResourceInvoker invoker, Task lastTask, State next, Scope scope, Object state, Boolean isCompleted)
   at Microsoft.AspNetCore.Mvc.Infrastructure.ResourceInvoker.<InvokeAsync>g__Logged|17_1(ResourceInvoker invoker)
   at Microsoft.AspNetCore.Mvc.Infrastructure.ResourceInvoker.<InvokeAsync>g__Logged|17_1(ResourceInvoker invoker)
   at Serilog.AspNetCore.RequestLoggingMiddleware.Invoke(HttpContext httpContext)
   at Microsoft.AspNetCore.Authorization.AuthorizationMiddleware.Invoke(HttpContext context)
   at Swashbuckle.AspNetCore.SwaggerUI.SwaggerUIMiddleware.Invoke(HttpContext httpContext)
   at Swashbuckle.AspNetCore.Swagger.SwaggerMiddleware.Invoke(HttpContext httpContext, ISwaggerProvider swaggerProvider)
   at Microsoft.AspNetCore.Authentication.AuthenticationMiddleware.Invoke(HttpContext context)
   at Microsoft.AspNetCore.Diagnostics.DeveloperExceptionPageMiddlewareImpl.Invoke(HttpContext context)
[2025-07-02 10:59:24 WRN] [Microsoft.AspNetCore.HttpsPolicy.HttpsRedirectionMiddleware File => (:)] [Message => Failed to determine the https port for redirect.] [PID => 91659] 
[2025-07-02 12:32:45 ERR] [Microsoft.EntityFrameworkCore.Query File => (:)] [Message => An exception occurred while iterating over the results of a query for context type 'MS.API.Mini.Data.MonitorDBContext'.
System.ArgumentException: Must specify valid information for parsing in the string. (Parameter 'value')
   at System.Enum.ThrowInvalidEmptyParseArgument()
   at System.Enum.TryParseByValueOrName[TUnderlying,TStorage](RuntimeType enumType, ReadOnlySpan`1 value, Boolean ignoreCase, Boolean throwOnFailure, TUnderlying& result)
   at System.Enum.TryParse(Type enumType, ReadOnlySpan`1 value, Boolean ignoreCase, Boolean throwOnFailure, Object& result)
   at lambda_method85(Closure, String)
   at lambda_method84(Closure, QueryContext, DbDataReader, ResultContext, SingleQueryResultCoordinator)
   at Microsoft.EntityFrameworkCore.Query.Internal.SingleQueryingEnumerable`1.AsyncEnumerator.MoveNextAsync()] [PID => 91659] 
System.ArgumentException: Must specify valid information for parsing in the string. (Parameter 'value')
   at System.Enum.ThrowInvalidEmptyParseArgument()
   at System.Enum.TryParseByValueOrName[TUnderlying,TStorage](RuntimeType enumType, ReadOnlySpan`1 value, Boolean ignoreCase, Boolean throwOnFailure, TUnderlying& result)
   at System.Enum.TryParse(Type enumType, ReadOnlySpan`1 value, Boolean ignoreCase, Boolean throwOnFailure, Object& result)
   at lambda_method85(Closure, String)
   at lambda_method84(Closure, QueryContext, DbDataReader, ResultContext, SingleQueryResultCoordinator)
   at Microsoft.EntityFrameworkCore.Query.Internal.SingleQueryingEnumerable`1.AsyncEnumerator.MoveNextAsync()
[2025-07-02 12:32:45 ERR] [MS.API.Mini.Controllers.SystemMonitorController File => (:)] [Message => Error fetching system monitor with plugins (ID: "7a836663-e994-42e9-8a07-7883f98eb12b")] [PID => 91659] 
System.ArgumentException: Must specify valid information for parsing in the string. (Parameter 'value')
   at System.Enum.ThrowInvalidEmptyParseArgument()
   at System.Enum.TryParseByValueOrName[TUnderlying,TStorage](RuntimeType enumType, ReadOnlySpan`1 value, Boolean ignoreCase, Boolean throwOnFailure, TUnderlying& result)
   at System.Enum.TryParse(Type enumType, ReadOnlySpan`1 value, Boolean ignoreCase, Boolean throwOnFailure, Object& result)
   at lambda_method85(Closure, String)
   at lambda_method84(Closure, QueryContext, DbDataReader, ResultContext, SingleQueryResultCoordinator)
   at Microsoft.EntityFrameworkCore.Query.Internal.SingleQueryingEnumerable`1.AsyncEnumerator.MoveNextAsync()
   at Microsoft.EntityFrameworkCore.EntityFrameworkQueryableExtensions.ToListAsync[TSource](IQueryable`1 source, CancellationToken cancellationToken)
   at Microsoft.EntityFrameworkCore.EntityFrameworkQueryableExtensions.ToListAsync[TSource](IQueryable`1 source, CancellationToken cancellationToken)
   at MS.API.Mini.Controllers.SystemMonitorController.GetMonitorById(Guid MonitorId) in /Users/calebboluwade/Downloads/GROOVY/MS.API.Mini/MS.API.Mini/Controllers/SystemMonitorController.cs:line 36
[2025-07-02 12:32:45 ERR] [Serilog.AspNetCore.RequestLoggingMiddleware File => (:)] [Message => HTTP GET /api/systemmonitor/7a836663-e994-42e9-8a07-7883f98eb12b responded 500 in 574.6304 ms] [PID => 91659] 
[2025-07-02 13:09:31 ERR] [Microsoft.EntityFrameworkCore.Query File => (:)] [Message => An exception occurred while iterating over the results of a query for context type 'MS.API.Mini.Data.MonitorDBContext'.
System.ArgumentException: Must specify valid information for parsing in the string. (Parameter 'value')
   at System.Enum.ThrowInvalidEmptyParseArgument()
   at System.Enum.TryParseByValueOrName[TUnderlying,TStorage](RuntimeType enumType, ReadOnlySpan`1 value, Boolean ignoreCase, Boolean throwOnFailure, TUnderlying& result)
   at System.Enum.TryParse(Type enumType, ReadOnlySpan`1 value, Boolean ignoreCase, Boolean throwOnFailure, Object& result)
   at lambda_method85(Closure, String)
   at lambda_method84(Closure, QueryContext, DbDataReader, ResultContext, SingleQueryResultCoordinator)
   at Microsoft.EntityFrameworkCore.Query.Internal.SingleQueryingEnumerable`1.AsyncEnumerator.MoveNextAsync()] [PID => 91659] 
System.ArgumentException: Must specify valid information for parsing in the string. (Parameter 'value')
   at System.Enum.ThrowInvalidEmptyParseArgument()
   at System.Enum.TryParseByValueOrName[TUnderlying,TStorage](RuntimeType enumType, ReadOnlySpan`1 value, Boolean ignoreCase, Boolean throwOnFailure, TUnderlying& result)
   at System.Enum.TryParse(Type enumType, ReadOnlySpan`1 value, Boolean ignoreCase, Boolean throwOnFailure, Object& result)
   at lambda_method85(Closure, String)
   at lambda_method84(Closure, QueryContext, DbDataReader, ResultContext, SingleQueryResultCoordinator)
   at Microsoft.EntityFrameworkCore.Query.Internal.SingleQueryingEnumerable`1.AsyncEnumerator.MoveNextAsync()
[2025-07-02 13:09:31 ERR] [MS.API.Mini.Controllers.SystemMonitorController File => (:)] [Message => Error fetching system monitor with plugins (ID: "7a836663-e994-42e9-8a07-7883f98eb12b")] [PID => 91659] 
System.ArgumentException: Must specify valid information for parsing in the string. (Parameter 'value')
   at System.Enum.ThrowInvalidEmptyParseArgument()
   at System.Enum.TryParseByValueOrName[TUnderlying,TStorage](RuntimeType enumType, ReadOnlySpan`1 value, Boolean ignoreCase, Boolean throwOnFailure, TUnderlying& result)
   at System.Enum.TryParse(Type enumType, ReadOnlySpan`1 value, Boolean ignoreCase, Boolean throwOnFailure, Object& result)
   at lambda_method85(Closure, String)
   at lambda_method84(Closure, QueryContext, DbDataReader, ResultContext, SingleQueryResultCoordinator)
   at Microsoft.EntityFrameworkCore.Query.Internal.SingleQueryingEnumerable`1.AsyncEnumerator.MoveNextAsync()
   at Microsoft.EntityFrameworkCore.EntityFrameworkQueryableExtensions.ToListAsync[TSource](IQueryable`1 source, CancellationToken cancellationToken)
   at Microsoft.EntityFrameworkCore.EntityFrameworkQueryableExtensions.ToListAsync[TSource](IQueryable`1 source, CancellationToken cancellationToken)
   at MS.API.Mini.Controllers.SystemMonitorController.GetMonitorById(Guid MonitorId) in /Users/calebboluwade/Downloads/GROOVY/MS.API.Mini/MS.API.Mini/Controllers/SystemMonitorController.cs:line 36
[2025-07-02 13:09:31 ERR] [Serilog.AspNetCore.RequestLoggingMiddleware File => (:)] [Message => HTTP GET /api/systemmonitor/7a836663-e994-42e9-8a07-7883f98eb12b responded 500 in 192.2527 ms] [PID => 91659] 
[2025-07-02 13:10:02 ERR] [Microsoft.EntityFrameworkCore.Query File => (:)] [Message => An exception occurred while iterating over the results of a query for context type 'MS.API.Mini.Data.MonitorDBContext'.
System.ArgumentException: Must specify valid information for parsing in the string. (Parameter 'value')
   at System.Enum.ThrowInvalidEmptyParseArgument()
   at System.Enum.TryParseByValueOrName[TUnderlying,TStorage](RuntimeType enumType, ReadOnlySpan`1 value, Boolean ignoreCase, Boolean throwOnFailure, TUnderlying& result)
   at System.Enum.TryParse(Type enumType, ReadOnlySpan`1 value, Boolean ignoreCase, Boolean throwOnFailure, Object& result)
   at lambda_method85(Closure, String)
   at lambda_method84(Closure, QueryContext, DbDataReader, ResultContext, SingleQueryResultCoordinator)
   at Microsoft.EntityFrameworkCore.Query.Internal.SingleQueryingEnumerable`1.AsyncEnumerator.MoveNextAsync()] [PID => 91659] 
System.ArgumentException: Must specify valid information for parsing in the string. (Parameter 'value')
   at System.Enum.ThrowInvalidEmptyParseArgument()
   at System.Enum.TryParseByValueOrName[TUnderlying,TStorage](RuntimeType enumType, ReadOnlySpan`1 value, Boolean ignoreCase, Boolean throwOnFailure, TUnderlying& result)
   at System.Enum.TryParse(Type enumType, ReadOnlySpan`1 value, Boolean ignoreCase, Boolean throwOnFailure, Object& result)
   at lambda_method85(Closure, String)
   at lambda_method84(Closure, QueryContext, DbDataReader, ResultContext, SingleQueryResultCoordinator)
   at Microsoft.EntityFrameworkCore.Query.Internal.SingleQueryingEnumerable`1.AsyncEnumerator.MoveNextAsync()
[2025-07-02 13:10:02 ERR] [MS.API.Mini.Controllers.SystemMonitorController File => (:)] [Message => Error fetching system monitor with plugins (ID: "7a836663-e994-42e9-8a07-7883f98eb12b")] [PID => 91659] 
System.ArgumentException: Must specify valid information for parsing in the string. (Parameter 'value')
   at System.Enum.ThrowInvalidEmptyParseArgument()
   at System.Enum.TryParseByValueOrName[TUnderlying,TStorage](RuntimeType enumType, ReadOnlySpan`1 value, Boolean ignoreCase, Boolean throwOnFailure, TUnderlying& result)
   at System.Enum.TryParse(Type enumType, ReadOnlySpan`1 value, Boolean ignoreCase, Boolean throwOnFailure, Object& result)
   at lambda_method85(Closure, String)
   at lambda_method84(Closure, QueryContext, DbDataReader, ResultContext, SingleQueryResultCoordinator)
   at Microsoft.EntityFrameworkCore.Query.Internal.SingleQueryingEnumerable`1.AsyncEnumerator.MoveNextAsync()
   at Microsoft.EntityFrameworkCore.EntityFrameworkQueryableExtensions.ToListAsync[TSource](IQueryable`1 source, CancellationToken cancellationToken)
   at Microsoft.EntityFrameworkCore.EntityFrameworkQueryableExtensions.ToListAsync[TSource](IQueryable`1 source, CancellationToken cancellationToken)
   at MS.API.Mini.Controllers.SystemMonitorController.GetMonitorById(Guid MonitorId) in /Users/calebboluwade/Downloads/GROOVY/MS.API.Mini/MS.API.Mini/Controllers/SystemMonitorController.cs:line 36
[2025-07-02 13:10:02 ERR] [Serilog.AspNetCore.RequestLoggingMiddleware File => (:)] [Message => HTTP GET /api/systemmonitor/7a836663-e994-42e9-8a07-7883f98eb12b responded 500 in 41.4490 ms] [PID => 91659] 
[2025-07-02 13:17:21 WRN] [Microsoft.AspNetCore.HttpsPolicy.HttpsRedirectionMiddleware File => (:)] [Message => Failed to determine the https port for redirect.] [PID => 16482] 
[2025-07-02 13:18:13 ERR] [Microsoft.EntityFrameworkCore.Query File => (:)] [Message => An exception occurred while iterating over the results of a query for context type 'MS.API.Mini.Data.MonitorDBContext'.
System.ArgumentException: Must specify valid information for parsing in the string. (Parameter 'value')
   at System.Enum.ThrowInvalidEmptyParseArgument()
   at System.Enum.TryParseByValueOrName[TUnderlying,TStorage](RuntimeType enumType, ReadOnlySpan`1 value, Boolean ignoreCase, Boolean throwOnFailure, TUnderlying& result)
   at System.Enum.TryParse(Type enumType, ReadOnlySpan`1 value, Boolean ignoreCase, Boolean throwOnFailure, Object& result)
   at System.Enum.Parse(Type enumType, String value, Boolean ignoreCase)
   at lambda_method53(Closure, String)
   at lambda_method52(Closure, QueryContext, DbDataReader, ResultContext, SingleQueryResultCoordinator)
   at Microsoft.EntityFrameworkCore.Query.Internal.SingleQueryingEnumerable`1.AsyncEnumerator.MoveNextAsync()] [PID => 16482] 
System.ArgumentException: Must specify valid information for parsing in the string. (Parameter 'value')
   at System.Enum.ThrowInvalidEmptyParseArgument()
   at System.Enum.TryParseByValueOrName[TUnderlying,TStorage](RuntimeType enumType, ReadOnlySpan`1 value, Boolean ignoreCase, Boolean throwOnFailure, TUnderlying& result)
   at System.Enum.TryParse(Type enumType, ReadOnlySpan`1 value, Boolean ignoreCase, Boolean throwOnFailure, Object& result)
   at System.Enum.Parse(Type enumType, String value, Boolean ignoreCase)
   at lambda_method53(Closure, String)
   at lambda_method52(Closure, QueryContext, DbDataReader, ResultContext, SingleQueryResultCoordinator)
   at Microsoft.EntityFrameworkCore.Query.Internal.SingleQueryingEnumerable`1.AsyncEnumerator.MoveNextAsync()
[2025-07-02 13:18:13 ERR] [MS.API.Mini.Controllers.SystemMonitorController File => (:)] [Message => Error fetching system monitor with plugins (ID: "7a836663-e994-42e9-8a07-7883f98eb12b")] [PID => 16482] 
System.ArgumentException: Must specify valid information for parsing in the string. (Parameter 'value')
   at System.Enum.ThrowInvalidEmptyParseArgument()
   at System.Enum.TryParseByValueOrName[TUnderlying,TStorage](RuntimeType enumType, ReadOnlySpan`1 value, Boolean ignoreCase, Boolean throwOnFailure, TUnderlying& result)
   at System.Enum.TryParse(Type enumType, ReadOnlySpan`1 value, Boolean ignoreCase, Boolean throwOnFailure, Object& result)
   at System.Enum.Parse(Type enumType, String value, Boolean ignoreCase)
   at lambda_method53(Closure, String)
   at lambda_method52(Closure, QueryContext, DbDataReader, ResultContext, SingleQueryResultCoordinator)
   at Microsoft.EntityFrameworkCore.Query.Internal.SingleQueryingEnumerable`1.AsyncEnumerator.MoveNextAsync()
   at Microsoft.EntityFrameworkCore.EntityFrameworkQueryableExtensions.ToListAsync[TSource](IQueryable`1 source, CancellationToken cancellationToken)
   at Microsoft.EntityFrameworkCore.EntityFrameworkQueryableExtensions.ToListAsync[TSource](IQueryable`1 source, CancellationToken cancellationToken)
   at MS.API.Mini.Controllers.SystemMonitorController.GetMonitorById(Guid MonitorId) in /Users/calebboluwade/Downloads/GROOVY/MS.API.Mini/MS.API.Mini/Controllers/SystemMonitorController.cs:line 36
[2025-07-02 13:18:13 ERR] [Serilog.AspNetCore.RequestLoggingMiddleware File => (:)] [Message => HTTP GET /api/SystemMonitor/7a836663-e994-42e9-8a07-7883f98eb12b responded 500 in 51631.4621 ms] [PID => 16482] 
[2025-07-02 13:26:29 WRN] [Microsoft.AspNetCore.HttpsPolicy.HttpsRedirectionMiddleware File => (:)] [Message => Failed to determine the https port for redirect.] [PID => 39489] 
[2025-07-02 13:26:29 ERR] [Microsoft.EntityFrameworkCore.Query File => (:)] [Message => An exception occurred while iterating over the results of a query for context type 'MS.API.Mini.Data.MonitorDBContext'.
System.InvalidCastException: Reading as 'System.Int32' is not supported for fields having DataTypeName 'text'
   at Npgsql.Internal.AdoSerializerHelpers.<GetTypeInfoForReading>g__ThrowReadingNotSupported|0_0(Type type, PgSerializerOptions options, PgTypeId pgTypeId, Exception inner)
   at Npgsql.Internal.AdoSerializerHelpers.GetTypeInfoForReading(Type type, PgTypeId pgTypeId, PgSerializerOptions options)
   at Npgsql.BackendMessages.FieldDescription.<GetInfoCore>g__GetInfoSlow|51_0(Type type, ColumnInfo& lastColumnInfo)
   at Npgsql.BackendMessages.FieldDescription.GetInfoCore(Type type, ColumnInfo& lastColumnInfo)
   at Npgsql.BackendMessages.FieldDescription.GetInfo(Type type, ColumnInfo& lastColumnInfo)
   at Npgsql.NpgsqlDataReader.<GetInfo>g__Slow|133_0(ColumnInfo& info, PgConverter& converter, Size& bufferRequirement, Boolean& asObject, <>c__DisplayClass133_0&)
   at Npgsql.NpgsqlDataReader.GetFieldValueCore[T](Int32 ordinal)
   at Npgsql.NpgsqlDataReader.GetInt32(Int32 ordinal)
   at lambda_method52(Closure, QueryContext, DbDataReader, ResultContext, SingleQueryResultCoordinator)
   at Microsoft.EntityFrameworkCore.Query.Internal.SingleQueryingEnumerable`1.AsyncEnumerator.MoveNextAsync()] [PID => 39489] 
System.InvalidCastException: Reading as 'System.Int32' is not supported for fields having DataTypeName 'text'
   at Npgsql.Internal.AdoSerializerHelpers.<GetTypeInfoForReading>g__ThrowReadingNotSupported|0_0(Type type, PgSerializerOptions options, PgTypeId pgTypeId, Exception inner)
   at Npgsql.Internal.AdoSerializerHelpers.GetTypeInfoForReading(Type type, PgTypeId pgTypeId, PgSerializerOptions options)
   at Npgsql.BackendMessages.FieldDescription.<GetInfoCore>g__GetInfoSlow|51_0(Type type, ColumnInfo& lastColumnInfo)
   at Npgsql.BackendMessages.FieldDescription.GetInfoCore(Type type, ColumnInfo& lastColumnInfo)
   at Npgsql.BackendMessages.FieldDescription.GetInfo(Type type, ColumnInfo& lastColumnInfo)
   at Npgsql.NpgsqlDataReader.<GetInfo>g__Slow|133_0(ColumnInfo& info, PgConverter& converter, Size& bufferRequirement, Boolean& asObject, <>c__DisplayClass133_0&)
   at Npgsql.NpgsqlDataReader.GetFieldValueCore[T](Int32 ordinal)
   at Npgsql.NpgsqlDataReader.GetInt32(Int32 ordinal)
   at lambda_method52(Closure, QueryContext, DbDataReader, ResultContext, SingleQueryResultCoordinator)
   at Microsoft.EntityFrameworkCore.Query.Internal.SingleQueryingEnumerable`1.AsyncEnumerator.MoveNextAsync()
[2025-07-02 13:26:29 ERR] [MS.API.Mini.Controllers.SystemMonitorController File => (:)] [Message => Error fetching system monitor with plugins (ID: "7a836663-e994-42e9-8a07-7883f98eb12b")] [PID => 39489] 
System.InvalidCastException: Reading as 'System.Int32' is not supported for fields having DataTypeName 'text'
   at Npgsql.Internal.AdoSerializerHelpers.<GetTypeInfoForReading>g__ThrowReadingNotSupported|0_0(Type type, PgSerializerOptions options, PgTypeId pgTypeId, Exception inner)
   at Npgsql.Internal.AdoSerializerHelpers.GetTypeInfoForReading(Type type, PgTypeId pgTypeId, PgSerializerOptions options)
   at Npgsql.BackendMessages.FieldDescription.<GetInfoCore>g__GetInfoSlow|51_0(Type type, ColumnInfo& lastColumnInfo)
   at Npgsql.BackendMessages.FieldDescription.GetInfoCore(Type type, ColumnInfo& lastColumnInfo)
   at Npgsql.BackendMessages.FieldDescription.GetInfo(Type type, ColumnInfo& lastColumnInfo)
   at Npgsql.NpgsqlDataReader.<GetInfo>g__Slow|133_0(ColumnInfo& info, PgConverter& converter, Size& bufferRequirement, Boolean& asObject, <>c__DisplayClass133_0&)
   at Npgsql.NpgsqlDataReader.GetFieldValueCore[T](Int32 ordinal)
   at Npgsql.NpgsqlDataReader.GetInt32(Int32 ordinal)
   at lambda_method52(Closure, QueryContext, DbDataReader, ResultContext, SingleQueryResultCoordinator)
   at Microsoft.EntityFrameworkCore.Query.Internal.SingleQueryingEnumerable`1.AsyncEnumerator.MoveNextAsync()
   at Microsoft.EntityFrameworkCore.EntityFrameworkQueryableExtensions.ToListAsync[TSource](IQueryable`1 source, CancellationToken cancellationToken)
   at Microsoft.EntityFrameworkCore.EntityFrameworkQueryableExtensions.ToListAsync[TSource](IQueryable`1 source, CancellationToken cancellationToken)
   at MS.API.Mini.Controllers.SystemMonitorController.GetMonitorById(Guid MonitorId) in /Users/calebboluwade/Downloads/GROOVY/MS.API.Mini/MS.API.Mini/Controllers/SystemMonitorController.cs:line 36
[2025-07-02 13:26:30 ERR] [Serilog.AspNetCore.RequestLoggingMiddleware File => (:)] [Message => HTTP GET /api/SystemMonitor/7a836663-e994-42e9-8a07-7883f98eb12b responded 500 in 267.6144 ms] [PID => 39489] 
[2025-07-02 13:42:11 WRN] [Microsoft.AspNetCore.HttpsPolicy.HttpsRedirectionMiddleware File => (:)] [Message => Failed to determine the https port for redirect.] [PID => 55172] 
[2025-07-02 13:42:12 INF] [Serilog.AspNetCore.RequestLoggingMiddleware File => (:)] [Message => HTTP GET /api/SystemMonitor/7a836663-e994-42e9-8a07-7883f98eb12b responded 200 in 371.1253 ms] [PID => 55172] 
[2025-07-02 13:44:01 INF] [Serilog.AspNetCore.RequestLoggingMiddleware File => (:)] [Message => HTTP GET /api/SystemMonitor/7a836663-e994-42e9-8a07-7883f98eb12b responded 200 in 53.1630 ms] [PID => 55172] 
[2025-07-02 13:44:52 INF] [Serilog.AspNetCore.RequestLoggingMiddleware File => (:)] [Message => HTTP GET /api/SystemMonitor/7a836663-e994-42e9-8a07-7883f98eb12b responded 200 in 34.5860 ms] [PID => 55172] 
[2025-07-02 13:45:22 WRN] [Microsoft.AspNetCore.HttpsPolicy.HttpsRedirectionMiddleware File => (:)] [Message => Failed to determine the https port for redirect.] [PID => 83173] 
[2025-07-02 13:45:22 ERR] [Microsoft.EntityFrameworkCore.Query File => (:)] [Message => An exception occurred while iterating over the results of a query for context type 'MS.API.Mini.Data.MonitorDBContext'.
System.InvalidCastException: Reading as 'System.String' is not supported for fields having DataTypeName 'integer'
   at Npgsql.Internal.AdoSerializerHelpers.<GetTypeInfoForReading>g__ThrowReadingNotSupported|0_0(Type type, PgSerializerOptions options, PgTypeId pgTypeId, Exception inner)
   at Npgsql.Internal.AdoSerializerHelpers.GetTypeInfoForReading(Type type, PgTypeId pgTypeId, PgSerializerOptions options)
   at Npgsql.BackendMessages.FieldDescription.<GetInfoCore>g__GetInfoSlow|51_0(Type type, ColumnInfo& lastColumnInfo)
   at Npgsql.BackendMessages.FieldDescription.GetInfoCore(Type type, ColumnInfo& lastColumnInfo)
   at Npgsql.BackendMessages.FieldDescription.GetInfo(Type type, ColumnInfo& lastColumnInfo)
   at Npgsql.NpgsqlDataReader.<GetInfo>g__Slow|133_0(ColumnInfo& info, PgConverter& converter, Size& bufferRequirement, Boolean& asObject, <>c__DisplayClass133_0&)
   at Npgsql.NpgsqlDataReader.GetFieldValueCore[T](Int32 ordinal)
   at Npgsql.NpgsqlDataReader.GetString(Int32 ordinal)
   at lambda_method39(Closure, QueryContext, DbDataReader, ResultContext, SingleQueryResultCoordinator)
   at Microsoft.EntityFrameworkCore.Query.Internal.SingleQueryingEnumerable`1.AsyncEnumerator.MoveNextAsync()] [PID => 83173] 
System.InvalidCastException: Reading as 'System.String' is not supported for fields having DataTypeName 'integer'
   at Npgsql.Internal.AdoSerializerHelpers.<GetTypeInfoForReading>g__ThrowReadingNotSupported|0_0(Type type, PgSerializerOptions options, PgTypeId pgTypeId, Exception inner)
   at Npgsql.Internal.AdoSerializerHelpers.GetTypeInfoForReading(Type type, PgTypeId pgTypeId, PgSerializerOptions options)
   at Npgsql.BackendMessages.FieldDescription.<GetInfoCore>g__GetInfoSlow|51_0(Type type, ColumnInfo& lastColumnInfo)
   at Npgsql.BackendMessages.FieldDescription.GetInfoCore(Type type, ColumnInfo& lastColumnInfo)
   at Npgsql.BackendMessages.FieldDescription.GetInfo(Type type, ColumnInfo& lastColumnInfo)
   at Npgsql.NpgsqlDataReader.<GetInfo>g__Slow|133_0(ColumnInfo& info, PgConverter& converter, Size& bufferRequirement, Boolean& asObject, <>c__DisplayClass133_0&)
   at Npgsql.NpgsqlDataReader.GetFieldValueCore[T](Int32 ordinal)
   at Npgsql.NpgsqlDataReader.GetString(Int32 ordinal)
   at lambda_method39(Closure, QueryContext, DbDataReader, ResultContext, SingleQueryResultCoordinator)
   at Microsoft.EntityFrameworkCore.Query.Internal.SingleQueryingEnumerable`1.AsyncEnumerator.MoveNextAsync()
[2025-07-02 13:45:22 ERR] [MS.API.Mini.Controllers.SystemMonitorController File => (:)] [Message => Error fetching system monitor with plugins (ID: "7a836663-e994-42e9-8a07-7883f98eb12b")] [PID => 83173] 
System.InvalidCastException: Reading as 'System.String' is not supported for fields having DataTypeName 'integer'
   at Npgsql.Internal.AdoSerializerHelpers.<GetTypeInfoForReading>g__ThrowReadingNotSupported|0_0(Type type, PgSerializerOptions options, PgTypeId pgTypeId, Exception inner)
   at Npgsql.Internal.AdoSerializerHelpers.GetTypeInfoForReading(Type type, PgTypeId pgTypeId, PgSerializerOptions options)
   at Npgsql.BackendMessages.FieldDescription.<GetInfoCore>g__GetInfoSlow|51_0(Type type, ColumnInfo& lastColumnInfo)
   at Npgsql.BackendMessages.FieldDescription.GetInfoCore(Type type, ColumnInfo& lastColumnInfo)
   at Npgsql.BackendMessages.FieldDescription.GetInfo(Type type, ColumnInfo& lastColumnInfo)
   at Npgsql.NpgsqlDataReader.<GetInfo>g__Slow|133_0(ColumnInfo& info, PgConverter& converter, Size& bufferRequirement, Boolean& asObject, <>c__DisplayClass133_0&)
   at Npgsql.NpgsqlDataReader.GetFieldValueCore[T](Int32 ordinal)
   at Npgsql.NpgsqlDataReader.GetString(Int32 ordinal)
   at lambda_method39(Closure, QueryContext, DbDataReader, ResultContext, SingleQueryResultCoordinator)
   at Microsoft.EntityFrameworkCore.Query.Internal.SingleQueryingEnumerable`1.AsyncEnumerator.MoveNextAsync()
   at Microsoft.EntityFrameworkCore.Query.ShapedQueryCompilingExpressionVisitor.SingleOrDefaultAsync[TSource](IAsyncEnumerable`1 asyncEnumerable, CancellationToken cancellationToken)
   at Microsoft.EntityFrameworkCore.Query.ShapedQueryCompilingExpressionVisitor.SingleOrDefaultAsync[TSource](IAsyncEnumerable`1 asyncEnumerable, CancellationToken cancellationToken)
   at MS.API.Mini.Controllers.SystemMonitorController.GetMonitorById(Guid MonitorId) in /Users/calebboluwade/Downloads/GROOVY/MS.API.Mini/MS.API.Mini/Controllers/SystemMonitorController.cs:line 24
[2025-07-02 13:45:22 ERR] [Serilog.AspNetCore.RequestLoggingMiddleware File => (:)] [Message => HTTP GET /api/SystemMonitor/7a836663-e994-42e9-8a07-7883f98eb12b responded 500 in 220.1390 ms] [PID => 83173] 
[2025-07-02 13:54:06 WRN] [Microsoft.AspNetCore.HttpsPolicy.HttpsRedirectionMiddleware File => (:)] [Message => Failed to determine the https port for redirect.] [PID => 4146] 
[2025-07-02 13:54:07 INF] [Serilog.AspNetCore.RequestLoggingMiddleware File => (:)] [Message => HTTP GET /api/SystemMonitor/7a836663-e994-42e9-8a07-7883f98eb12b responded 200 in 425.0682 ms] [PID => 4146] 
[2025-07-02 13:57:18 INF] [Serilog.AspNetCore.RequestLoggingMiddleware File => (:)] [Message => HTTP GET /api/SystemMonitor/7a836663-e994-42e9-8a07-7883f98eb12b responded 200 in 83.9505 ms] [PID => 4146] 
[2025-07-02 13:57:35 INF] [Serilog.AspNetCore.RequestLoggingMiddleware File => (:)] [Message => HTTP GET /api/SystemMonitor/7a836663-e994-42e9-8a07-7883f98eb12b responded 200 in 17.4041 ms] [PID => 4146] 
[2025-07-02 13:57:36 INF] [Serilog.AspNetCore.RequestLoggingMiddleware File => (:)] [Message => HTTP GET /api/SystemMonitor/7a836663-e994-42e9-8a07-7883f98eb12b responded 200 in 7.8430 ms] [PID => 4146] 
[2025-07-02 13:57:38 INF] [Serilog.AspNetCore.RequestLoggingMiddleware File => (:)] [Message => HTTP GET /api/SystemMonitor/7a836663-e994-42e9-8a07-7883f98eb12b responded 200 in 11.5678 ms] [PID => 4146] 
[2025-07-02 13:58:46 INF] [Serilog.AspNetCore.RequestLoggingMiddleware File => (:)] [Message => HTTP GET /api/SystemMonitor/7a836663-e994-42e9-8a07-7883f98eb12b responded 200 in 40.6373 ms] [PID => 4146] 
[2025-07-02 13:59:53 INF] [Serilog.AspNetCore.RequestLoggingMiddleware File => (:)] [Message => HTTP GET /api/SystemMonitor/7a836663-e994-42e9-8a07-7883f98eb12b responded 200 in 44.4493 ms] [PID => 4146] 
[2025-07-02 14:00:00 INF] [Serilog.AspNetCore.RequestLoggingMiddleware File => (:)] [Message => HTTP GET /api/SystemMonitor/7a836663-e994-42e9-8a07-7883f98eb12b responded 200 in 31.6820 ms] [PID => 4146] 
[2025-07-02 14:00:53 WRN] [Microsoft.AspNetCore.HttpsPolicy.HttpsRedirectionMiddleware File => (:)] [Message => Failed to determine the https port for redirect.] [PID => 20231] 
[2025-07-02 14:00:53 ERR] [Microsoft.EntityFrameworkCore.Query File => (:)] [Message => An exception occurred while iterating over the results of a query for context type 'MS.API.Mini.Data.MonitorDBContext'.
System.InvalidCastException: Reading as 'System.Int32' is not supported for fields having DataTypeName 'character varying'
   at Npgsql.Internal.AdoSerializerHelpers.<GetTypeInfoForReading>g__ThrowReadingNotSupported|0_0(Type type, PgSerializerOptions options, PgTypeId pgTypeId, Exception inner)
   at Npgsql.Internal.AdoSerializerHelpers.GetTypeInfoForReading(Type type, PgTypeId pgTypeId, PgSerializerOptions options)
   at Npgsql.BackendMessages.FieldDescription.<GetInfoCore>g__GetInfoSlow|51_0(Type type, ColumnInfo& lastColumnInfo)
   at Npgsql.BackendMessages.FieldDescription.GetInfoCore(Type type, ColumnInfo& lastColumnInfo)
   at Npgsql.BackendMessages.FieldDescription.GetInfo(Type type, ColumnInfo& lastColumnInfo)
   at Npgsql.NpgsqlDataReader.<GetInfo>g__Slow|133_0(ColumnInfo& info, PgConverter& converter, Size& bufferRequirement, Boolean& asObject, <>c__DisplayClass133_0&)
   at Npgsql.NpgsqlDataReader.GetFieldValueCore[T](Int32 ordinal)
   at Npgsql.NpgsqlDataReader.GetInt32(Int32 ordinal)
   at lambda_method52(Closure, QueryContext, DbDataReader, ResultContext, SingleQueryResultCoordinator)
   at Microsoft.EntityFrameworkCore.Query.Internal.SingleQueryingEnumerable`1.AsyncEnumerator.MoveNextAsync()] [PID => 20231] 
System.InvalidCastException: Reading as 'System.Int32' is not supported for fields having DataTypeName 'character varying'
   at Npgsql.Internal.AdoSerializerHelpers.<GetTypeInfoForReading>g__ThrowReadingNotSupported|0_0(Type type, PgSerializerOptions options, PgTypeId pgTypeId, Exception inner)
   at Npgsql.Internal.AdoSerializerHelpers.GetTypeInfoForReading(Type type, PgTypeId pgTypeId, PgSerializerOptions options)
   at Npgsql.BackendMessages.FieldDescription.<GetInfoCore>g__GetInfoSlow|51_0(Type type, ColumnInfo& lastColumnInfo)
   at Npgsql.BackendMessages.FieldDescription.GetInfoCore(Type type, ColumnInfo& lastColumnInfo)
   at Npgsql.BackendMessages.FieldDescription.GetInfo(Type type, ColumnInfo& lastColumnInfo)
   at Npgsql.NpgsqlDataReader.<GetInfo>g__Slow|133_0(ColumnInfo& info, PgConverter& converter, Size& bufferRequirement, Boolean& asObject, <>c__DisplayClass133_0&)
   at Npgsql.NpgsqlDataReader.GetFieldValueCore[T](Int32 ordinal)
   at Npgsql.NpgsqlDataReader.GetInt32(Int32 ordinal)
   at lambda_method52(Closure, QueryContext, DbDataReader, ResultContext, SingleQueryResultCoordinator)
   at Microsoft.EntityFrameworkCore.Query.Internal.SingleQueryingEnumerable`1.AsyncEnumerator.MoveNextAsync()
[2025-07-02 14:00:53 ERR] [MS.API.Mini.Controllers.SystemMonitorController File => (:)] [Message => Error fetching system monitor with plugins (ID: "7a836663-e994-42e9-8a07-7883f98eb12b")] [PID => 20231] 
System.InvalidCastException: Reading as 'System.Int32' is not supported for fields having DataTypeName 'character varying'
   at Npgsql.Internal.AdoSerializerHelpers.<GetTypeInfoForReading>g__ThrowReadingNotSupported|0_0(Type type, PgSerializerOptions options, PgTypeId pgTypeId, Exception inner)
   at Npgsql.Internal.AdoSerializerHelpers.GetTypeInfoForReading(Type type, PgTypeId pgTypeId, PgSerializerOptions options)
   at Npgsql.BackendMessages.FieldDescription.<GetInfoCore>g__GetInfoSlow|51_0(Type type, ColumnInfo& lastColumnInfo)
   at Npgsql.BackendMessages.FieldDescription.GetInfoCore(Type type, ColumnInfo& lastColumnInfo)
   at Npgsql.BackendMessages.FieldDescription.GetInfo(Type type, ColumnInfo& lastColumnInfo)
   at Npgsql.NpgsqlDataReader.<GetInfo>g__Slow|133_0(ColumnInfo& info, PgConverter& converter, Size& bufferRequirement, Boolean& asObject, <>c__DisplayClass133_0&)
   at Npgsql.NpgsqlDataReader.GetFieldValueCore[T](Int32 ordinal)
   at Npgsql.NpgsqlDataReader.GetInt32(Int32 ordinal)
   at lambda_method52(Closure, QueryContext, DbDataReader, ResultContext, SingleQueryResultCoordinator)
   at Microsoft.EntityFrameworkCore.Query.Internal.SingleQueryingEnumerable`1.AsyncEnumerator.MoveNextAsync()
   at Microsoft.EntityFrameworkCore.EntityFrameworkQueryableExtensions.ToListAsync[TSource](IQueryable`1 source, CancellationToken cancellationToken)
   at Microsoft.EntityFrameworkCore.EntityFrameworkQueryableExtensions.ToListAsync[TSource](IQueryable`1 source, CancellationToken cancellationToken)
   at MS.API.Mini.Controllers.SystemMonitorController.GetMonitorById(Guid MonitorId) in /Users/calebboluwade/Downloads/GROOVY/MS.API.Mini/MS.API.Mini/Controllers/SystemMonitorController.cs:line 36
[2025-07-02 14:00:53 ERR] [Serilog.AspNetCore.RequestLoggingMiddleware File => (:)] [Message => HTTP GET /api/SystemMonitor/7a836663-e994-42e9-8a07-7883f98eb12b responded 500 in 270.9288 ms] [PID => 20231] 
[2025-07-02 14:01:14 ERR] [Microsoft.EntityFrameworkCore.Query File => (:)] [Message => An exception occurred while iterating over the results of a query for context type 'MS.API.Mini.Data.MonitorDBContext'.
System.InvalidCastException: Reading as 'System.Int32' is not supported for fields having DataTypeName 'character varying'
   at Npgsql.Internal.AdoSerializerHelpers.<GetTypeInfoForReading>g__ThrowReadingNotSupported|0_0(Type type, PgSerializerOptions options, PgTypeId pgTypeId, Exception inner)
   at Npgsql.Internal.AdoSerializerHelpers.GetTypeInfoForReading(Type type, PgTypeId pgTypeId, PgSerializerOptions options)
   at Npgsql.BackendMessages.FieldDescription.<GetInfoCore>g__GetInfoSlow|51_0(Type type, ColumnInfo& lastColumnInfo)
   at Npgsql.BackendMessages.FieldDescription.GetInfoCore(Type type, ColumnInfo& lastColumnInfo)
   at Npgsql.BackendMessages.FieldDescription.GetInfo(Type type, ColumnInfo& lastColumnInfo)
   at Npgsql.NpgsqlDataReader.<GetInfo>g__Slow|133_0(ColumnInfo& info, PgConverter& converter, Size& bufferRequirement, Boolean& asObject, <>c__DisplayClass133_0&)
   at Npgsql.NpgsqlDataReader.GetFieldValueCore[T](Int32 ordinal)
   at Npgsql.NpgsqlDataReader.GetInt32(Int32 ordinal)
   at lambda_method52(Closure, QueryContext, DbDataReader, ResultContext, SingleQueryResultCoordinator)
   at Microsoft.EntityFrameworkCore.Query.Internal.SingleQueryingEnumerable`1.AsyncEnumerator.MoveNextAsync()] [PID => 20231] 
System.InvalidCastException: Reading as 'System.Int32' is not supported for fields having DataTypeName 'character varying'
   at Npgsql.Internal.AdoSerializerHelpers.<GetTypeInfoForReading>g__ThrowReadingNotSupported|0_0(Type type, PgSerializerOptions options, PgTypeId pgTypeId, Exception inner)
   at Npgsql.Internal.AdoSerializerHelpers.GetTypeInfoForReading(Type type, PgTypeId pgTypeId, PgSerializerOptions options)
   at Npgsql.BackendMessages.FieldDescription.<GetInfoCore>g__GetInfoSlow|51_0(Type type, ColumnInfo& lastColumnInfo)
   at Npgsql.BackendMessages.FieldDescription.GetInfoCore(Type type, ColumnInfo& lastColumnInfo)
   at Npgsql.BackendMessages.FieldDescription.GetInfo(Type type, ColumnInfo& lastColumnInfo)
   at Npgsql.NpgsqlDataReader.<GetInfo>g__Slow|133_0(ColumnInfo& info, PgConverter& converter, Size& bufferRequirement, Boolean& asObject, <>c__DisplayClass133_0&)
   at Npgsql.NpgsqlDataReader.GetFieldValueCore[T](Int32 ordinal)
   at Npgsql.NpgsqlDataReader.GetInt32(Int32 ordinal)
   at lambda_method52(Closure, QueryContext, DbDataReader, ResultContext, SingleQueryResultCoordinator)
   at Microsoft.EntityFrameworkCore.Query.Internal.SingleQueryingEnumerable`1.AsyncEnumerator.MoveNextAsync()
[2025-07-02 14:01:14 ERR] [MS.API.Mini.Controllers.SystemMonitorController File => (:)] [Message => Error fetching system monitor with plugins (ID: "7a836663-e994-42e9-8a07-7883f98eb12b")] [PID => 20231] 
System.InvalidCastException: Reading as 'System.Int32' is not supported for fields having DataTypeName 'character varying'
   at Npgsql.Internal.AdoSerializerHelpers.<GetTypeInfoForReading>g__ThrowReadingNotSupported|0_0(Type type, PgSerializerOptions options, PgTypeId pgTypeId, Exception inner)
   at Npgsql.Internal.AdoSerializerHelpers.GetTypeInfoForReading(Type type, PgTypeId pgTypeId, PgSerializerOptions options)
   at Npgsql.BackendMessages.FieldDescription.<GetInfoCore>g__GetInfoSlow|51_0(Type type, ColumnInfo& lastColumnInfo)
   at Npgsql.BackendMessages.FieldDescription.GetInfoCore(Type type, ColumnInfo& lastColumnInfo)
   at Npgsql.BackendMessages.FieldDescription.GetInfo(Type type, ColumnInfo& lastColumnInfo)
   at Npgsql.NpgsqlDataReader.<GetInfo>g__Slow|133_0(ColumnInfo& info, PgConverter& converter, Size& bufferRequirement, Boolean& asObject, <>c__DisplayClass133_0&)
   at Npgsql.NpgsqlDataReader.GetFieldValueCore[T](Int32 ordinal)
   at Npgsql.NpgsqlDataReader.GetInt32(Int32 ordinal)
   at lambda_method52(Closure, QueryContext, DbDataReader, ResultContext, SingleQueryResultCoordinator)
   at Microsoft.EntityFrameworkCore.Query.Internal.SingleQueryingEnumerable`1.AsyncEnumerator.MoveNextAsync()
   at Microsoft.EntityFrameworkCore.EntityFrameworkQueryableExtensions.ToListAsync[TSource](IQueryable`1 source, CancellationToken cancellationToken)
   at Microsoft.EntityFrameworkCore.EntityFrameworkQueryableExtensions.ToListAsync[TSource](IQueryable`1 source, CancellationToken cancellationToken)
   at MS.API.Mini.Controllers.SystemMonitorController.GetMonitorById(Guid MonitorId)
[2025-07-02 14:01:14 ERR] [Serilog.AspNetCore.RequestLoggingMiddleware File => (:)] [Message => HTTP GET /api/SystemMonitor/7a836663-e994-42e9-8a07-7883f98eb12b responded 500 in 50.7376 ms] [PID => 20231] 
[2025-07-02 14:01:15 ERR] [Microsoft.EntityFrameworkCore.Query File => (:)] [Message => An exception occurred while iterating over the results of a query for context type 'MS.API.Mini.Data.MonitorDBContext'.
System.InvalidCastException: Reading as 'System.Int32' is not supported for fields having DataTypeName 'character varying'
   at Npgsql.Internal.AdoSerializerHelpers.<GetTypeInfoForReading>g__ThrowReadingNotSupported|0_0(Type type, PgSerializerOptions options, PgTypeId pgTypeId, Exception inner)
   at Npgsql.Internal.AdoSerializerHelpers.GetTypeInfoForReading(Type type, PgTypeId pgTypeId, PgSerializerOptions options)
   at Npgsql.BackendMessages.FieldDescription.<GetInfoCore>g__GetInfoSlow|51_0(Type type, ColumnInfo& lastColumnInfo)
   at Npgsql.BackendMessages.FieldDescription.GetInfoCore(Type type, ColumnInfo& lastColumnInfo)
   at Npgsql.BackendMessages.FieldDescription.GetInfo(Type type, ColumnInfo& lastColumnInfo)
   at Npgsql.NpgsqlDataReader.<GetInfo>g__Slow|133_0(ColumnInfo& info, PgConverter& converter, Size& bufferRequirement, Boolean& asObject, <>c__DisplayClass133_0&)
   at Npgsql.NpgsqlDataReader.GetFieldValueCore[T](Int32 ordinal)
   at Npgsql.NpgsqlDataReader.GetInt32(Int32 ordinal)
   at lambda_method52(Closure, QueryContext, DbDataReader, ResultContext, SingleQueryResultCoordinator)
   at Microsoft.EntityFrameworkCore.Query.Internal.SingleQueryingEnumerable`1.AsyncEnumerator.MoveNextAsync()] [PID => 20231] 
System.InvalidCastException: Reading as 'System.Int32' is not supported for fields having DataTypeName 'character varying'
   at Npgsql.Internal.AdoSerializerHelpers.<GetTypeInfoForReading>g__ThrowReadingNotSupported|0_0(Type type, PgSerializerOptions options, PgTypeId pgTypeId, Exception inner)
   at Npgsql.Internal.AdoSerializerHelpers.GetTypeInfoForReading(Type type, PgTypeId pgTypeId, PgSerializerOptions options)
   at Npgsql.BackendMessages.FieldDescription.<GetInfoCore>g__GetInfoSlow|51_0(Type type, ColumnInfo& lastColumnInfo)
   at Npgsql.BackendMessages.FieldDescription.GetInfoCore(Type type, ColumnInfo& lastColumnInfo)
   at Npgsql.BackendMessages.FieldDescription.GetInfo(Type type, ColumnInfo& lastColumnInfo)
   at Npgsql.NpgsqlDataReader.<GetInfo>g__Slow|133_0(ColumnInfo& info, PgConverter& converter, Size& bufferRequirement, Boolean& asObject, <>c__DisplayClass133_0&)
   at Npgsql.NpgsqlDataReader.GetFieldValueCore[T](Int32 ordinal)
   at Npgsql.NpgsqlDataReader.GetInt32(Int32 ordinal)
   at lambda_method52(Closure, QueryContext, DbDataReader, ResultContext, SingleQueryResultCoordinator)
   at Microsoft.EntityFrameworkCore.Query.Internal.SingleQueryingEnumerable`1.AsyncEnumerator.MoveNextAsync()
[2025-07-02 14:01:15 ERR] [MS.API.Mini.Controllers.SystemMonitorController File => (:)] [Message => Error fetching system monitor with plugins (ID: "7a836663-e994-42e9-8a07-7883f98eb12b")] [PID => 20231] 
System.InvalidCastException: Reading as 'System.Int32' is not supported for fields having DataTypeName 'character varying'
   at Npgsql.Internal.AdoSerializerHelpers.<GetTypeInfoForReading>g__ThrowReadingNotSupported|0_0(Type type, PgSerializerOptions options, PgTypeId pgTypeId, Exception inner)
   at Npgsql.Internal.AdoSerializerHelpers.GetTypeInfoForReading(Type type, PgTypeId pgTypeId, PgSerializerOptions options)
   at Npgsql.BackendMessages.FieldDescription.<GetInfoCore>g__GetInfoSlow|51_0(Type type, ColumnInfo& lastColumnInfo)
   at Npgsql.BackendMessages.FieldDescription.GetInfoCore(Type type, ColumnInfo& lastColumnInfo)
   at Npgsql.BackendMessages.FieldDescription.GetInfo(Type type, ColumnInfo& lastColumnInfo)
   at Npgsql.NpgsqlDataReader.<GetInfo>g__Slow|133_0(ColumnInfo& info, PgConverter& converter, Size& bufferRequirement, Boolean& asObject, <>c__DisplayClass133_0&)
   at Npgsql.NpgsqlDataReader.GetFieldValueCore[T](Int32 ordinal)
   at Npgsql.NpgsqlDataReader.GetInt32(Int32 ordinal)
   at lambda_method52(Closure, QueryContext, DbDataReader, ResultContext, SingleQueryResultCoordinator)
   at Microsoft.EntityFrameworkCore.Query.Internal.SingleQueryingEnumerable`1.AsyncEnumerator.MoveNextAsync()
   at Microsoft.EntityFrameworkCore.EntityFrameworkQueryableExtensions.ToListAsync[TSource](IQueryable`1 source, CancellationToken cancellationToken)
   at Microsoft.EntityFrameworkCore.EntityFrameworkQueryableExtensions.ToListAsync[TSource](IQueryable`1 source, CancellationToken cancellationToken)
   at MS.API.Mini.Controllers.SystemMonitorController.GetMonitorById(Guid MonitorId)
[2025-07-02 14:01:15 ERR] [Serilog.AspNetCore.RequestLoggingMiddleware File => (:)] [Message => HTTP GET /api/SystemMonitor/7a836663-e994-42e9-8a07-7883f98eb12b responded 500 in 18.3421 ms] [PID => 20231] 
[2025-07-02 14:02:12 ERR] [Microsoft.EntityFrameworkCore.Query File => (:)] [Message => An exception occurred while iterating over the results of a query for context type 'MS.API.Mini.Data.MonitorDBContext'.
System.InvalidCastException: Reading as 'System.Int32' is not supported for fields having DataTypeName 'character varying'
   at Npgsql.Internal.AdoSerializerHelpers.<GetTypeInfoForReading>g__ThrowReadingNotSupported|0_0(Type type, PgSerializerOptions options, PgTypeId pgTypeId, Exception inner)
   at Npgsql.Internal.AdoSerializerHelpers.GetTypeInfoForReading(Type type, PgTypeId pgTypeId, PgSerializerOptions options)
   at Npgsql.BackendMessages.FieldDescription.<GetInfoCore>g__GetInfoSlow|51_0(Type type, ColumnInfo& lastColumnInfo)
   at Npgsql.BackendMessages.FieldDescription.GetInfoCore(Type type, ColumnInfo& lastColumnInfo)
   at Npgsql.BackendMessages.FieldDescription.GetInfo(Type type, ColumnInfo& lastColumnInfo)
   at Npgsql.NpgsqlDataReader.<GetInfo>g__Slow|133_0(ColumnInfo& info, PgConverter& converter, Size& bufferRequirement, Boolean& asObject, <>c__DisplayClass133_0&)
   at Npgsql.NpgsqlDataReader.GetFieldValueCore[T](Int32 ordinal)
   at Npgsql.NpgsqlDataReader.GetInt32(Int32 ordinal)
   at lambda_method52(Closure, QueryContext, DbDataReader, ResultContext, SingleQueryResultCoordinator)
   at Microsoft.EntityFrameworkCore.Query.Internal.SingleQueryingEnumerable`1.AsyncEnumerator.MoveNextAsync()] [PID => 20231] 
System.InvalidCastException: Reading as 'System.Int32' is not supported for fields having DataTypeName 'character varying'
   at Npgsql.Internal.AdoSerializerHelpers.<GetTypeInfoForReading>g__ThrowReadingNotSupported|0_0(Type type, PgSerializerOptions options, PgTypeId pgTypeId, Exception inner)
   at Npgsql.Internal.AdoSerializerHelpers.GetTypeInfoForReading(Type type, PgTypeId pgTypeId, PgSerializerOptions options)
   at Npgsql.BackendMessages.FieldDescription.<GetInfoCore>g__GetInfoSlow|51_0(Type type, ColumnInfo& lastColumnInfo)
   at Npgsql.BackendMessages.FieldDescription.GetInfoCore(Type type, ColumnInfo& lastColumnInfo)
   at Npgsql.BackendMessages.FieldDescription.GetInfo(Type type, ColumnInfo& lastColumnInfo)
   at Npgsql.NpgsqlDataReader.<GetInfo>g__Slow|133_0(ColumnInfo& info, PgConverter& converter, Size& bufferRequirement, Boolean& asObject, <>c__DisplayClass133_0&)
   at Npgsql.NpgsqlDataReader.GetFieldValueCore[T](Int32 ordinal)
   at Npgsql.NpgsqlDataReader.GetInt32(Int32 ordinal)
   at lambda_method52(Closure, QueryContext, DbDataReader, ResultContext, SingleQueryResultCoordinator)
   at Microsoft.EntityFrameworkCore.Query.Internal.SingleQueryingEnumerable`1.AsyncEnumerator.MoveNextAsync()
[2025-07-02 14:02:12 ERR] [MS.API.Mini.Controllers.SystemMonitorController File => (:)] [Message => Error fetching system monitor with plugins (ID: "7a836663-e994-42e9-8a07-7883f98eb12b")] [PID => 20231] 
System.InvalidCastException: Reading as 'System.Int32' is not supported for fields having DataTypeName 'character varying'
   at Npgsql.Internal.AdoSerializerHelpers.<GetTypeInfoForReading>g__ThrowReadingNotSupported|0_0(Type type, PgSerializerOptions options, PgTypeId pgTypeId, Exception inner)
   at Npgsql.Internal.AdoSerializerHelpers.GetTypeInfoForReading(Type type, PgTypeId pgTypeId, PgSerializerOptions options)
   at Npgsql.BackendMessages.FieldDescription.<GetInfoCore>g__GetInfoSlow|51_0(Type type, ColumnInfo& lastColumnInfo)
   at Npgsql.BackendMessages.FieldDescription.GetInfoCore(Type type, ColumnInfo& lastColumnInfo)
   at Npgsql.BackendMessages.FieldDescription.GetInfo(Type type, ColumnInfo& lastColumnInfo)
   at Npgsql.NpgsqlDataReader.<GetInfo>g__Slow|133_0(ColumnInfo& info, PgConverter& converter, Size& bufferRequirement, Boolean& asObject, <>c__DisplayClass133_0&)
   at Npgsql.NpgsqlDataReader.GetFieldValueCore[T](Int32 ordinal)
   at Npgsql.NpgsqlDataReader.GetInt32(Int32 ordinal)
   at lambda_method52(Closure, QueryContext, DbDataReader, ResultContext, SingleQueryResultCoordinator)
   at Microsoft.EntityFrameworkCore.Query.Internal.SingleQueryingEnumerable`1.AsyncEnumerator.MoveNextAsync()
   at Microsoft.EntityFrameworkCore.EntityFrameworkQueryableExtensions.ToListAsync[TSource](IQueryable`1 source, CancellationToken cancellationToken)
   at Microsoft.EntityFrameworkCore.EntityFrameworkQueryableExtensions.ToListAsync[TSource](IQueryable`1 source, CancellationToken cancellationToken)
   at MS.API.Mini.Controllers.SystemMonitorController.GetMonitorById(Guid MonitorId)
[2025-07-02 14:02:12 ERR] [Serilog.AspNetCore.RequestLoggingMiddleware File => (:)] [Message => HTTP GET /api/SystemMonitor/7a836663-e994-42e9-8a07-7883f98eb12b responded 500 in 29.0527 ms] [PID => 20231] 
[2025-07-02 14:03:17 WRN] [Microsoft.AspNetCore.HttpsPolicy.HttpsRedirectionMiddleware File => (:)] [Message => Failed to determine the https port for redirect.] [PID => 25693] 
[2025-07-02 14:03:17 ERR] [Microsoft.EntityFrameworkCore.Query File => (:)] [Message => An exception occurred while iterating over the results of a query for context type 'MS.API.Mini.Data.MonitorDBContext'.
System.InvalidCastException: Reading as 'System.Int32' is not supported for fields having DataTypeName 'character varying'
   at Npgsql.Internal.AdoSerializerHelpers.<GetTypeInfoForReading>g__ThrowReadingNotSupported|0_0(Type type, PgSerializerOptions options, PgTypeId pgTypeId, Exception inner)
   at Npgsql.Internal.AdoSerializerHelpers.GetTypeInfoForReading(Type type, PgTypeId pgTypeId, PgSerializerOptions options)
   at Npgsql.BackendMessages.FieldDescription.<GetInfoCore>g__GetInfoSlow|51_0(Type type, ColumnInfo& lastColumnInfo)
   at Npgsql.BackendMessages.FieldDescription.GetInfoCore(Type type, ColumnInfo& lastColumnInfo)
   at Npgsql.BackendMessages.FieldDescription.GetInfo(Type type, ColumnInfo& lastColumnInfo)
   at Npgsql.NpgsqlDataReader.<GetInfo>g__Slow|133_0(ColumnInfo& info, PgConverter& converter, Size& bufferRequirement, Boolean& asObject, <>c__DisplayClass133_0&)
   at Npgsql.NpgsqlDataReader.GetFieldValueCore[T](Int32 ordinal)
   at Npgsql.NpgsqlDataReader.GetInt32(Int32 ordinal)
   at lambda_method52(Closure, QueryContext, DbDataReader, ResultContext, SingleQueryResultCoordinator)
   at Microsoft.EntityFrameworkCore.Query.Internal.SingleQueryingEnumerable`1.AsyncEnumerator.MoveNextAsync()] [PID => 25693] 
System.InvalidCastException: Reading as 'System.Int32' is not supported for fields having DataTypeName 'character varying'
   at Npgsql.Internal.AdoSerializerHelpers.<GetTypeInfoForReading>g__ThrowReadingNotSupported|0_0(Type type, PgSerializerOptions options, PgTypeId pgTypeId, Exception inner)
   at Npgsql.Internal.AdoSerializerHelpers.GetTypeInfoForReading(Type type, PgTypeId pgTypeId, PgSerializerOptions options)
   at Npgsql.BackendMessages.FieldDescription.<GetInfoCore>g__GetInfoSlow|51_0(Type type, ColumnInfo& lastColumnInfo)
   at Npgsql.BackendMessages.FieldDescription.GetInfoCore(Type type, ColumnInfo& lastColumnInfo)
   at Npgsql.BackendMessages.FieldDescription.GetInfo(Type type, ColumnInfo& lastColumnInfo)
   at Npgsql.NpgsqlDataReader.<GetInfo>g__Slow|133_0(ColumnInfo& info, PgConverter& converter, Size& bufferRequirement, Boolean& asObject, <>c__DisplayClass133_0&)
   at Npgsql.NpgsqlDataReader.GetFieldValueCore[T](Int32 ordinal)
   at Npgsql.NpgsqlDataReader.GetInt32(Int32 ordinal)
   at lambda_method52(Closure, QueryContext, DbDataReader, ResultContext, SingleQueryResultCoordinator)
   at Microsoft.EntityFrameworkCore.Query.Internal.SingleQueryingEnumerable`1.AsyncEnumerator.MoveNextAsync()
[2025-07-02 14:03:17 ERR] [MS.API.Mini.Controllers.SystemMonitorController File => (:)] [Message => Error fetching system monitor with plugins (ID: "7a836663-e994-42e9-8a07-7883f98eb12b")] [PID => 25693] 
System.InvalidCastException: Reading as 'System.Int32' is not supported for fields having DataTypeName 'character varying'
   at Npgsql.Internal.AdoSerializerHelpers.<GetTypeInfoForReading>g__ThrowReadingNotSupported|0_0(Type type, PgSerializerOptions options, PgTypeId pgTypeId, Exception inner)
   at Npgsql.Internal.AdoSerializerHelpers.GetTypeInfoForReading(Type type, PgTypeId pgTypeId, PgSerializerOptions options)
   at Npgsql.BackendMessages.FieldDescription.<GetInfoCore>g__GetInfoSlow|51_0(Type type, ColumnInfo& lastColumnInfo)
   at Npgsql.BackendMessages.FieldDescription.GetInfoCore(Type type, ColumnInfo& lastColumnInfo)
   at Npgsql.BackendMessages.FieldDescription.GetInfo(Type type, ColumnInfo& lastColumnInfo)
   at Npgsql.NpgsqlDataReader.<GetInfo>g__Slow|133_0(ColumnInfo& info, PgConverter& converter, Size& bufferRequirement, Boolean& asObject, <>c__DisplayClass133_0&)
   at Npgsql.NpgsqlDataReader.GetFieldValueCore[T](Int32 ordinal)
   at Npgsql.NpgsqlDataReader.GetInt32(Int32 ordinal)
   at lambda_method52(Closure, QueryContext, DbDataReader, ResultContext, SingleQueryResultCoordinator)
   at Microsoft.EntityFrameworkCore.Query.Internal.SingleQueryingEnumerable`1.AsyncEnumerator.MoveNextAsync()
   at Microsoft.EntityFrameworkCore.EntityFrameworkQueryableExtensions.ToListAsync[TSource](IQueryable`1 source, CancellationToken cancellationToken)
   at Microsoft.EntityFrameworkCore.EntityFrameworkQueryableExtensions.ToListAsync[TSource](IQueryable`1 source, CancellationToken cancellationToken)
   at MS.API.Mini.Controllers.SystemMonitorController.GetMonitorById(Guid MonitorId) in /Users/calebboluwade/Downloads/GROOVY/MS.API.Mini/MS.API.Mini/Controllers/SystemMonitorController.cs:line 36
[2025-07-02 14:03:17 ERR] [Serilog.AspNetCore.RequestLoggingMiddleware File => (:)] [Message => HTTP GET /api/SystemMonitor/7a836663-e994-42e9-8a07-7883f98eb12b responded 500 in 372.8053 ms] [PID => 25693] 
[2025-07-02 14:04:22 ERR] [Microsoft.EntityFrameworkCore.Query File => (:)] [Message => An exception occurred while iterating over the results of a query for context type 'MS.API.Mini.Data.MonitorDBContext'.
System.InvalidCastException: Reading as 'System.Int32' is not supported for fields having DataTypeName 'character varying'
   at Npgsql.Internal.AdoSerializerHelpers.<GetTypeInfoForReading>g__ThrowReadingNotSupported|0_0(Type type, PgSerializerOptions options, PgTypeId pgTypeId, Exception inner)
   at Npgsql.Internal.AdoSerializerHelpers.GetTypeInfoForReading(Type type, PgTypeId pgTypeId, PgSerializerOptions options)
   at Npgsql.BackendMessages.FieldDescription.<GetInfoCore>g__GetInfoSlow|51_0(Type type, ColumnInfo& lastColumnInfo)
   at Npgsql.BackendMessages.FieldDescription.GetInfoCore(Type type, ColumnInfo& lastColumnInfo)
   at Npgsql.BackendMessages.FieldDescription.GetInfo(Type type, ColumnInfo& lastColumnInfo)
   at Npgsql.NpgsqlDataReader.<GetInfo>g__Slow|133_0(ColumnInfo& info, PgConverter& converter, Size& bufferRequirement, Boolean& asObject, <>c__DisplayClass133_0&)
   at Npgsql.NpgsqlDataReader.GetFieldValueCore[T](Int32 ordinal)
   at Npgsql.NpgsqlDataReader.GetInt32(Int32 ordinal)
   at lambda_method52(Closure, QueryContext, DbDataReader, ResultContext, SingleQueryResultCoordinator)
   at Microsoft.EntityFrameworkCore.Query.Internal.SingleQueryingEnumerable`1.AsyncEnumerator.MoveNextAsync()] [PID => 25693] 
System.InvalidCastException: Reading as 'System.Int32' is not supported for fields having DataTypeName 'character varying'
   at Npgsql.Internal.AdoSerializerHelpers.<GetTypeInfoForReading>g__ThrowReadingNotSupported|0_0(Type type, PgSerializerOptions options, PgTypeId pgTypeId, Exception inner)
   at Npgsql.Internal.AdoSerializerHelpers.GetTypeInfoForReading(Type type, PgTypeId pgTypeId, PgSerializerOptions options)
   at Npgsql.BackendMessages.FieldDescription.<GetInfoCore>g__GetInfoSlow|51_0(Type type, ColumnInfo& lastColumnInfo)
   at Npgsql.BackendMessages.FieldDescription.GetInfoCore(Type type, ColumnInfo& lastColumnInfo)
   at Npgsql.BackendMessages.FieldDescription.GetInfo(Type type, ColumnInfo& lastColumnInfo)
   at Npgsql.NpgsqlDataReader.<GetInfo>g__Slow|133_0(ColumnInfo& info, PgConverter& converter, Size& bufferRequirement, Boolean& asObject, <>c__DisplayClass133_0&)
   at Npgsql.NpgsqlDataReader.GetFieldValueCore[T](Int32 ordinal)
   at Npgsql.NpgsqlDataReader.GetInt32(Int32 ordinal)
   at lambda_method52(Closure, QueryContext, DbDataReader, ResultContext, SingleQueryResultCoordinator)
   at Microsoft.EntityFrameworkCore.Query.Internal.SingleQueryingEnumerable`1.AsyncEnumerator.MoveNextAsync()
[2025-07-02 14:04:22 ERR] [MS.API.Mini.Controllers.SystemMonitorController File => (:)] [Message => Error fetching system monitor with plugins (ID: "7a836663-e994-42e9-8a07-7883f98eb12b")] [PID => 25693] 
System.InvalidCastException: Reading as 'System.Int32' is not supported for fields having DataTypeName 'character varying'
   at Npgsql.Internal.AdoSerializerHelpers.<GetTypeInfoForReading>g__ThrowReadingNotSupported|0_0(Type type, PgSerializerOptions options, PgTypeId pgTypeId, Exception inner)
   at Npgsql.Internal.AdoSerializerHelpers.GetTypeInfoForReading(Type type, PgTypeId pgTypeId, PgSerializerOptions options)
   at Npgsql.BackendMessages.FieldDescription.<GetInfoCore>g__GetInfoSlow|51_0(Type type, ColumnInfo& lastColumnInfo)
   at Npgsql.BackendMessages.FieldDescription.GetInfoCore(Type type, ColumnInfo& lastColumnInfo)
   at Npgsql.BackendMessages.FieldDescription.GetInfo(Type type, ColumnInfo& lastColumnInfo)
   at Npgsql.NpgsqlDataReader.<GetInfo>g__Slow|133_0(ColumnInfo& info, PgConverter& converter, Size& bufferRequirement, Boolean& asObject, <>c__DisplayClass133_0&)
   at Npgsql.NpgsqlDataReader.GetFieldValueCore[T](Int32 ordinal)
   at Npgsql.NpgsqlDataReader.GetInt32(Int32 ordinal)
   at lambda_method52(Closure, QueryContext, DbDataReader, ResultContext, SingleQueryResultCoordinator)
   at Microsoft.EntityFrameworkCore.Query.Internal.SingleQueryingEnumerable`1.AsyncEnumerator.MoveNextAsync()
   at Microsoft.EntityFrameworkCore.EntityFrameworkQueryableExtensions.ToListAsync[TSource](IQueryable`1 source, CancellationToken cancellationToken)
   at Microsoft.EntityFrameworkCore.EntityFrameworkQueryableExtensions.ToListAsync[TSource](IQueryable`1 source, CancellationToken cancellationToken)
   at MS.API.Mini.Controllers.SystemMonitorController.GetMonitorById(Guid MonitorId)
[2025-07-02 14:04:22 ERR] [Serilog.AspNetCore.RequestLoggingMiddleware File => (:)] [Message => HTTP GET /api/SystemMonitor/7a836663-e994-42e9-8a07-7883f98eb12b responded 500 in 119.3405 ms] [PID => 25693] 
[2025-07-02 14:05:01 WRN] [Microsoft.AspNetCore.HttpsPolicy.HttpsRedirectionMiddleware File => (:)] [Message => Failed to determine the https port for redirect.] [PID => 29914] 
[2025-07-02 14:05:01 INF] [Serilog.AspNetCore.RequestLoggingMiddleware File => (:)] [Message => HTTP GET /api/SystemMonitor/7a836663-e994-42e9-8a07-7883f98eb12b responded 200 in 465.3098 ms] [PID => 29914] 
[2025-07-02 14:08:11 WRN] [Microsoft.AspNetCore.HttpsPolicy.HttpsRedirectionMiddleware File => (:)] [Message => Failed to determine the https port for redirect.] [PID => 37341] 
[2025-07-02 14:08:12 INF] [Serilog.AspNetCore.RequestLoggingMiddleware File => (:)] [Message => HTTP GET /api/SystemMonitor/7a836663-e994-42e9-8a07-7883f98eb12b responded 200 in 410.1960 ms] [PID => 37341] 
[2025-07-02 14:10:33 WRN] [Microsoft.AspNetCore.HttpsPolicy.HttpsRedirectionMiddleware File => (:)] [Message => Failed to determine the https port for redirect.] [PID => 42895] 
[2025-07-02 14:10:34 INF] [Serilog.AspNetCore.RequestLoggingMiddleware File => (:)] [Message => HTTP GET /api/SystemMonitor/7a836663-e994-42e9-8a07-7883f98eb12b responded 200 in 398.8631 ms] [PID => 42895] 
[2025-07-02 14:16:35 INF] [Serilog.AspNetCore.RequestLoggingMiddleware File => (:)] [Message => HTTP GET /api/systemmonitor/7a836663-e994-42e9-8a07-7883f98eb12b responded 200 in 208.7659 ms] [PID => 42895] 
[2025-07-02 14:31:15 INF] [Serilog.AspNetCore.RequestLoggingMiddleware File => (:)] [Message => HTTP GET /api/systemmonitor/7a836663-e994-42e9-8a07-7883f98eb12b responded 200 in 130.9701 ms] [PID => 42895] 
[2025-07-02 14:56:07 INF] [Serilog.AspNetCore.RequestLoggingMiddleware File => (:)] [Message => HTTP GET /api/systemmonitor/7a836663-e994-42e9-8a07-7883f98eb12b responded 200 in 92.1820 ms] [PID => 42895] 
[2025-07-02 14:56:09 INF] [Serilog.AspNetCore.RequestLoggingMiddleware File => (:)] [Message => HTTP GET /api/systemmonitor/7a836663-e994-42e9-8a07-7883f98eb12b responded 200 in 6.7345 ms] [PID => 42895] 
[2025-07-02 15:04:45 INF] [Serilog.AspNetCore.RequestLoggingMiddleware File => (:)] [Message => HTTP GET /api/systemmonitor/7a836663-e994-42e9-8a07-7883f98eb12b responded 200 in 67.1498 ms] [PID => 42895] 
[2025-07-02 15:04:45 INF] [Serilog.AspNetCore.RequestLoggingMiddleware File => (:)] [Message => HTTP GET /api/systemmonitor/7a836663-e994-42e9-8a07-7883f98eb12b responded 200 in 10.3928 ms] [PID => 42895] 
[2025-07-02 15:04:46 INF] [Serilog.AspNetCore.RequestLoggingMiddleware File => (:)] [Message => HTTP GET /api/systemmonitor/7a836663-e994-42e9-8a07-7883f98eb12b responded 200 in 5.6783 ms] [PID => 42895] 
[2025-07-02 15:05:20 INF] [Serilog.AspNetCore.RequestLoggingMiddleware File => (:)] [Message => HTTP GET /api/systemmonitor/7a836663-e994-42e9-8a07-7883f98eb12b responded 200 in 15.3920 ms] [PID => 42895] 
[2025-07-02 15:05:27 INF] [Serilog.AspNetCore.RequestLoggingMiddleware File => (:)] [Message => HTTP GET /api/systemmonitor/7a836663-e994-42e9-8a07-7883f98eb12b responded 200 in 19.4903 ms] [PID => 42895] 
[2025-07-02 15:05:39 INF] [Serilog.AspNetCore.RequestLoggingMiddleware File => (:)] [Message => HTTP GET /api/systemmonitor/7a836663-e994-42e9-8a07-7883f98eb12b responded 200 in 17.3164 ms] [PID => 42895] 
[2025-07-02 15:05:50 INF] [Serilog.AspNetCore.RequestLoggingMiddleware File => (:)] [Message => HTTP GET /api/systemmonitor/7a836663-e994-42e9-8a07-7883f98eb12b responded 200 in 19.8520 ms] [PID => 42895] 
[2025-07-02 15:06:26 INF] [Serilog.AspNetCore.RequestLoggingMiddleware File => (:)] [Message => HTTP GET /api/systemmonitor/7a836663-e994-42e9-8a07-7883f98eb12b responded 200 in 17.8678 ms] [PID => 42895] 
[2025-07-02 15:06:45 INF] [Serilog.AspNetCore.RequestLoggingMiddleware File => (:)] [Message => HTTP GET /api/systemmonitor/7a836663-e994-42e9-8a07-7883f98eb12b responded 200 in 18.0020 ms] [PID => 42895] 
[2025-07-02 15:06:57 INF] [Serilog.AspNetCore.RequestLoggingMiddleware File => (:)] [Message => HTTP GET /api/systemmonitor/7a836663-e994-42e9-8a07-7883f98eb12b responded 200 in 17.6450 ms] [PID => 42895] 
[2025-07-02 15:07:07 INF] [Serilog.AspNetCore.RequestLoggingMiddleware File => (:)] [Message => HTTP GET /api/systemmonitor/7a836663-e994-42e9-8a07-7883f98eb12b responded 200 in 45.4048 ms] [PID => 42895] 
[2025-07-02 15:08:33 INF] [Serilog.AspNetCore.RequestLoggingMiddleware File => (:)] [Message => HTTP GET /api/systemmonitor/7a836663-e994-42e9-8a07-7883f98eb12b responded 200 in 17.2036 ms] [PID => 42895] 
[2025-07-02 15:09:14 INF] [Serilog.AspNetCore.RequestLoggingMiddleware File => (:)] [Message => HTTP GET /api/systemmonitor/7a836663-e994-42e9-8a07-7883f98eb12b responded 200 in 16.7402 ms] [PID => 42895] 
[2025-07-02 15:09:31 INF] [Serilog.AspNetCore.RequestLoggingMiddleware File => (:)] [Message => HTTP GET /api/systemmonitor/7a836663-e994-42e9-8a07-7883f98eb12b responded 200 in 14.6468 ms] [PID => 42895] 
[2025-07-02 15:09:52 INF] [Serilog.AspNetCore.RequestLoggingMiddleware File => (:)] [Message => HTTP GET /api/systemmonitor/7a836663-e994-42e9-8a07-7883f98eb12b responded 200 in 33.3919 ms] [PID => 42895] 
[2025-07-02 15:10:33 INF] [Serilog.AspNetCore.RequestLoggingMiddleware File => (:)] [Message => HTTP GET /api/systemmonitor/7a836663-e994-42e9-8a07-7883f98eb12b responded 200 in 31.7891 ms] [PID => 42895] 
[2025-07-02 15:12:18 INF] [Serilog.AspNetCore.RequestLoggingMiddleware File => (:)] [Message => HTTP GET /api/systemmonitor/7a836663-e994-42e9-8a07-7883f98eb12b responded 200 in 25.1817 ms] [PID => 42895] 
[2025-07-02 15:12:18 INF] [Serilog.AspNetCore.RequestLoggingMiddleware File => (:)] [Message => HTTP GET /api/systemmonitor/7a836663-e994-42e9-8a07-7883f98eb12b responded 200 in 53.1542 ms] [PID => 42895] 
[2025-07-02 17:28:25 INF] [Serilog.AspNetCore.RequestLoggingMiddleware File => (:)] [Message => HTTP GET /api/systemmonitor/7a836663-e994-42e9-8a07-7883f98eb12b responded 200 in 191.9134 ms] [PID => 42895] 
[2025-07-02 17:31:06 INF] [Serilog.AspNetCore.RequestLoggingMiddleware File => (:)] [Message => HTTP GET /MonitorResults/7a836663-e994-42e9-8a07-7883f98eb12b responded 200 in 220.8798 ms] [PID => 42895] 
[2025-07-02 17:48:44 WRN] [Microsoft.AspNetCore.HttpsPolicy.HttpsRedirectionMiddleware File => (:)] [Message => Failed to determine the https port for redirect.] [PID => 50774] 
[2025-07-02 17:48:44 INF] [Serilog.AspNetCore.RequestLoggingMiddleware File => (:)] [Message => HTTP GET /api/v1/MonitorResults/7a836663-e994-42e9-8a07-7883f98eb12b responded 200 in 254.7136 ms] [PID => 50774] 
[2025-07-02 17:56:01 INF] [Serilog.AspNetCore.RequestLoggingMiddleware File => (:)] [Message => HTTP GET /api/api/v1/MonitorResults/7a836663-e994-42e9-8a07-7883f98eb12b responded 404 in 0.4172 ms] [PID => 50774] 
[2025-07-02 17:56:01 INF] [Serilog.AspNetCore.RequestLoggingMiddleware File => (:)] [Message => HTTP GET /api/systemmonitor/7a836663-e994-42e9-8a07-7883f98eb12b responded 200 in 331.7023 ms] [PID => 50774] 
[2025-07-02 17:56:22 INF] [Serilog.AspNetCore.RequestLoggingMiddleware File => (:)] [Message => HTTP GET /api/api/v1/MonitorResults/7a836663-e994-42e9-8a07-7883f98eb12b responded 404 in 0.6898 ms] [PID => 50774] 
[2025-07-02 17:56:22 INF] [Serilog.AspNetCore.RequestLoggingMiddleware File => (:)] [Message => HTTP GET /api/systemmonitor/7a836663-e994-42e9-8a07-7883f98eb12b responded 200 in 150.5895 ms] [PID => 50774] 
[2025-07-02 17:57:06 INF] [Serilog.AspNetCore.RequestLoggingMiddleware File => (:)] [Message => HTTP GET /api/systemmonitor/7a836663-e994-42e9-8a07-7883f98eb12b responded 200 in 40.7757 ms] [PID => 50774] 
[2025-07-02 17:57:06 INF] [Serilog.AspNetCore.RequestLoggingMiddleware File => (:)] [Message => HTTP GET /api/v1/MonitorResults/7a836663-e994-42e9-8a07-7883f98eb12b responded 200 in 80.5717 ms] [PID => 50774] 
[2025-07-02 18:03:17 INF] [Serilog.AspNetCore.RequestLoggingMiddleware File => (:)] [Message => HTTP GET /api/v1/MonitorResults/7a836663-e994-42e9-8a07-7883f98eb12b responded 200 in 51.4847 ms] [PID => 50774] 
[2025-07-02 18:03:17 INF] [Serilog.AspNetCore.RequestLoggingMiddleware File => (:)] [Message => HTTP GET /api/systemmonitor/7a836663-e994-42e9-8a07-7883f98eb12b responded 200 in 55.7634 ms] [PID => 50774] 
[2025-07-02 18:15:40 INF] [Serilog.AspNetCore.RequestLoggingMiddleware File => (:)] [Message => HTTP GET /api/v1/MonitorResults/7a836663-e994-42e9-8a07-7883f98eb12b responded 200 in 157.0045 ms] [PID => 50774] 
[2025-07-02 18:15:40 INF] [Serilog.AspNetCore.RequestLoggingMiddleware File => (:)] [Message => HTTP GET /api/systemmonitor/7a836663-e994-42e9-8a07-7883f98eb12b responded 200 in 167.0243 ms] [PID => 50774] 
[2025-07-02 18:25:28 INF] [Serilog.AspNetCore.RequestLoggingMiddleware File => (:)] [Message => HTTP GET /api/systemmonitor/7a836663-e994-42e9-8a07-7883f98eb12b responded 200 in 58.2527 ms] [PID => 50774] 
[2025-07-02 18:25:28 INF] [Serilog.AspNetCore.RequestLoggingMiddleware File => (:)] [Message => HTTP GET /api/v1/MonitorResults/7a836663-e994-42e9-8a07-7883f98eb12b responded 200 in 58.7717 ms] [PID => 50774] 
[2025-07-02 18:41:05 INF] [Serilog.AspNetCore.RequestLoggingMiddleware File => (:)] [Message => HTTP GET /api/v1/MonitorResults/7a836663-e994-42e9-8a07-7883f98eb12b responded 200 in 69.1358 ms] [PID => 50774] 
[2025-07-02 18:41:05 INF] [Serilog.AspNetCore.RequestLoggingMiddleware File => (:)] [Message => HTTP GET /api/systemmonitor/7a836663-e994-42e9-8a07-7883f98eb12b responded 200 in 71.7603 ms] [PID => 50774] 
[2025-07-02 18:41:38 INF] [Serilog.AspNetCore.RequestLoggingMiddleware File => (:)] [Message => HTTP GET /api/v1/MonitorResults/7a836663-e994-42e9-8a07-7883f98eb12b responded 200 in 23.3945 ms] [PID => 50774] 
[2025-07-02 18:41:38 INF] [Serilog.AspNetCore.RequestLoggingMiddleware File => (:)] [Message => HTTP GET /api/systemmonitor/7a836663-e994-42e9-8a07-7883f98eb12b responded 200 in 25.1434 ms] [PID => 50774] 
[2025-07-02 19:15:12 INF] [Serilog.AspNetCore.RequestLoggingMiddleware File => (:)] [Message => HTTP GET /api/v1/MonitorResults/7a836663-e994-42e9-8a07-7883f98eb12b responded 200 in 100.0085 ms] [PID => 50774] 
[2025-07-02 19:15:12 INF] [Serilog.AspNetCore.RequestLoggingMiddleware File => (:)] [Message => HTTP GET /api/systemmonitor/7a836663-e994-42e9-8a07-7883f98eb12b responded 200 in 105.3240 ms] [PID => 50774] 
[2025-07-02 19:15:45 INF] [Serilog.AspNetCore.RequestLoggingMiddleware File => (:)] [Message => HTTP GET /api/v1/MonitorResults/7a836663-e994-42e9-8a07-7883f98eb12b responded 200 in 17.9719 ms] [PID => 50774] 
[2025-07-02 19:15:45 INF] [Serilog.AspNetCore.RequestLoggingMiddleware File => (:)] [Message => HTTP GET /api/systemmonitor/7a836663-e994-42e9-8a07-7883f98eb12b responded 200 in 24.3959 ms] [PID => 50774] 
[2025-07-02 19:23:04 INF] [Serilog.AspNetCore.RequestLoggingMiddleware File => (:)] [Message => HTTP GET /api/systemmonitor/7a836663-e994-42e9-8a07-7883f98eb12b responded 200 in 48.1716 ms] [PID => 50774] 
[2025-07-02 19:23:04 INF] [Serilog.AspNetCore.RequestLoggingMiddleware File => (:)] [Message => HTTP GET /api/systemmonitor/7a836663-e994-42e9-8a07-7883f98eb12b responded 200 in 6.9108 ms] [PID => 50774] 
[2025-07-02 19:23:34 INF] [Serilog.AspNetCore.RequestLoggingMiddleware File => (:)] [Message => HTTP GET /api/systemmonitor/7a836663-e994-42e9-8a07-7883f98eb12b responded 200 in 33.4387 ms] [PID => 50774] 
[2025-07-02 19:23:34 INF] [Serilog.AspNetCore.RequestLoggingMiddleware File => (:)] [Message => HTTP GET /api/systemmonitor/7a836663-e994-42e9-8a07-7883f98eb12b responded 200 in 3.5539 ms] [PID => 50774] 
[2025-07-02 19:24:15 INF] [Serilog.AspNetCore.RequestLoggingMiddleware File => (:)] [Message => HTTP GET /api/systemmonitor/undefined responded 404 in 0.2466 ms] [PID => 50774] 
[2025-07-02 19:28:05 INF] [Serilog.AspNetCore.RequestLoggingMiddleware File => (:)] [Message => HTTP GET /api/systemmonitor responded 200 in 186.8903 ms] [PID => 50774] 
[2025-07-02 19:30:05 INF] [Serilog.AspNetCore.RequestLoggingMiddleware File => (:)] [Message => HTTP GET /api/systemmonitor responded 200 in 39.1372 ms] [PID => 50774] 
[2025-07-02 19:30:26 INF] [Serilog.AspNetCore.RequestLoggingMiddleware File => (:)] [Message => HTTP GET /api/systemmonitor/7a836663-e994-42e9-8a07-7883f98eb12b responded 200 in 36.0410 ms] [PID => 50774] 
[2025-07-02 19:30:26 INF] [Serilog.AspNetCore.RequestLoggingMiddleware File => (:)] [Message => HTTP GET /api/v1/MonitorResults/7a836663-e994-42e9-8a07-7883f98eb12b responded 200 in 49.5648 ms] [PID => 50774] 
