[2025-07-09 10:48:45 INF] [Serilog.AspNetCore.RequestLoggingMiddleware File => (:)] [Message => HTTP GET /api/systemmonitor/d08c9612-6bdd-4f39-9c70-15216cb08fc1 responded 200 in 809.9710 ms] [PID => 65550] 
[2025-07-09 10:48:45 INF] [Serilog.AspNetCore.RequestLoggingMiddleware File => (:)] [Message => HTTP GET /api/systemmonitor responded 200 in 812.2886 ms] [PID => 65550] 
[2025-07-09 10:48:45 INF] [Serilog.AspNetCore.RequestLoggingMiddleware File => (:)] [Message => HTTP GET /api/v1/MonitorResults/d08c9612-6bdd-4f39-9c70-15216cb08fc1 responded 200 in 876.0487 ms] [PID => 65550] 
[2025-07-09 10:48:48 INF] [Serilog.AspNetCore.RequestLoggingMiddleware File => (:)] [Message => HTTP GET /api/systemmonitor responded 200 in 30.4535 ms] [PID => 65550] 
[2025-07-09 10:48:49 INF] [Serilog.AspNetCore.RequestLoggingMiddleware File => (:)] [Message => HTTP GET /api/systemmonitor responded 200 in 299.6425 ms] [PID => 65550] 
[2025-07-09 11:02:35 WRN] [Microsoft.AspNetCore.StaticFiles.StaticFileMiddleware File => (:)] [Message => The WebRootPath was not found: /Users/calebboluwade/Downloads/GROOVY/MS.API.Mini/MS.API.Mini/wwwroot. Static files may be unavailable.] [PID => 15562] 
[2025-07-09 14:42:55 INF] [Serilog.AspNetCore.RequestLoggingMiddleware File => (:)] [Message => HTTP GET /api/systemmonitor responded 200 in 511.7005 ms] [PID => 15562] 
[2025-07-09 14:42:55 INF] [Serilog.AspNetCore.RequestLoggingMiddleware File => (:)] [Message => HTTP GET /api/systemmonitor responded 200 in 50.3640 ms] [PID => 15562] 
[2025-07-09 14:43:01 INF] [Serilog.AspNetCore.RequestLoggingMiddleware File => (:)] [Message => HTTP GET /api/systemmonitor/7a836663-e994-42e9-8a07-7883f98eb12b responded 200 in 169.2501 ms] [PID => 15562] 
[2025-07-09 14:43:01 INF] [Serilog.AspNetCore.RequestLoggingMiddleware File => (:)] [Message => HTTP GET /api/systemmonitor/7a836663-e994-42e9-8a07-7883f98eb12b responded 200 in 8.5668 ms] [PID => 15562] 
[2025-07-09 14:43:01 INF] [Serilog.AspNetCore.RequestLoggingMiddleware File => (:)] [Message => HTTP GET /api/v1/MonitorResults/7a836663-e994-42e9-8a07-7883f98eb12b responded 200 in 234.1516 ms] [PID => 15562] 
[2025-07-09 14:43:01 INF] [Serilog.AspNetCore.RequestLoggingMiddleware File => (:)] [Message => HTTP GET /api/v1/MonitorResults/7a836663-e994-42e9-8a07-7883f98eb12b responded 200 in 5.8665 ms] [PID => 15562] 
[2025-07-09 14:57:35 INF] [Serilog.AspNetCore.RequestLoggingMiddleware File => (:)] [Message => HTTP GET /api/systemmonitor/7a836663-e994-42e9-8a07-7883f98eb12b responded 200 in 99.0616 ms] [PID => 15562] 
[2025-07-09 14:57:35 INF] [Serilog.AspNetCore.RequestLoggingMiddleware File => (:)] [Message => HTTP GET /api/systemmonitor responded 200 in 99.0617 ms] [PID => 15562] 
[2025-07-09 14:57:35 INF] [Serilog.AspNetCore.RequestLoggingMiddleware File => (:)] [Message => HTTP GET /api/v1/MonitorResults/7a836663-e994-42e9-8a07-7883f98eb12b responded 200 in 117.9196 ms] [PID => 15562] 
[2025-07-09 15:14:24 INF] [Serilog.AspNetCore.RequestLoggingMiddleware File => (:)] [Message => HTTP GET /api/systemmonitor responded 200 in 85.3321 ms] [PID => 15562] 
[2025-07-09 15:14:24 INF] [Serilog.AspNetCore.RequestLoggingMiddleware File => (:)] [Message => HTTP GET /api/systemmonitor/7a836663-e994-42e9-8a07-7883f98eb12b responded 200 in 85.3510 ms] [PID => 15562] 
[2025-07-09 15:14:24 INF] [Serilog.AspNetCore.RequestLoggingMiddleware File => (:)] [Message => HTTP GET /api/v1/MonitorResults/7a836663-e994-42e9-8a07-7883f98eb12b responded 200 in 155.8241 ms] [PID => 15562] 
[2025-07-09 15:15:37 INF] [Serilog.AspNetCore.RequestLoggingMiddleware File => (:)] [Message => HTTP GET /api/v1/MonitorResults/7a836663-e994-42e9-8a07-7883f98eb12b responded 200 in 25.8260 ms] [PID => 15562] 
[2025-07-09 15:20:09 INF] [Serilog.AspNetCore.RequestLoggingMiddleware File => (:)] [Message => HTTP GET /api/systemmonitor/13f773bb-fc38-4cea-a377-fb571570ceda responded 200 in 94.9979 ms] [PID => 15562] 
[2025-07-09 15:20:09 INF] [Serilog.AspNetCore.RequestLoggingMiddleware File => (:)] [Message => HTTP GET /api/v1/MonitorResults/13f773bb-fc38-4cea-a377-fb571570ceda responded 200 in 98.9767 ms] [PID => 15562] 
[2025-07-09 15:20:09 INF] [Serilog.AspNetCore.RequestLoggingMiddleware File => (:)] [Message => HTTP GET /api/systemmonitor/13f773bb-fc38-4cea-a377-fb571570ceda responded 200 in 9.8688 ms] [PID => 15562] 
[2025-07-09 15:20:09 INF] [Serilog.AspNetCore.RequestLoggingMiddleware File => (:)] [Message => HTTP GET /api/v1/MonitorResults/13f773bb-fc38-4cea-a377-fb571570ceda responded 200 in 14.6906 ms] [PID => 15562] 
[2025-07-09 15:21:09 INF] [Serilog.AspNetCore.RequestLoggingMiddleware File => (:)] [Message => HTTP GET /api/systemmonitor responded 200 in 13.0467 ms] [PID => 15562] 
[2025-07-09 15:21:09 INF] [Serilog.AspNetCore.RequestLoggingMiddleware File => (:)] [Message => HTTP GET /api/v1/MonitorResults/13f773bb-fc38-4cea-a377-fb571570ceda responded 200 in 17.0034 ms] [PID => 15562] 
[2025-07-09 15:21:09 INF] [Serilog.AspNetCore.RequestLoggingMiddleware File => (:)] [Message => HTTP GET /api/systemmonitor/13f773bb-fc38-4cea-a377-fb571570ceda responded 200 in 49.0928 ms] [PID => 15562] 
[2025-07-09 23:12:49 INF] [Serilog.AspNetCore.RequestLoggingMiddleware File => (:)] [Message => HTTP GET /api/systemmonitor/7a836663-e994-42e9-8a07-7883f98eb12b responded 200 in 137.1591 ms] [PID => 15562] 
[2025-07-09 23:12:49 INF] [Serilog.AspNetCore.RequestLoggingMiddleware File => (:)] [Message => HTTP GET /api/systemmonitor responded 200 in 137.2724 ms] [PID => 15562] 
[2025-07-09 23:12:49 INF] [Serilog.AspNetCore.RequestLoggingMiddleware File => (:)] [Message => HTTP GET /api/v1/MonitorResults/7a836663-e994-42e9-8a07-7883f98eb12b responded 200 in 142.9231 ms] [PID => 15562] 
[2025-07-09 23:13:08 INF] [Serilog.AspNetCore.RequestLoggingMiddleware File => (:)] [Message => HTTP GET /api/systemmonitor responded 200 in 21.3586 ms] [PID => 15562] 
[2025-07-09 23:13:08 INF] [Serilog.AspNetCore.RequestLoggingMiddleware File => (:)] [Message => HTTP GET /api/systemmonitor responded 200 in 5.9532 ms] [PID => 15562] 
[2025-07-09 23:13:33 INF] [Serilog.AspNetCore.RequestLoggingMiddleware File => (:)] [Message => HTTP GET /api/v1/Plugins responded 200 in 38.4405 ms] [PID => 15562] 
[2025-07-09 23:13:33 INF] [Serilog.AspNetCore.RequestLoggingMiddleware File => (:)] [Message => HTTP GET /api/v1/Plugins responded 200 in 5.8097 ms] [PID => 15562] 
[2025-07-09 23:21:06 WRN] [Microsoft.AspNetCore.StaticFiles.StaticFileMiddleware File => (:)] [Message => The WebRootPath was not found: /Users/calebboluwade/Downloads/GROOVY/MS.API.Mini/MS.API.Mini/wwwroot. Static files may be unavailable.] [PID => 54647] 
[2025-07-09 23:24:49 INF] [Serilog.AspNetCore.RequestLoggingMiddleware File => (:)] [Message => HTTP POST /api/systemmonitor responded 201 in 379.6128 ms] [PID => 54647] 
[2025-07-09 23:24:49 INF] [Serilog.AspNetCore.RequestLoggingMiddleware File => (:)] [Message => HTTP GET /api/systemmonitor responded 200 in 80.0858 ms] [PID => 54647] 
[2025-07-09 23:25:11 INF] [Serilog.AspNetCore.RequestLoggingMiddleware File => (:)] [Message => HTTP GET /api/v1/Plugins responded 200 in 44.3565 ms] [PID => 54647] 
[2025-07-09 23:25:11 INF] [Serilog.AspNetCore.RequestLoggingMiddleware File => (:)] [Message => HTTP GET /api/v1/Plugins responded 200 in 3.3163 ms] [PID => 54647] 
[2025-07-09 23:25:29 INF] [Serilog.AspNetCore.RequestLoggingMiddleware File => (:)] [Message => HTTP GET /api/v1/Plugins responded 200 in 8.4182 ms] [PID => 54647] 
[2025-07-09 23:25:29 INF] [Serilog.AspNetCore.RequestLoggingMiddleware File => (:)] [Message => HTTP GET /api/v1/Plugins responded 200 in 6.2675 ms] [PID => 54647] 
[2025-07-09 23:27:39 INF] [Serilog.AspNetCore.RequestLoggingMiddleware File => (:)] [Message => HTTP POST /api/systemmonitor responded 400 in 42.9950 ms] [PID => 54647] 
[2025-07-09 23:27:53 INF] [Serilog.AspNetCore.RequestLoggingMiddleware File => (:)] [Message => HTTP POST /api/systemmonitor responded 400 in 6.5570 ms] [PID => 54647] 
[2025-07-09 23:28:11 INF] [Serilog.AspNetCore.RequestLoggingMiddleware File => (:)] [Message => HTTP POST /api/systemmonitor responded 201 in 50.6891 ms] [PID => 54647] 
[2025-07-09 23:28:11 INF] [Serilog.AspNetCore.RequestLoggingMiddleware File => (:)] [Message => HTTP GET /api/systemmonitor responded 200 in 5.6103 ms] [PID => 54647] 
[2025-07-09 23:29:14 INF] [Serilog.AspNetCore.RequestLoggingMiddleware File => (:)] [Message => HTTP GET /api/systemmonitor/2846c21a-9c39-4387-8a72-1fdd9b8992c1 responded 200 in 82.5969 ms] [PID => 54647] 
[2025-07-09 23:29:14 INF] [Serilog.AspNetCore.RequestLoggingMiddleware File => (:)] [Message => HTTP GET /api/systemmonitor/2846c21a-9c39-4387-8a72-1fdd9b8992c1 responded 200 in 5.5132 ms] [PID => 54647] 
[2025-07-09 23:29:14 INF] [Serilog.AspNetCore.RequestLoggingMiddleware File => (:)] [Message => HTTP GET /api/v1/MonitorResults/2846c21a-9c39-4387-8a72-1fdd9b8992c1 responded 200 in 134.6726 ms] [PID => 54647] 
[2025-07-09 23:29:14 INF] [Serilog.AspNetCore.RequestLoggingMiddleware File => (:)] [Message => HTTP GET /api/v1/MonitorResults/2846c21a-9c39-4387-8a72-1fdd9b8992c1 responded 200 in 8.0175 ms] [PID => 54647] 
[2025-07-09 23:29:17 INF] [Serilog.AspNetCore.RequestLoggingMiddleware File => (:)] [Message => HTTP GET /api/v1/Plugins responded 200 in 2.4515 ms] [PID => 54647] 
[2025-07-09 23:29:17 INF] [Serilog.AspNetCore.RequestLoggingMiddleware File => (:)] [Message => HTTP GET /api/v1/Plugins responded 200 in 2.9640 ms] [PID => 54647] 
[2025-07-09 23:29:17 INF] [Serilog.AspNetCore.RequestLoggingMiddleware File => (:)] [Message => HTTP GET /api/systemmonitor/2846c21a-9c39-4387-8a72-1fdd9b8992c1 responded 200 in 26.2519 ms] [PID => 54647] 
[2025-07-09 23:29:17 INF] [Serilog.AspNetCore.RequestLoggingMiddleware File => (:)] [Message => HTTP GET /api/systemmonitor/2846c21a-9c39-4387-8a72-1fdd9b8992c1 responded 200 in 3.9235 ms] [PID => 54647] 
[2025-07-09 23:29:31 ERR] [Microsoft.AspNetCore.Diagnostics.DeveloperExceptionPageMiddleware File => (:)] [Message => An unhandled exception has occurred while executing the request.] [PID => 54647] 
Microsoft.AspNetCore.Routing.Matching.AmbiguousMatchException: The request matched multiple endpoints. Matches: 

MS.API.Mini.Controllers.SystemMonitorController.Update (MS.API.Mini)
MS.API.Mini.Controllers.SystemMonitorController.UpdateServicePluginConfiguration (MS.API.Mini)
   at Microsoft.AspNetCore.Routing.Matching.DefaultEndpointSelector.ReportAmbiguity(Span`1 candidateState)
   at Microsoft.AspNetCore.Routing.Matching.DefaultEndpointSelector.ProcessFinalCandidates(HttpContext httpContext, Span`1 candidateState)
   at Microsoft.AspNetCore.Routing.Matching.DefaultEndpointSelector.Select(HttpContext httpContext, Span`1 candidateState)
   at Microsoft.AspNetCore.Routing.Matching.DefaultEndpointSelector.SelectAsync(HttpContext httpContext, CandidateSet candidateSet)
   at Microsoft.AspNetCore.Routing.Matching.DfaMatcher.SelectEndpointWithPoliciesAsync(HttpContext httpContext, IEndpointSelectorPolicy[] policies, CandidateSet candidateSet)
   at Microsoft.AspNetCore.Routing.EndpointRoutingMiddleware.<Invoke>g__AwaitMatch|10_1(EndpointRoutingMiddleware middleware, HttpContext httpContext, Task matchTask)
   at Microsoft.AspNetCore.Diagnostics.DeveloperExceptionPageMiddlewareImpl.Invoke(HttpContext context)
[2025-07-09 23:30:21 ERR] [Microsoft.AspNetCore.Diagnostics.DeveloperExceptionPageMiddleware File => (:)] [Message => An unhandled exception has occurred while executing the request.] [PID => 54647] 
Microsoft.AspNetCore.Routing.Matching.AmbiguousMatchException: The request matched multiple endpoints. Matches: 

MS.API.Mini.Controllers.SystemMonitorController.Update (MS.API.Mini)
MS.API.Mini.Controllers.SystemMonitorController.UpdateServicePluginConfiguration (MS.API.Mini)
   at Microsoft.AspNetCore.Routing.Matching.DefaultEndpointSelector.ReportAmbiguity(Span`1 candidateState)
   at Microsoft.AspNetCore.Routing.Matching.DefaultEndpointSelector.ProcessFinalCandidates(HttpContext httpContext, Span`1 candidateState)
   at Microsoft.AspNetCore.Routing.Matching.DefaultEndpointSelector.Select(HttpContext httpContext, Span`1 candidateState)
   at Microsoft.AspNetCore.Routing.Matching.DefaultEndpointSelector.SelectAsync(HttpContext httpContext, CandidateSet candidateSet)
   at Microsoft.AspNetCore.Routing.Matching.DfaMatcher.SelectEndpointWithPoliciesAsync(HttpContext httpContext, IEndpointSelectorPolicy[] policies, CandidateSet candidateSet)
   at Microsoft.AspNetCore.Routing.EndpointRoutingMiddleware.<Invoke>g__AwaitMatch|10_1(EndpointRoutingMiddleware middleware, HttpContext httpContext, Task matchTask)
   at Microsoft.AspNetCore.Diagnostics.DeveloperExceptionPageMiddlewareImpl.Invoke(HttpContext context)
[2025-07-09 23:32:22 INF] [Serilog.AspNetCore.RequestLoggingMiddleware File => (:)] [Message => HTTP PUT /api/systemmonitor/2846c21a-9c39-4387-8a72-1fdd9b8992c1 responded 204 in 92.2968 ms] [PID => 54647] 
[2025-07-09 23:32:22 INF] [Serilog.AspNetCore.RequestLoggingMiddleware File => (:)] [Message => HTTP GET /api/v1/Plugins responded 200 in 12.7902 ms] [PID => 54647] 
[2025-07-09 23:32:30 INF] [Serilog.AspNetCore.RequestLoggingMiddleware File => (:)] [Message => HTTP GET /api/v1/Plugins responded 200 in 3.4045 ms] [PID => 54647] 
[2025-07-09 23:32:30 INF] [Serilog.AspNetCore.RequestLoggingMiddleware File => (:)] [Message => HTTP GET /api/v1/Plugins responded 200 in 3.4462 ms] [PID => 54647] 
[2025-07-09 23:32:30 INF] [Serilog.AspNetCore.RequestLoggingMiddleware File => (:)] [Message => HTTP GET /api/systemmonitor/2846c21a-9c39-4387-8a72-1fdd9b8992c1 responded 200 in 11.7975 ms] [PID => 54647] 
[2025-07-09 23:32:30 INF] [Serilog.AspNetCore.RequestLoggingMiddleware File => (:)] [Message => HTTP GET /api/systemmonitor/2846c21a-9c39-4387-8a72-1fdd9b8992c1 responded 200 in 11.7974 ms] [PID => 54647] 
[2025-07-09 23:32:43 INF] [Serilog.AspNetCore.RequestLoggingMiddleware File => (:)] [Message => HTTP GET /api/systemmonitor responded 200 in 24.4071 ms] [PID => 54647] 
[2025-07-09 23:32:43 INF] [Serilog.AspNetCore.RequestLoggingMiddleware File => (:)] [Message => HTTP GET /api/systemmonitor responded 200 in 24.4137 ms] [PID => 54647] 
[2025-07-09 23:32:52 INF] [Serilog.AspNetCore.RequestLoggingMiddleware File => (:)] [Message => HTTP GET /api/systemmonitor responded 200 in 14.4484 ms] [PID => 54647] 
[2025-07-09 23:32:52 INF] [Serilog.AspNetCore.RequestLoggingMiddleware File => (:)] [Message => HTTP GET /api/systemmonitor responded 200 in 8.4118 ms] [PID => 54647] 
[2025-07-09 23:33:06 INF] [Serilog.AspNetCore.RequestLoggingMiddleware File => (:)] [Message => HTTP GET /api/systemmonitor/cc71fbdb-d4f4-42d5-8fcf-c211ddb63951 responded 200 in 9.4779 ms] [PID => 54647] 
[2025-07-09 23:33:06 INF] [Serilog.AspNetCore.RequestLoggingMiddleware File => (:)] [Message => HTTP GET /api/systemmonitor/cc71fbdb-d4f4-42d5-8fcf-c211ddb63951 responded 200 in 3.8526 ms] [PID => 54647] 
[2025-07-09 23:33:06 INF] [Serilog.AspNetCore.RequestLoggingMiddleware File => (:)] [Message => HTTP GET /api/v1/MonitorResults/cc71fbdb-d4f4-42d5-8fcf-c211ddb63951 responded 200 in 16.8443 ms] [PID => 54647] 
[2025-07-09 23:33:06 INF] [Serilog.AspNetCore.RequestLoggingMiddleware File => (:)] [Message => HTTP GET /api/v1/MonitorResults/cc71fbdb-d4f4-42d5-8fcf-c211ddb63951 responded 200 in 11.7534 ms] [PID => 54647] 
[2025-07-09 23:33:12 INF] [Serilog.AspNetCore.RequestLoggingMiddleware File => (:)] [Message => HTTP GET /api/v1/Plugins responded 200 in 21.7022 ms] [PID => 54647] 
[2025-07-09 23:33:12 INF] [Serilog.AspNetCore.RequestLoggingMiddleware File => (:)] [Message => HTTP GET /api/systemmonitor/cc71fbdb-d4f4-42d5-8fcf-c211ddb63951 responded 200 in 21.5077 ms] [PID => 54647] 
[2025-07-09 23:33:12 INF] [Serilog.AspNetCore.RequestLoggingMiddleware File => (:)] [Message => HTTP GET /api/v1/Plugins responded 200 in 2.9798 ms] [PID => 54647] 
[2025-07-09 23:33:12 INF] [Serilog.AspNetCore.RequestLoggingMiddleware File => (:)] [Message => HTTP GET /api/systemmonitor/cc71fbdb-d4f4-42d5-8fcf-c211ddb63951 responded 200 in 3.0297 ms] [PID => 54647] 
[2025-07-09 23:33:23 INF] [Serilog.AspNetCore.RequestLoggingMiddleware File => (:)] [Message => HTTP PUT /api/systemmonitor/cc71fbdb-d4f4-42d5-8fcf-c211ddb63951 responded 204 in 23.6190 ms] [PID => 54647] 
[2025-07-09 23:33:23 INF] [Serilog.AspNetCore.RequestLoggingMiddleware File => (:)] [Message => HTTP GET /api/v1/Plugins responded 200 in 8.6902 ms] [PID => 54647] 
[2025-07-09 23:33:29 INF] [Serilog.AspNetCore.RequestLoggingMiddleware File => (:)] [Message => HTTP GET /api/systemmonitor responded 200 in 5.1443 ms] [PID => 54647] 
[2025-07-09 23:33:29 INF] [Serilog.AspNetCore.RequestLoggingMiddleware File => (:)] [Message => HTTP GET /api/systemmonitor responded 200 in 3.9586 ms] [PID => 54647] 
[2025-07-09 23:33:55 INF] [Serilog.AspNetCore.RequestLoggingMiddleware File => (:)] [Message => HTTP GET /api/v1/Plugins responded 200 in 12.2448 ms] [PID => 54647] 
[2025-07-09 23:33:55 INF] [Serilog.AspNetCore.RequestLoggingMiddleware File => (:)] [Message => HTTP GET /api/v1/Plugins responded 200 in 6.7164 ms] [PID => 54647] 
[2025-07-09 23:34:17 INF] [Serilog.AspNetCore.RequestLoggingMiddleware File => (:)] [Message => HTTP GET /api/v1/Plugins responded 200 in 24.5307 ms] [PID => 54647] 
[2025-07-09 23:34:17 INF] [Serilog.AspNetCore.RequestLoggingMiddleware File => (:)] [Message => HTTP GET /api/v1/Plugins responded 200 in 4.0272 ms] [PID => 54647] 
[2025-07-09 23:35:09 INF] [Serilog.AspNetCore.RequestLoggingMiddleware File => (:)] [Message => HTTP POST /api/systemmonitor responded 201 in 27.4320 ms] [PID => 54647] 
[2025-07-09 23:35:09 INF] [Serilog.AspNetCore.RequestLoggingMiddleware File => (:)] [Message => HTTP GET /api/systemmonitor responded 200 in 20.6480 ms] [PID => 54647] 
[2025-07-09 23:35:31 INF] [Serilog.AspNetCore.RequestLoggingMiddleware File => (:)] [Message => HTTP GET /api/v1/Plugins responded 200 in 16.7496 ms] [PID => 54647] 
[2025-07-09 23:35:31 INF] [Serilog.AspNetCore.RequestLoggingMiddleware File => (:)] [Message => HTTP GET /api/v1/Plugins responded 200 in 5.2492 ms] [PID => 54647] 
[2025-07-09 23:36:21 INF] [Serilog.AspNetCore.RequestLoggingMiddleware File => (:)] [Message => HTTP POST /api/systemmonitor responded 201 in 22.5220 ms] [PID => 54647] 
[2025-07-09 23:36:21 INF] [Serilog.AspNetCore.RequestLoggingMiddleware File => (:)] [Message => HTTP GET /api/systemmonitor responded 200 in 19.7155 ms] [PID => 54647] 
[2025-07-09 23:37:20 INF] [Serilog.AspNetCore.RequestLoggingMiddleware File => (:)] [Message => HTTP GET /api/systemmonitor/966803b1-921c-41e5-8683-603b87619736 responded 200 in 30.4383 ms] [PID => 54647] 
[2025-07-09 23:37:20 INF] [Serilog.AspNetCore.RequestLoggingMiddleware File => (:)] [Message => HTTP GET /api/systemmonitor/966803b1-921c-41e5-8683-603b87619736 responded 200 in 4.1551 ms] [PID => 54647] 
[2025-07-09 23:37:20 INF] [Serilog.AspNetCore.RequestLoggingMiddleware File => (:)] [Message => HTTP GET /api/v1/MonitorResults/966803b1-921c-41e5-8683-603b87619736 responded 200 in 36.5316 ms] [PID => 54647] 
[2025-07-09 23:37:20 INF] [Serilog.AspNetCore.RequestLoggingMiddleware File => (:)] [Message => HTTP GET /api/v1/MonitorResults/966803b1-921c-41e5-8683-603b87619736 responded 200 in 9.1864 ms] [PID => 54647] 
[2025-07-09 23:37:22 INF] [Serilog.AspNetCore.RequestLoggingMiddleware File => (:)] [Message => HTTP GET /api/v1/Plugins responded 200 in 11.7148 ms] [PID => 54647] 
[2025-07-09 23:37:22 INF] [Serilog.AspNetCore.RequestLoggingMiddleware File => (:)] [Message => HTTP GET /api/systemmonitor/966803b1-921c-41e5-8683-603b87619736 responded 200 in 18.1437 ms] [PID => 54647] 
[2025-07-09 23:37:22 INF] [Serilog.AspNetCore.RequestLoggingMiddleware File => (:)] [Message => HTTP GET /api/systemmonitor/966803b1-921c-41e5-8683-603b87619736 responded 200 in 4.2446 ms] [PID => 54647] 
[2025-07-09 23:37:22 INF] [Serilog.AspNetCore.RequestLoggingMiddleware File => (:)] [Message => HTTP GET /api/v1/Plugins responded 200 in 5.3163 ms] [PID => 54647] 
[2025-07-09 23:37:36 INF] [Serilog.AspNetCore.RequestLoggingMiddleware File => (:)] [Message => HTTP PUT /api/systemmonitor/966803b1-921c-41e5-8683-603b87619736 responded 204 in 36.1990 ms] [PID => 54647] 
[2025-07-09 23:37:36 INF] [Serilog.AspNetCore.RequestLoggingMiddleware File => (:)] [Message => HTTP GET /api/v1/Plugins responded 200 in 5.8000 ms] [PID => 54647] 
[2025-07-09 23:38:16 INF] [Serilog.AspNetCore.RequestLoggingMiddleware File => (:)] [Message => HTTP GET /api/systemmonitor responded 200 in 66.5324 ms] [PID => 54647] 
[2025-07-09 23:38:16 INF] [Serilog.AspNetCore.RequestLoggingMiddleware File => (:)] [Message => HTTP GET /api/systemmonitor responded 200 in 2.3368 ms] [PID => 54647] 
[2025-07-09 23:38:25 INF] [Serilog.AspNetCore.RequestLoggingMiddleware File => (:)] [Message => HTTP GET /api/systemmonitor responded 200 in 9.9049 ms] [PID => 54647] 
[2025-07-09 23:38:25 INF] [Serilog.AspNetCore.RequestLoggingMiddleware File => (:)] [Message => HTTP GET /api/systemmonitor/7a836663-e994-42e9-8a07-7883f98eb12b responded 200 in 120.5402 ms] [PID => 54647] 
[2025-07-09 23:38:25 INF] [Serilog.AspNetCore.RequestLoggingMiddleware File => (:)] [Message => HTTP GET /api/v1/MonitorResults/7a836663-e994-42e9-8a07-7883f98eb12b responded 200 in 123.1279 ms] [PID => 54647] 
[2025-07-09 23:38:26 INF] [Serilog.AspNetCore.RequestLoggingMiddleware File => (:)] [Message => HTTP GET /api/systemmonitor/7a836663-e994-42e9-8a07-7883f98eb12b responded 200 in 8.0308 ms] [PID => 54647] 
[2025-07-09 23:38:26 INF] [Serilog.AspNetCore.RequestLoggingMiddleware File => (:)] [Message => HTTP GET /api/v1/MonitorResults/7a836663-e994-42e9-8a07-7883f98eb12b responded 200 in 13.3201 ms] [PID => 54647] 
[2025-07-09 23:38:27 INF] [Serilog.AspNetCore.RequestLoggingMiddleware File => (:)] [Message => HTTP GET /api/systemmonitor responded 200 in 4.9052 ms] [PID => 54647] 
[2025-07-09 23:38:27 INF] [Serilog.AspNetCore.RequestLoggingMiddleware File => (:)] [Message => HTTP GET /api/systemmonitor responded 200 in 2.3741 ms] [PID => 54647] 
[2025-07-09 23:43:00 INF] [Serilog.AspNetCore.RequestLoggingMiddleware File => (:)] [Message => HTTP GET /api/v1/Plugins responded 200 in 37.1128 ms] [PID => 54647] 
[2025-07-09 23:43:00 INF] [Serilog.AspNetCore.RequestLoggingMiddleware File => (:)] [Message => HTTP GET /api/v1/Plugins responded 200 in 7.3994 ms] [PID => 54647] 
