[2025-07-07 09:56:05 WRN] [Microsoft.AspNetCore.StaticFiles.StaticFileMiddleware File => (:)] [Message => The WebRootPath was not found: /Users/calebboluwade/Downloads/GROOVY/MS.API.Mini/MS.API.Mini/wwwroot. Static files may be unavailable.] [PID => 73047] 
[2025-07-07 09:56:40 INF] [Serilog.AspNetCore.RequestLoggingMiddleware File => (:)] [Message => HTTP GET /api/systemmonitor/7a836663-e994-42e9-8a07-7883f98eb12b responded 200 in 340.6629 ms] [PID => 73047] 
[2025-07-07 09:56:40 INF] [Serilog.AspNetCore.RequestLoggingMiddleware File => (:)] [Message => HTTP GET /api/v1/MonitorResults/7a836663-e994-42e9-8a07-7883f98eb12b responded 200 in 354.0153 ms] [PID => 73047] 
[2025-07-07 09:58:20 INF] [Serilog.AspNetCore.RequestLoggingMiddleware File => (:)] [Message => HTTP GET /api/systemmonitor/d08c9612-6bdd-4f39-9c70-15216cb08fc1 responded 200 in 85.4575 ms] [PID => 73047] 
[2025-07-07 09:58:20 INF] [Serilog.AspNetCore.RequestLoggingMiddleware File => (:)] [Message => HTTP GET /api/v1/MonitorResults/d08c9612-6bdd-4f39-9c70-15216cb08fc1 responded 200 in 88.0505 ms] [PID => 73047] 
[2025-07-07 10:57:14 INF] [Serilog.AspNetCore.RequestLoggingMiddleware File => (:)] [Message => HTTP GET /api/systemmonitor responded 200 in 229.7461 ms] [PID => 73047] 
[2025-07-07 10:57:14 INF] [Serilog.AspNetCore.RequestLoggingMiddleware File => (:)] [Message => HTTP GET /api/systemmonitor responded 200 in 1.8936 ms] [PID => 73047] 
[2025-07-07 10:57:17 INF] [Serilog.AspNetCore.RequestLoggingMiddleware File => (:)] [Message => HTTP GET /api/v1/Plugins responded 200 in 14.2074 ms] [PID => 73047] 
[2025-07-07 10:57:17 INF] [Serilog.AspNetCore.RequestLoggingMiddleware File => (:)] [Message => HTTP GET /api/v1/Plugins responded 200 in 3.5189 ms] [PID => 73047] 
[2025-07-07 12:01:44 INF] [Serilog.AspNetCore.RequestLoggingMiddleware File => (:)] [Message => HTTP GET /api/systemmonitor responded 200 in 164.7093 ms] [PID => 73047] 
[2025-07-07 12:01:46 INF] [Serilog.AspNetCore.RequestLoggingMiddleware File => (:)] [Message => HTTP GET /api/v1/Plugins responded 200 in 17.9092 ms] [PID => 73047] 
[2025-07-07 12:01:46 INF] [Serilog.AspNetCore.RequestLoggingMiddleware File => (:)] [Message => HTTP GET /api/v1/Plugins responded 200 in 5.5800 ms] [PID => 73047] 
[2025-07-07 12:02:59 INF] [Serilog.AspNetCore.RequestLoggingMiddleware File => (:)] [Message => HTTP GET /api/systemmonitor responded 200 in 117.1624 ms] [PID => 73047] 
[2025-07-07 12:03:07 INF] [Serilog.AspNetCore.RequestLoggingMiddleware File => (:)] [Message => HTTP GET /api/v1/Plugins responded 200 in 21.3201 ms] [PID => 73047] 
[2025-07-07 12:03:07 INF] [Serilog.AspNetCore.RequestLoggingMiddleware File => (:)] [Message => HTTP GET /api/v1/Plugins responded 200 in 3.3002 ms] [PID => 73047] 
[2025-07-07 12:07:38 INF] [Serilog.AspNetCore.RequestLoggingMiddleware File => (:)] [Message => HTTP GET /api/systemmonitor responded 200 in 54.0973 ms] [PID => 73047] 
[2025-07-07 12:07:40 INF] [Serilog.AspNetCore.RequestLoggingMiddleware File => (:)] [Message => HTTP GET /api/v1/Plugins responded 200 in 10.6224 ms] [PID => 73047] 
[2025-07-07 12:07:40 INF] [Serilog.AspNetCore.RequestLoggingMiddleware File => (:)] [Message => HTTP GET /api/v1/Plugins responded 200 in 3.2553 ms] [PID => 73047] 
[2025-07-07 12:08:34 INF] [Serilog.AspNetCore.RequestLoggingMiddleware File => (:)] [Message => HTTP GET /api/systemmonitor responded 200 in 21.0846 ms] [PID => 73047] 
[2025-07-07 12:08:35 INF] [Serilog.AspNetCore.RequestLoggingMiddleware File => (:)] [Message => HTTP GET /api/systemmonitor responded 200 in 3.6391 ms] [PID => 73047] 
[2025-07-07 12:09:08 INF] [Serilog.AspNetCore.RequestLoggingMiddleware File => (:)] [Message => HTTP GET /api/systemmonitor responded 200 in 32.2106 ms] [PID => 73047] 
[2025-07-07 12:10:00 INF] [Serilog.AspNetCore.RequestLoggingMiddleware File => (:)] [Message => HTTP GET /api/v1/Plugins responded 200 in 13.2283 ms] [PID => 73047] 
[2025-07-07 12:10:00 INF] [Serilog.AspNetCore.RequestLoggingMiddleware File => (:)] [Message => HTTP GET /api/v1/Plugins responded 200 in 3.9630 ms] [PID => 73047] 
[2025-07-07 12:10:31 INF] [Serilog.AspNetCore.RequestLoggingMiddleware File => (:)] [Message => HTTP GET /api/systemmonitor responded 200 in 16.0030 ms] [PID => 73047] 
[2025-07-07 12:10:34 INF] [Serilog.AspNetCore.RequestLoggingMiddleware File => (:)] [Message => HTTP GET /api/v1/Plugins responded 200 in 11.2729 ms] [PID => 73047] 
[2025-07-07 12:10:34 INF] [Serilog.AspNetCore.RequestLoggingMiddleware File => (:)] [Message => HTTP GET /api/v1/Plugins responded 200 in 4.8362 ms] [PID => 73047] 
[2025-07-07 12:11:38 INF] [Serilog.AspNetCore.RequestLoggingMiddleware File => (:)] [Message => HTTP GET /api/systemmonitor responded 200 in 40.4090 ms] [PID => 73047] 
[2025-07-07 12:11:46 INF] [Serilog.AspNetCore.RequestLoggingMiddleware File => (:)] [Message => HTTP GET /api/v1/Plugins responded 200 in 20.8397 ms] [PID => 73047] 
[2025-07-07 12:11:46 INF] [Serilog.AspNetCore.RequestLoggingMiddleware File => (:)] [Message => HTTP GET /api/v1/Plugins responded 200 in 9.2319 ms] [PID => 73047] 
[2025-07-07 12:12:09 INF] [Serilog.AspNetCore.RequestLoggingMiddleware File => (:)] [Message => HTTP GET /api/v1/Plugins responded 200 in 11.5285 ms] [PID => 73047] 
[2025-07-07 12:12:09 INF] [Serilog.AspNetCore.RequestLoggingMiddleware File => (:)] [Message => HTTP GET /api/v1/Plugins responded 200 in 2.4455 ms] [PID => 73047] 
[2025-07-07 12:12:09 INF] [Serilog.AspNetCore.RequestLoggingMiddleware File => (:)] [Message => HTTP GET /api/systemmonitor responded 200 in 31.8483 ms] [PID => 73047] 
[2025-07-07 12:12:09 INF] [Serilog.AspNetCore.RequestLoggingMiddleware File => (:)] [Message => HTTP GET /api/systemmonitor responded 200 in 4.0682 ms] [PID => 73047] 
[2025-07-07 12:12:59 INF] [Serilog.AspNetCore.RequestLoggingMiddleware File => (:)] [Message => HTTP GET /api/systemmonitor responded 200 in 14.8067 ms] [PID => 73047] 
[2025-07-07 12:13:03 INF] [Serilog.AspNetCore.RequestLoggingMiddleware File => (:)] [Message => HTTP GET /api/v1/Plugins responded 200 in 3.5282 ms] [PID => 73047] 
[2025-07-07 12:13:03 INF] [Serilog.AspNetCore.RequestLoggingMiddleware File => (:)] [Message => HTTP GET /api/v1/Plugins responded 200 in 22.6412 ms] [PID => 73047] 
[2025-07-07 13:01:05 INF] [Serilog.AspNetCore.RequestLoggingMiddleware File => (:)] [Message => HTTP GET /api/systemmonitor responded 200 in 59.8374 ms] [PID => 73047] 
[2025-07-07 13:01:08 INF] [Serilog.AspNetCore.RequestLoggingMiddleware File => (:)] [Message => HTTP GET /api/v1/Plugins responded 200 in 7.2619 ms] [PID => 73047] 
[2025-07-07 13:01:08 INF] [Serilog.AspNetCore.RequestLoggingMiddleware File => (:)] [Message => HTTP GET /api/v1/Plugins responded 200 in 16.8121 ms] [PID => 73047] 
[2025-07-07 13:06:03 INF] [Serilog.AspNetCore.RequestLoggingMiddleware File => (:)] [Message => HTTP GET /api/systemmonitor responded 200 in 19.0749 ms] [PID => 73047] 
[2025-07-07 13:06:04 INF] [Serilog.AspNetCore.RequestLoggingMiddleware File => (:)] [Message => HTTP GET /api/v1/Plugins responded 200 in 7.7923 ms] [PID => 73047] 
[2025-07-07 13:06:04 INF] [Serilog.AspNetCore.RequestLoggingMiddleware File => (:)] [Message => HTTP GET /api/v1/Plugins responded 200 in 7.7923 ms] [PID => 73047] 
[2025-07-07 13:10:02 INF] [Serilog.AspNetCore.RequestLoggingMiddleware File => (:)] [Message => HTTP GET /api/systemmonitor responded 200 in 68.7712 ms] [PID => 73047] 
[2025-07-07 13:10:03 INF] [Serilog.AspNetCore.RequestLoggingMiddleware File => (:)] [Message => HTTP GET /api/systemmonitor responded 200 in 5.6735 ms] [PID => 73047] 
[2025-07-07 13:11:31 INF] [Serilog.AspNetCore.RequestLoggingMiddleware File => (:)] [Message => HTTP GET /api/v1/Plugins responded 200 in 19.8595 ms] [PID => 73047] 
[2025-07-07 13:11:31 INF] [Serilog.AspNetCore.RequestLoggingMiddleware File => (:)] [Message => HTTP GET /api/v1/Plugins responded 200 in 62.0588 ms] [PID => 73047] 
[2025-07-07 14:45:40 INF] [Serilog.AspNetCore.RequestLoggingMiddleware File => (:)] [Message => HTTP GET /api/systemmonitor/device-114 responded 404 in 6.4115 ms] [PID => 73047] 
[2025-07-07 14:45:40 INF] [Serilog.AspNetCore.RequestLoggingMiddleware File => (:)] [Message => HTTP GET /api/v1/MonitorResults/device-114 responded 404 in 6.1672 ms] [PID => 73047] 
[2025-07-07 14:58:56 INF] [Serilog.AspNetCore.RequestLoggingMiddleware File => (:)] [Message => HTTP GET /api/systemmonitor/7a836663-e994-42e9-8a07-7883f98eb12b responded 200 in 123.3863 ms] [PID => 73047] 
[2025-07-07 14:58:56 INF] [Serilog.AspNetCore.RequestLoggingMiddleware File => (:)] [Message => HTTP GET /api/v1/MonitorResults/7a836663-e994-42e9-8a07-7883f98eb12b responded 200 in 145.3763 ms] [PID => 73047] 
