[2025-07-12 11:06:32 WRN] [Microsoft.AspNetCore.StaticFiles.StaticFileMiddleware File => (:)] [Message => The WebRootPath was not found: /Users/calebboluwade/Downloads/GROOVY/MS.API.Mini/MS.API.Mini/wwwroot. Static files may be unavailable.] [PID => 47888] 
[2025-07-12 11:07:08 ERR] [MS.API.Mini.Controllers.UsersController File => (:)] [Message => Error fetching AD users] [PID => 47888] 
Microsoft.Graph.Models.ODataErrors.ODataError: Insufficient privileges to complete the operation.
   at Microsoft.Kiota.Http.HttpClientLibrary.HttpClientRequestAdapter.ThrowIfFailedResponseAsync(HttpResponseMessage response, Dictionary`2 errorMapping, Activity activityForAttributes, CancellationToken cancellationToken)
   at Microsoft.Kiota.Http.HttpClientLibrary.HttpClientRequestAdapter.SendAsync[ModelType](RequestInformation requestInfo, ParsableFactory`1 factory, Dictionary`2 errorMapping, CancellationToken cancellationToken)
   at Microsoft.Kiota.Http.HttpClientLibrary.HttpClientRequestAdapter.SendAsync[ModelType](RequestInformation requestInfo, ParsableFactory`1 factory, Dictionary`2 errorMapping, CancellationToken cancellationToken)
   at Microsoft.Graph.Users.UsersRequestBuilder.GetAsync(Action`1 requestConfiguration, CancellationToken cancellationToken)
   at MS.API.Mini.Services.ActiveDirectoryService.GetActiveDirectoryUsersAsync(Int32 page, Int32 pageSize, String searchTerm, Boolean includeDisabled) in /Users/calebboluwade/Downloads/GROOVY/MS.API.Mini/MS.API.Mini/Services/ADService.cs:line 32
   at MS.API.Mini.Controllers.UsersController.GetUsers(Int32 page, Int32 pageSize, String searchTerm, Boolean includeDisabled) in /Users/calebboluwade/Downloads/GROOVY/MS.API.Mini/MS.API.Mini/Controllers/UsersController.cs:line 24
[2025-07-12 11:07:08 ERR] [Serilog.AspNetCore.RequestLoggingMiddleware File => (:)] [Message => HTTP GET /api/v1/Users responded 500 in 4561.2148 ms] [PID => 47888] 
[2025-07-12 11:18:06 WRN] [Microsoft.AspNetCore.StaticFiles.StaticFileMiddleware File => (:)] [Message => The WebRootPath was not found: /Users/calebboluwade/Downloads/GROOVY/MS.API.Mini/MS.API.Mini/wwwroot. Static files may be unavailable.] [PID => 75561] 
[2025-07-12 11:18:25 ERR] [MS.API.Mini.Controllers.UsersController File => (:)] [Message => Error fetching AD users] [PID => 75561] 
Microsoft.Graph.Models.ODataErrors.ODataError: Insufficient privileges to complete the operation.
   at Microsoft.Kiota.Http.HttpClientLibrary.HttpClientRequestAdapter.ThrowIfFailedResponseAsync(HttpResponseMessage response, Dictionary`2 errorMapping, Activity activityForAttributes, CancellationToken cancellationToken)
   at Microsoft.Kiota.Http.HttpClientLibrary.HttpClientRequestAdapter.SendAsync[ModelType](RequestInformation requestInfo, ParsableFactory`1 factory, Dictionary`2 errorMapping, CancellationToken cancellationToken)
   at Microsoft.Kiota.Http.HttpClientLibrary.HttpClientRequestAdapter.SendAsync[ModelType](RequestInformation requestInfo, ParsableFactory`1 factory, Dictionary`2 errorMapping, CancellationToken cancellationToken)
   at Microsoft.Graph.Users.UsersRequestBuilder.GetAsync(Action`1 requestConfiguration, CancellationToken cancellationToken)
   at MS.API.Mini.Services.ActiveDirectoryService.GetActiveDirectoryUsersAsync(Int32 page, Int32 pageSize, String searchTerm, Boolean includeDisabled) in /Users/calebboluwade/Downloads/GROOVY/MS.API.Mini/MS.API.Mini/Services/ADService.cs:line 32
   at MS.API.Mini.Controllers.UsersController.GetUsers(Int32 page, Int32 pageSize, String searchTerm, Boolean includeDisabled) in /Users/calebboluwade/Downloads/GROOVY/MS.API.Mini/MS.API.Mini/Controllers/UsersController.cs:line 24
[2025-07-12 11:18:25 ERR] [Serilog.AspNetCore.RequestLoggingMiddleware File => (:)] [Message => HTTP GET /api/v1/Users responded 500 in 2899.1355 ms] [PID => 75561] 
[2025-07-12 11:26:26 WRN] [Microsoft.AspNetCore.StaticFiles.StaticFileMiddleware File => (:)] [Message => The WebRootPath was not found: /Users/calebboluwade/Downloads/GROOVY/MS.API.Mini/MS.API.Mini/wwwroot. Static files may be unavailable.] [PID => 95569] 
[2025-07-12 11:26:41 ERR] [MS.API.Mini.Controllers.UsersController File => (:)] [Message => Error fetching AD users] [PID => 95569] 
Microsoft.Graph.Models.ODataErrors.ODataError: Insufficient privileges to complete the operation.
   at Microsoft.Kiota.Http.HttpClientLibrary.HttpClientRequestAdapter.ThrowIfFailedResponseAsync(HttpResponseMessage response, Dictionary`2 errorMapping, Activity activityForAttributes, CancellationToken cancellationToken)
   at Microsoft.Kiota.Http.HttpClientLibrary.HttpClientRequestAdapter.SendAsync[ModelType](RequestInformation requestInfo, ParsableFactory`1 factory, Dictionary`2 errorMapping, CancellationToken cancellationToken)
   at Microsoft.Kiota.Http.HttpClientLibrary.HttpClientRequestAdapter.SendAsync[ModelType](RequestInformation requestInfo, ParsableFactory`1 factory, Dictionary`2 errorMapping, CancellationToken cancellationToken)
   at Microsoft.Graph.Users.UsersRequestBuilder.GetAsync(Action`1 requestConfiguration, CancellationToken cancellationToken)
   at MS.API.Mini.Services.ActiveDirectoryService.GetActiveDirectoryUsersAsync(Int32 page, Int32 pageSize, String searchTerm, Boolean includeDisabled) in /Users/calebboluwade/Downloads/GROOVY/MS.API.Mini/MS.API.Mini/Services/ADService.cs:line 32
   at MS.API.Mini.Controllers.UsersController.GetUsers(Int32 page, Int32 pageSize, String searchTerm, Boolean includeDisabled) in /Users/calebboluwade/Downloads/GROOVY/MS.API.Mini/MS.API.Mini/Controllers/UsersController.cs:line 24
[2025-07-12 11:26:41 ERR] [Serilog.AspNetCore.RequestLoggingMiddleware File => (:)] [Message => HTTP GET /api/v1/Users responded 500 in 2345.8561 ms] [PID => 95569] 
[2025-07-12 11:29:15 WRN] [Microsoft.AspNetCore.StaticFiles.StaticFileMiddleware File => (:)] [Message => The WebRootPath was not found: /Users/calebboluwade/Downloads/GROOVY/MS.API.Mini/MS.API.Mini/wwwroot. Static files may be unavailable.] [PID => 2714] 
[2025-07-12 11:30:00 WRN] [Microsoft.AspNetCore.StaticFiles.StaticFileMiddleware File => (:)] [Message => The WebRootPath was not found: /Users/calebboluwade/Downloads/GROOVY/MS.API.Mini/MS.API.Mini/wwwroot. Static files may be unavailable.] [PID => 4478] 
[2025-07-12 11:30:10 ERR] [MS.API.Mini.Controllers.UsersController File => (:)] [Message => Error fetching AD users] [PID => 4478] 
Azure.Identity.AuthenticationFailedException: ClientSecretCredential authentication failed: AADSTS1002012: The provided value for scope api://d45f9483-25a0-46f9-9ee4-0ffe7f2020da/user.read openid email profile  offline_access is not valid. Client credential flows must have a scope value with /.default suffixed to the resource identifier (application ID URI). Trace ID: 0d3ceb24-78b4-4cac-844f-062738415500 Correlation ID: 14803d5d-7bc4-4810-8e49-dbea27621e50 Timestamp: 2025-07-12 10:30:10Z
 ---> MSAL.NetCore.4.56.0.0.MsalServiceException: 
	ErrorCode: invalid_scope
Microsoft.Identity.Client.MsalServiceException: AADSTS1002012: The provided value for scope api://d45f9483-25a0-46f9-9ee4-0ffe7f2020da/user.read openid email profile  offline_access is not valid. Client credential flows must have a scope value with /.default suffixed to the resource identifier (application ID URI). Trace ID: 0d3ceb24-78b4-4cac-844f-062738415500 Correlation ID: 14803d5d-7bc4-4810-8e49-dbea27621e50 Timestamp: 2025-07-12 10:30:10Z
   at Microsoft.Identity.Client.OAuth2.OAuth2Client.ThrowServerException(HttpResponse response, RequestContext requestContext)
   at Microsoft.Identity.Client.OAuth2.OAuth2Client.CreateResponse[T](HttpResponse response, RequestContext requestContext)
   at Microsoft.Identity.Client.OAuth2.OAuth2Client.ExecuteRequestAsync[T](Uri endPoint, HttpMethod method, RequestContext requestContext, Boolean expectErrorsOn200OK, Boolean addCommonHeaders, Func`2 onBeforePostRequestData)
   at Microsoft.Identity.Client.OAuth2.OAuth2Client.GetTokenAsync(Uri endPoint, RequestContext requestContext, Boolean addCommonHeaders, Func`2 onBeforePostRequestHandler)
   at Microsoft.Identity.Client.OAuth2.TokenClient.SendHttpAndClearTelemetryAsync(String tokenEndpoint, ILoggerAdapter logger)
   at Microsoft.Identity.Client.OAuth2.TokenClient.SendHttpAndClearTelemetryAsync(String tokenEndpoint, ILoggerAdapter logger)
   at Microsoft.Identity.Client.OAuth2.TokenClient.SendTokenRequestAsync(IDictionary`2 additionalBodyParameters, String scopeOverride, String tokenEndpointOverride, CancellationToken cancellationToken)
   at Microsoft.Identity.Client.Internal.Requests.RequestBase.SendTokenRequestAsync(IDictionary`2 additionalBodyParameters, CancellationToken cancellationToken)
   at Microsoft.Identity.Client.Internal.Requests.ClientCredentialRequest.GetAccessTokenAsync(CancellationToken cancellationToken, ILoggerAdapter logger)
   at Microsoft.Identity.Client.Internal.Requests.ClientCredentialRequest.ExecuteAsync(CancellationToken cancellationToken)
   at Microsoft.Identity.Client.Internal.Requests.RequestBase.RunAsync(CancellationToken cancellationToken)
   at Microsoft.Identity.Client.ApiConfig.Executors.ConfidentialClientExecutor.ExecuteAsync(AcquireTokenCommonParameters commonParameters, AcquireTokenForClientParameters clientParameters, CancellationToken cancellationToken)
   at Azure.Identity.AbstractAcquireTokenParameterBuilderExtensions.ExecuteAsync[T](AbstractAcquireTokenParameterBuilder`1 builder, Boolean async, CancellationToken cancellationToken)
   at Azure.Identity.MsalConfidentialClient.AcquireTokenForClientCoreAsync(String[] scopes, String tenantId, Boolean enableCae, Boolean async, CancellationToken cancellationToken)
   at Azure.Identity.MsalConfidentialClient.AcquireTokenForClientAsync(String[] scopes, String tenantId, Boolean enableCae, Boolean async, CancellationToken cancellationToken)
   at Azure.Identity.ClientSecretCredential.GetTokenAsync(TokenRequestContext requestContext, CancellationToken cancellationToken)
	StatusCode: 400 
	ResponseBody: {"error":"invalid_scope","error_description":"AADSTS1002012: The provided value for scope api://d45f9483-25a0-46f9-9ee4-0ffe7f2020da/user.read openid email profile  offline_access is not valid. Client credential flows must have a scope value with /.default suffixed to the resource identifier (application ID URI). Trace ID: 0d3ceb24-78b4-4cac-844f-062738415500 Correlation ID: 14803d5d-7bc4-4810-8e49-dbea27621e50 Timestamp: 2025-07-12 10:30:10Z","error_codes":[1002012],"timestamp":"2025-07-12 10:30:10Z","trace_id":"0d3ceb24-78b4-4cac-844f-062738415500","correlation_id":"14803d5d-7bc4-4810-8e49-dbea27621e50"} 
	Headers: Cache-Control: no-store, no-cache
Pragma: no-cache
Strict-Transport-Security: max-age=31536000; includeSubDomains
X-Content-Type-Options: nosniff
P3P: CP="DSP CUR OTPi IND OTRi ONL FIN"
client-request-id: 14803d5d-7bc4-4810-8e49-dbea27621e50
x-ms-request-id: 0d3ceb24-78b4-4cac-844f-062738415500
x-ms-ests-server: 2.1.21212.8 - FRC ProdSlices
x-ms-clitelem: 1,1002012,0,,
x-ms-srs: 1.P
Content-Security-Policy-Report-Only: object-src 'none'; base-uri 'self'; script-src 'self' 'nonce-yf58r0VCzeMZUbNXryb63A' 'unsafe-inline' 'unsafe-eval' https://*.msauth.net https://*.msftauth.net https://*.msftauthimages.net https://*.msauthimages.net https://*.msidentity.com https://*.microsoftonline-p.com https://*.microsoftazuread-sso.com https://*.azureedge.net https://*.outlook.com https://*.office.com https://*.office365.com https://*.microsoft.com https://*.bing.com 'report-sample'; report-uri https://csp.microsoft.com/report/ESTS-UX-All
X-XSS-Protection: 0
Set-Cookie: fpc=Am1qOsw1xM1Av1jVyjDAyXg; expires=Mon, 11-Aug-2025 10:30:10 GMT; path=/; secure; HttpOnly; SameSite=None, x-ms-gateway-slice=estsfd; path=/; secure; samesite=none; httponly, stsservicecookie=estsfd; path=/; secure; samesite=none; httponly
Date: Sat, 12 Jul 2025 10:30:10 GMT

   --- End of inner exception stack trace ---
   at Azure.Identity.CredentialDiagnosticScope.FailWrapAndThrow(Exception ex, String additionalMessage, Boolean isCredentialUnavailable)
   at Azure.Identity.ClientSecretCredential.GetTokenAsync(TokenRequestContext requestContext, CancellationToken cancellationToken)
   at Microsoft.Kiota.Authentication.Azure.AzureIdentityAccessTokenProvider.GetAuthorizationTokenAsync(Uri uri, Dictionary`2 additionalAuthenticationContext, CancellationToken cancellationToken)
   at Microsoft.Kiota.Abstractions.Authentication.BaseBearerTokenAuthenticationProvider.AuthenticateRequestAsync(RequestInformation request, Dictionary`2 additionalAuthenticationContext, CancellationToken cancellationToken)
   at Microsoft.Kiota.Http.HttpClientLibrary.HttpClientRequestAdapter.GetHttpResponseMessageAsync(RequestInformation requestInfo, CancellationToken cancellationToken, Activity activityForAttributes, String claims, Boolean isStreamResponse)
   at Microsoft.Kiota.Http.HttpClientLibrary.HttpClientRequestAdapter.SendAsync[ModelType](RequestInformation requestInfo, ParsableFactory`1 factory, Dictionary`2 errorMapping, CancellationToken cancellationToken)
   at Microsoft.Graph.Users.UsersRequestBuilder.GetAsync(Action`1 requestConfiguration, CancellationToken cancellationToken)
   at MS.API.Mini.Services.ActiveDirectoryService.GetActiveDirectoryUsersAsync(Int32 page, Int32 pageSize, String searchTerm, Boolean includeDisabled) in /Users/calebboluwade/Downloads/GROOVY/MS.API.Mini/MS.API.Mini/Services/ADService.cs:line 32
   at MS.API.Mini.Controllers.UsersController.GetUsers(Int32 page, Int32 pageSize, String searchTerm, Boolean includeDisabled) in /Users/calebboluwade/Downloads/GROOVY/MS.API.Mini/MS.API.Mini/Controllers/UsersController.cs:line 24
[2025-07-12 11:30:10 ERR] [Serilog.AspNetCore.RequestLoggingMiddleware File => (:)] [Message => HTTP GET /api/v1/Users responded 500 in 1272.7543 ms] [PID => 4478] 
[2025-07-12 11:30:46 WRN] [Microsoft.AspNetCore.StaticFiles.StaticFileMiddleware File => (:)] [Message => The WebRootPath was not found: /Users/calebboluwade/Downloads/GROOVY/MS.API.Mini/MS.API.Mini/wwwroot. Static files may be unavailable.] [PID => 6401] 
[2025-07-12 11:32:24 WRN] [Microsoft.AspNetCore.StaticFiles.StaticFileMiddleware File => (:)] [Message => The WebRootPath was not found: /Users/calebboluwade/Downloads/GROOVY/MS.API.Mini/MS.API.Mini/wwwroot. Static files may be unavailable.] [PID => 10237] 
[2025-07-12 11:34:12 WRN] [Microsoft.AspNetCore.StaticFiles.StaticFileMiddleware File => (:)] [Message => The WebRootPath was not found: /Users/calebboluwade/Downloads/GROOVY/MS.API.Mini/MS.API.Mini/wwwroot. Static files may be unavailable.] [PID => 14589] 
[2025-07-12 11:34:35 ERR] [MS.API.Mini.Controllers.UsersController File => (:)] [Message => Error fetching AD users] [PID => 14589] 
Azure.Identity.AuthenticationFailedException: ClientSecretCredential authentication failed: AADSTS1002012: The provided value for scope user.read openid email profile  offline_access is not valid. Client credential flows must have a scope value with /.default suffixed to the resource identifier (application ID URI). Trace ID: 56e9b99c-2f62-417a-ba23-171377645f00 Correlation ID: 47d82533-8a0a-45f6-ae86-d79b5671a221 Timestamp: 2025-07-12 10:34:35Z
 ---> MSAL.NetCore.4.56.0.0.MsalServiceException: 
	ErrorCode: invalid_scope
Microsoft.Identity.Client.MsalServiceException: AADSTS1002012: The provided value for scope user.read openid email profile  offline_access is not valid. Client credential flows must have a scope value with /.default suffixed to the resource identifier (application ID URI). Trace ID: 56e9b99c-2f62-417a-ba23-171377645f00 Correlation ID: 47d82533-8a0a-45f6-ae86-d79b5671a221 Timestamp: 2025-07-12 10:34:35Z
   at Microsoft.Identity.Client.OAuth2.OAuth2Client.ThrowServerException(HttpResponse response, RequestContext requestContext)
   at Microsoft.Identity.Client.OAuth2.OAuth2Client.CreateResponse[T](HttpResponse response, RequestContext requestContext)
   at Microsoft.Identity.Client.OAuth2.OAuth2Client.ExecuteRequestAsync[T](Uri endPoint, HttpMethod method, RequestContext requestContext, Boolean expectErrorsOn200OK, Boolean addCommonHeaders, Func`2 onBeforePostRequestData)
   at Microsoft.Identity.Client.OAuth2.OAuth2Client.GetTokenAsync(Uri endPoint, RequestContext requestContext, Boolean addCommonHeaders, Func`2 onBeforePostRequestHandler)
   at Microsoft.Identity.Client.OAuth2.TokenClient.SendHttpAndClearTelemetryAsync(String tokenEndpoint, ILoggerAdapter logger)
   at Microsoft.Identity.Client.OAuth2.TokenClient.SendHttpAndClearTelemetryAsync(String tokenEndpoint, ILoggerAdapter logger)
   at Microsoft.Identity.Client.OAuth2.TokenClient.SendTokenRequestAsync(IDictionary`2 additionalBodyParameters, String scopeOverride, String tokenEndpointOverride, CancellationToken cancellationToken)
   at Microsoft.Identity.Client.Internal.Requests.RequestBase.SendTokenRequestAsync(IDictionary`2 additionalBodyParameters, CancellationToken cancellationToken)
   at Microsoft.Identity.Client.Internal.Requests.ClientCredentialRequest.GetAccessTokenAsync(CancellationToken cancellationToken, ILoggerAdapter logger)
   at Microsoft.Identity.Client.Internal.Requests.ClientCredentialRequest.ExecuteAsync(CancellationToken cancellationToken)
   at Microsoft.Identity.Client.Internal.Requests.RequestBase.RunAsync(CancellationToken cancellationToken)
   at Microsoft.Identity.Client.ApiConfig.Executors.ConfidentialClientExecutor.ExecuteAsync(AcquireTokenCommonParameters commonParameters, AcquireTokenForClientParameters clientParameters, CancellationToken cancellationToken)
   at Azure.Identity.AbstractAcquireTokenParameterBuilderExtensions.ExecuteAsync[T](AbstractAcquireTokenParameterBuilder`1 builder, Boolean async, CancellationToken cancellationToken)
   at Azure.Identity.MsalConfidentialClient.AcquireTokenForClientCoreAsync(String[] scopes, String tenantId, Boolean enableCae, Boolean async, CancellationToken cancellationToken)
   at Azure.Identity.MsalConfidentialClient.AcquireTokenForClientAsync(String[] scopes, String tenantId, Boolean enableCae, Boolean async, CancellationToken cancellationToken)
   at Azure.Identity.ClientSecretCredential.GetTokenAsync(TokenRequestContext requestContext, CancellationToken cancellationToken)
	StatusCode: 400 
	ResponseBody: {"error":"invalid_scope","error_description":"AADSTS1002012: The provided value for scope user.read openid email profile  offline_access is not valid. Client credential flows must have a scope value with /.default suffixed to the resource identifier (application ID URI). Trace ID: 56e9b99c-2f62-417a-ba23-171377645f00 Correlation ID: 47d82533-8a0a-45f6-ae86-d79b5671a221 Timestamp: 2025-07-12 10:34:35Z","error_codes":[1002012],"timestamp":"2025-07-12 10:34:35Z","trace_id":"56e9b99c-2f62-417a-ba23-171377645f00","correlation_id":"47d82533-8a0a-45f6-ae86-d79b5671a221"} 
	Headers: Cache-Control: no-store, no-cache
Pragma: no-cache
Strict-Transport-Security: max-age=31536000; includeSubDomains
X-Content-Type-Options: nosniff
P3P: CP="DSP CUR OTPi IND OTRi ONL FIN"
client-request-id: 47d82533-8a0a-45f6-ae86-d79b5671a221
x-ms-request-id: 56e9b99c-2f62-417a-ba23-171377645f00
x-ms-ests-server: 2.1.21212.8 - SEC ProdSlices
x-ms-clitelem: 1,1002012,0,,
x-ms-srs: 1.P
Content-Security-Policy-Report-Only: object-src 'none'; base-uri 'self'; script-src 'self' 'nonce-H3ydXAsONZJFZYEBB-jwfg' 'unsafe-inline' 'unsafe-eval' https://*.msauth.net https://*.msftauth.net https://*.msftauthimages.net https://*.msauthimages.net https://*.msidentity.com https://*.microsoftonline-p.com https://*.microsoftazuread-sso.com https://*.azureedge.net https://*.outlook.com https://*.office.com https://*.office365.com https://*.microsoft.com https://*.bing.com 'report-sample'; report-uri https://csp.microsoft.com/report/ESTS-UX-All
X-XSS-Protection: 0
Set-Cookie: fpc=AloP0f92QgJOpOcPCM-I8dc; expires=Mon, 11-Aug-2025 10:34:35 GMT; path=/; secure; HttpOnly; SameSite=None, x-ms-gateway-slice=estsfd; path=/; secure; samesite=none; httponly, stsservicecookie=estsfd; path=/; secure; samesite=none; httponly
Date: Sat, 12 Jul 2025 10:34:34 GMT

   --- End of inner exception stack trace ---
   at Azure.Identity.CredentialDiagnosticScope.FailWrapAndThrow(Exception ex, String additionalMessage, Boolean isCredentialUnavailable)
   at Azure.Identity.ClientSecretCredential.GetTokenAsync(TokenRequestContext requestContext, CancellationToken cancellationToken)
   at Microsoft.Kiota.Authentication.Azure.AzureIdentityAccessTokenProvider.GetAuthorizationTokenAsync(Uri uri, Dictionary`2 additionalAuthenticationContext, CancellationToken cancellationToken)
   at Microsoft.Kiota.Abstractions.Authentication.BaseBearerTokenAuthenticationProvider.AuthenticateRequestAsync(RequestInformation request, Dictionary`2 additionalAuthenticationContext, CancellationToken cancellationToken)
   at Microsoft.Kiota.Http.HttpClientLibrary.HttpClientRequestAdapter.GetHttpResponseMessageAsync(RequestInformation requestInfo, CancellationToken cancellationToken, Activity activityForAttributes, String claims, Boolean isStreamResponse)
   at Microsoft.Kiota.Http.HttpClientLibrary.HttpClientRequestAdapter.SendAsync[ModelType](RequestInformation requestInfo, ParsableFactory`1 factory, Dictionary`2 errorMapping, CancellationToken cancellationToken)
   at Microsoft.Graph.Users.UsersRequestBuilder.GetAsync(Action`1 requestConfiguration, CancellationToken cancellationToken)
   at MS.API.Mini.Services.ActiveDirectoryService.GetActiveDirectoryUsersAsync(Int32 page, Int32 pageSize, String searchTerm, Boolean includeDisabled) in /Users/calebboluwade/Downloads/GROOVY/MS.API.Mini/MS.API.Mini/Services/ADService.cs:line 32
   at MS.API.Mini.Controllers.UsersController.GetUsers(Int32 page, Int32 pageSize, String searchTerm, Boolean includeDisabled) in /Users/calebboluwade/Downloads/GROOVY/MS.API.Mini/MS.API.Mini/Controllers/UsersController.cs:line 24
[2025-07-12 11:34:35 ERR] [Serilog.AspNetCore.RequestLoggingMiddleware File => (:)] [Message => HTTP GET /api/v1/Users responded 500 in 1301.2103 ms] [PID => 14589] 
[2025-07-12 11:35:11 ERR] [MS.API.Mini.Controllers.UsersController File => (:)] [Message => Error fetching AD users] [PID => 14589] 
Azure.Identity.AuthenticationFailedException: ClientSecretCredential authentication failed: AADSTS1002012: The provided value for scope user.read openid email profile  offline_access is not valid. Client credential flows must have a scope value with /.default suffixed to the resource identifier (application ID URI). Trace ID: 5286b351-2b88-4b9d-8713-1037127d6400 Correlation ID: 02666f3b-490e-42a4-87d5-9cb6750dbb88 Timestamp: 2025-07-12 10:35:11Z
 ---> MSAL.NetCore.4.56.0.0.MsalServiceException: 
	ErrorCode: invalid_scope
Microsoft.Identity.Client.MsalServiceException: AADSTS1002012: The provided value for scope user.read openid email profile  offline_access is not valid. Client credential flows must have a scope value with /.default suffixed to the resource identifier (application ID URI). Trace ID: 5286b351-2b88-4b9d-8713-1037127d6400 Correlation ID: 02666f3b-490e-42a4-87d5-9cb6750dbb88 Timestamp: 2025-07-12 10:35:11Z
   at Microsoft.Identity.Client.OAuth2.OAuth2Client.ThrowServerException(HttpResponse response, RequestContext requestContext)
   at Microsoft.Identity.Client.OAuth2.OAuth2Client.CreateResponse[T](HttpResponse response, RequestContext requestContext)
   at Microsoft.Identity.Client.OAuth2.OAuth2Client.ExecuteRequestAsync[T](Uri endPoint, HttpMethod method, RequestContext requestContext, Boolean expectErrorsOn200OK, Boolean addCommonHeaders, Func`2 onBeforePostRequestData)
   at Microsoft.Identity.Client.OAuth2.OAuth2Client.GetTokenAsync(Uri endPoint, RequestContext requestContext, Boolean addCommonHeaders, Func`2 onBeforePostRequestHandler)
   at Microsoft.Identity.Client.OAuth2.TokenClient.SendHttpAndClearTelemetryAsync(String tokenEndpoint, ILoggerAdapter logger)
   at Microsoft.Identity.Client.OAuth2.TokenClient.SendHttpAndClearTelemetryAsync(String tokenEndpoint, ILoggerAdapter logger)
   at Microsoft.Identity.Client.OAuth2.TokenClient.SendTokenRequestAsync(IDictionary`2 additionalBodyParameters, String scopeOverride, String tokenEndpointOverride, CancellationToken cancellationToken)
   at Microsoft.Identity.Client.Internal.Requests.RequestBase.SendTokenRequestAsync(IDictionary`2 additionalBodyParameters, CancellationToken cancellationToken)
   at Microsoft.Identity.Client.Internal.Requests.ClientCredentialRequest.GetAccessTokenAsync(CancellationToken cancellationToken, ILoggerAdapter logger)
   at Microsoft.Identity.Client.Internal.Requests.ClientCredentialRequest.ExecuteAsync(CancellationToken cancellationToken)
   at Microsoft.Identity.Client.Internal.Requests.RequestBase.RunAsync(CancellationToken cancellationToken)
   at Microsoft.Identity.Client.ApiConfig.Executors.ConfidentialClientExecutor.ExecuteAsync(AcquireTokenCommonParameters commonParameters, AcquireTokenForClientParameters clientParameters, CancellationToken cancellationToken)
   at Azure.Identity.AbstractAcquireTokenParameterBuilderExtensions.ExecuteAsync[T](AbstractAcquireTokenParameterBuilder`1 builder, Boolean async, CancellationToken cancellationToken)
   at Azure.Identity.MsalConfidentialClient.AcquireTokenForClientCoreAsync(String[] scopes, String tenantId, Boolean enableCae, Boolean async, CancellationToken cancellationToken)
   at Azure.Identity.MsalConfidentialClient.AcquireTokenForClientAsync(String[] scopes, String tenantId, Boolean enableCae, Boolean async, CancellationToken cancellationToken)
   at Azure.Identity.ClientSecretCredential.GetTokenAsync(TokenRequestContext requestContext, CancellationToken cancellationToken)
	StatusCode: 400 
	ResponseBody: {"error":"invalid_scope","error_description":"AADSTS1002012: The provided value for scope user.read openid email profile  offline_access is not valid. Client credential flows must have a scope value with /.default suffixed to the resource identifier (application ID URI). Trace ID: 5286b351-2b88-4b9d-8713-1037127d6400 Correlation ID: 02666f3b-490e-42a4-87d5-9cb6750dbb88 Timestamp: 2025-07-12 10:35:11Z","error_codes":[1002012],"timestamp":"2025-07-12 10:35:11Z","trace_id":"5286b351-2b88-4b9d-8713-1037127d6400","correlation_id":"02666f3b-490e-42a4-87d5-9cb6750dbb88"} 
	Headers: Cache-Control: no-store, no-cache
Pragma: no-cache
Strict-Transport-Security: max-age=31536000; includeSubDomains
X-Content-Type-Options: nosniff
P3P: CP="DSP CUR OTPi IND OTRi ONL FIN"
client-request-id: 02666f3b-490e-42a4-87d5-9cb6750dbb88
x-ms-request-id: 5286b351-2b88-4b9d-8713-1037127d6400
x-ms-ests-server: 2.1.21212.8 - FRC ProdSlices
x-ms-clitelem: 1,1002012,0,,
x-ms-srs: 1.P
Content-Security-Policy-Report-Only: object-src 'none'; base-uri 'self'; script-src 'self' 'nonce-wqCGGYFX26cMu2hJesYq0g' 'unsafe-inline' 'unsafe-eval' https://*.msauth.net https://*.msftauth.net https://*.msftauthimages.net https://*.msauthimages.net https://*.msidentity.com https://*.microsoftonline-p.com https://*.microsoftazuread-sso.com https://*.azureedge.net https://*.outlook.com https://*.office.com https://*.office365.com https://*.microsoft.com https://*.bing.com 'report-sample'; report-uri https://csp.microsoft.com/report/ESTS-UX-All
X-XSS-Protection: 0
Set-Cookie: fpc=An7DWPoyllJDhG04cAQ1i9Y; expires=Mon, 11-Aug-2025 10:35:11 GMT; path=/; secure; HttpOnly; SameSite=None, x-ms-gateway-slice=estsfd; path=/; secure; samesite=none; httponly, stsservicecookie=estsfd; path=/; secure; samesite=none; httponly
Date: Sat, 12 Jul 2025 10:35:11 GMT

   --- End of inner exception stack trace ---
   at Azure.Identity.CredentialDiagnosticScope.FailWrapAndThrow(Exception ex, String additionalMessage, Boolean isCredentialUnavailable)
   at Azure.Identity.ClientSecretCredential.GetTokenAsync(TokenRequestContext requestContext, CancellationToken cancellationToken)
   at Microsoft.Kiota.Authentication.Azure.AzureIdentityAccessTokenProvider.GetAuthorizationTokenAsync(Uri uri, Dictionary`2 additionalAuthenticationContext, CancellationToken cancellationToken)
   at Microsoft.Kiota.Abstractions.Authentication.BaseBearerTokenAuthenticationProvider.AuthenticateRequestAsync(RequestInformation request, Dictionary`2 additionalAuthenticationContext, CancellationToken cancellationToken)
   at Microsoft.Kiota.Http.HttpClientLibrary.HttpClientRequestAdapter.GetHttpResponseMessageAsync(RequestInformation requestInfo, CancellationToken cancellationToken, Activity activityForAttributes, String claims, Boolean isStreamResponse)
   at Microsoft.Kiota.Http.HttpClientLibrary.HttpClientRequestAdapter.SendAsync[ModelType](RequestInformation requestInfo, ParsableFactory`1 factory, Dictionary`2 errorMapping, CancellationToken cancellationToken)
   at Microsoft.Graph.Users.UsersRequestBuilder.GetAsync(Action`1 requestConfiguration, CancellationToken cancellationToken)
   at MS.API.Mini.Services.ActiveDirectoryService.GetActiveDirectoryUsersAsync(Int32 page, Int32 pageSize, String searchTerm, Boolean includeDisabled)
   at MS.API.Mini.Controllers.UsersController.GetUsers(Int32 page, Int32 pageSize, String searchTerm, Boolean includeDisabled)
[2025-07-12 11:35:11 ERR] [Serilog.AspNetCore.RequestLoggingMiddleware File => (:)] [Message => HTTP GET /api/v1/Users responded 500 in 202.0035 ms] [PID => 14589] 
[2025-07-12 11:35:23 WRN] [Microsoft.AspNetCore.StaticFiles.StaticFileMiddleware File => (:)] [Message => The WebRootPath was not found: /Users/calebboluwade/Downloads/GROOVY/MS.API.Mini/MS.API.Mini/wwwroot. Static files may be unavailable.] [PID => 17467] 
[2025-07-12 11:35:53 ERR] [MS.API.Mini.Controllers.UsersController File => (:)] [Message => Error fetching AD users] [PID => 17467] 
Azure.Identity.AuthenticationFailedException: ClientSecretCredential authentication failed: AADSTS1002012: The provided value for scope user.read openid email profile offline_access is not valid. Client credential flows must have a scope value with /.default suffixed to the resource identifier (application ID URI). Trace ID: 8c5fb293-7b56-4b33-8793-834b32134300 Correlation ID: ebb7c6a0-b7a9-428f-a639-0660306a8848 Timestamp: 2025-07-12 10:35:53Z
 ---> MSAL.NetCore.4.56.0.0.MsalServiceException: 
	ErrorCode: invalid_scope
Microsoft.Identity.Client.MsalServiceException: AADSTS1002012: The provided value for scope user.read openid email profile offline_access is not valid. Client credential flows must have a scope value with /.default suffixed to the resource identifier (application ID URI). Trace ID: 8c5fb293-7b56-4b33-8793-834b32134300 Correlation ID: ebb7c6a0-b7a9-428f-a639-0660306a8848 Timestamp: 2025-07-12 10:35:53Z
   at Microsoft.Identity.Client.OAuth2.OAuth2Client.ThrowServerException(HttpResponse response, RequestContext requestContext)
   at Microsoft.Identity.Client.OAuth2.OAuth2Client.CreateResponse[T](HttpResponse response, RequestContext requestContext)
   at Microsoft.Identity.Client.OAuth2.OAuth2Client.ExecuteRequestAsync[T](Uri endPoint, HttpMethod method, RequestContext requestContext, Boolean expectErrorsOn200OK, Boolean addCommonHeaders, Func`2 onBeforePostRequestData)
   at Microsoft.Identity.Client.OAuth2.OAuth2Client.GetTokenAsync(Uri endPoint, RequestContext requestContext, Boolean addCommonHeaders, Func`2 onBeforePostRequestHandler)
   at Microsoft.Identity.Client.OAuth2.TokenClient.SendHttpAndClearTelemetryAsync(String tokenEndpoint, ILoggerAdapter logger)
   at Microsoft.Identity.Client.OAuth2.TokenClient.SendHttpAndClearTelemetryAsync(String tokenEndpoint, ILoggerAdapter logger)
   at Microsoft.Identity.Client.OAuth2.TokenClient.SendTokenRequestAsync(IDictionary`2 additionalBodyParameters, String scopeOverride, String tokenEndpointOverride, CancellationToken cancellationToken)
   at Microsoft.Identity.Client.Internal.Requests.RequestBase.SendTokenRequestAsync(IDictionary`2 additionalBodyParameters, CancellationToken cancellationToken)
   at Microsoft.Identity.Client.Internal.Requests.ClientCredentialRequest.GetAccessTokenAsync(CancellationToken cancellationToken, ILoggerAdapter logger)
   at Microsoft.Identity.Client.Internal.Requests.ClientCredentialRequest.ExecuteAsync(CancellationToken cancellationToken)
   at Microsoft.Identity.Client.Internal.Requests.RequestBase.RunAsync(CancellationToken cancellationToken)
   at Microsoft.Identity.Client.ApiConfig.Executors.ConfidentialClientExecutor.ExecuteAsync(AcquireTokenCommonParameters commonParameters, AcquireTokenForClientParameters clientParameters, CancellationToken cancellationToken)
   at Azure.Identity.AbstractAcquireTokenParameterBuilderExtensions.ExecuteAsync[T](AbstractAcquireTokenParameterBuilder`1 builder, Boolean async, CancellationToken cancellationToken)
   at Azure.Identity.MsalConfidentialClient.AcquireTokenForClientCoreAsync(String[] scopes, String tenantId, Boolean enableCae, Boolean async, CancellationToken cancellationToken)
   at Azure.Identity.MsalConfidentialClient.AcquireTokenForClientAsync(String[] scopes, String tenantId, Boolean enableCae, Boolean async, CancellationToken cancellationToken)
   at Azure.Identity.ClientSecretCredential.GetTokenAsync(TokenRequestContext requestContext, CancellationToken cancellationToken)
	StatusCode: 400 
	ResponseBody: {"error":"invalid_scope","error_description":"AADSTS1002012: The provided value for scope user.read openid email profile offline_access is not valid. Client credential flows must have a scope value with /.default suffixed to the resource identifier (application ID URI). Trace ID: 8c5fb293-7b56-4b33-8793-834b32134300 Correlation ID: ebb7c6a0-b7a9-428f-a639-0660306a8848 Timestamp: 2025-07-12 10:35:53Z","error_codes":[1002012],"timestamp":"2025-07-12 10:35:53Z","trace_id":"8c5fb293-7b56-4b33-8793-834b32134300","correlation_id":"ebb7c6a0-b7a9-428f-a639-0660306a8848"} 
	Headers: Cache-Control: no-store, no-cache
Pragma: no-cache
Strict-Transport-Security: max-age=31536000; includeSubDomains
X-Content-Type-Options: nosniff
P3P: CP="DSP CUR OTPi IND OTRi ONL FIN"
client-request-id: ebb7c6a0-b7a9-428f-a639-0660306a8848
x-ms-request-id: 8c5fb293-7b56-4b33-8793-834b32134300
x-ms-ests-server: 2.1.21212.8 - SEC ProdSlices
x-ms-clitelem: 1,1002012,0,,
x-ms-srs: 1.P
Content-Security-Policy-Report-Only: object-src 'none'; base-uri 'self'; script-src 'self' 'nonce-gYhhYLgLppIOf1s1e2S8UA' 'unsafe-inline' 'unsafe-eval' https://*.msauth.net https://*.msftauth.net https://*.msftauthimages.net https://*.msauthimages.net https://*.msidentity.com https://*.microsoftonline-p.com https://*.microsoftazuread-sso.com https://*.azureedge.net https://*.outlook.com https://*.office.com https://*.office365.com https://*.microsoft.com https://*.bing.com 'report-sample'; report-uri https://csp.microsoft.com/report/ESTS-UX-All
X-XSS-Protection: 0
Set-Cookie: fpc=AjoV7q8Uei1GopFUBIeomfo; expires=Mon, 11-Aug-2025 10:35:53 GMT; path=/; secure; HttpOnly; SameSite=None, x-ms-gateway-slice=estsfd; path=/; secure; samesite=none; httponly, stsservicecookie=estsfd; path=/; secure; samesite=none; httponly
Date: Sat, 12 Jul 2025 10:35:53 GMT

   --- End of inner exception stack trace ---
   at Azure.Identity.CredentialDiagnosticScope.FailWrapAndThrow(Exception ex, String additionalMessage, Boolean isCredentialUnavailable)
   at Azure.Identity.ClientSecretCredential.GetTokenAsync(TokenRequestContext requestContext, CancellationToken cancellationToken)
   at Microsoft.Kiota.Authentication.Azure.AzureIdentityAccessTokenProvider.GetAuthorizationTokenAsync(Uri uri, Dictionary`2 additionalAuthenticationContext, CancellationToken cancellationToken)
   at Microsoft.Kiota.Abstractions.Authentication.BaseBearerTokenAuthenticationProvider.AuthenticateRequestAsync(RequestInformation request, Dictionary`2 additionalAuthenticationContext, CancellationToken cancellationToken)
   at Microsoft.Kiota.Http.HttpClientLibrary.HttpClientRequestAdapter.GetHttpResponseMessageAsync(RequestInformation requestInfo, CancellationToken cancellationToken, Activity activityForAttributes, String claims, Boolean isStreamResponse)
   at Microsoft.Kiota.Http.HttpClientLibrary.HttpClientRequestAdapter.SendAsync[ModelType](RequestInformation requestInfo, ParsableFactory`1 factory, Dictionary`2 errorMapping, CancellationToken cancellationToken)
   at Microsoft.Graph.Users.UsersRequestBuilder.GetAsync(Action`1 requestConfiguration, CancellationToken cancellationToken)
   at MS.API.Mini.Services.ActiveDirectoryService.GetActiveDirectoryUsersAsync(Int32 page, Int32 pageSize, String searchTerm, Boolean includeDisabled) in /Users/calebboluwade/Downloads/GROOVY/MS.API.Mini/MS.API.Mini/Services/ADService.cs:line 32
   at MS.API.Mini.Controllers.UsersController.GetUsers(Int32 page, Int32 pageSize, String searchTerm, Boolean includeDisabled) in /Users/calebboluwade/Downloads/GROOVY/MS.API.Mini/MS.API.Mini/Controllers/UsersController.cs:line 24
[2025-07-12 11:35:53 ERR] [Serilog.AspNetCore.RequestLoggingMiddleware File => (:)] [Message => HTTP GET /api/v1/Users responded 500 in 1330.9470 ms] [PID => 17467] 
[2025-07-12 11:41:28 WRN] [Microsoft.AspNetCore.StaticFiles.StaticFileMiddleware File => (:)] [Message => The WebRootPath was not found: /Users/calebboluwade/Downloads/GROOVY/MS.API.Mini/MS.API.Mini/wwwroot. Static files may be unavailable.] [PID => 32144] 
[2025-07-12 12:01:28 WRN] [Microsoft.AspNetCore.StaticFiles.StaticFileMiddleware File => (:)] [Message => The WebRootPath was not found: /Users/calebboluwade/Downloads/GROOVY/MS.API.Mini/MS.API.Mini/wwwroot. Static files may be unavailable.] [PID => 80011] 
[2025-07-12 12:01:44 ERR] [MS.API.Mini.Controllers.UsersController File => (:)] [Message => Error fetching AD users] [PID => 80011] 
Azure.Identity.AuthenticationFailedException: ClientSecretCredential authentication failed: AADSTS1002012: The provided value for scope user.read openid email profile offline_access is not valid. Client credential flows must have a scope value with /.default suffixed to the resource identifier (application ID URI). Trace ID: 9ef4d87a-1c59-4104-8dff-1d1104a05400 Correlation ID: eb893c71-82cb-4f2c-8b28-529c4a9c6cb9 Timestamp: 2025-07-12 11:01:44Z
 ---> MSAL.NetCore.4.56.0.0.MsalServiceException: 
	ErrorCode: invalid_scope
Microsoft.Identity.Client.MsalServiceException: AADSTS1002012: The provided value for scope user.read openid email profile offline_access is not valid. Client credential flows must have a scope value with /.default suffixed to the resource identifier (application ID URI). Trace ID: 9ef4d87a-1c59-4104-8dff-1d1104a05400 Correlation ID: eb893c71-82cb-4f2c-8b28-529c4a9c6cb9 Timestamp: 2025-07-12 11:01:44Z
   at Microsoft.Identity.Client.OAuth2.OAuth2Client.ThrowServerException(HttpResponse response, RequestContext requestContext)
   at Microsoft.Identity.Client.OAuth2.OAuth2Client.CreateResponse[T](HttpResponse response, RequestContext requestContext)
   at Microsoft.Identity.Client.OAuth2.OAuth2Client.ExecuteRequestAsync[T](Uri endPoint, HttpMethod method, RequestContext requestContext, Boolean expectErrorsOn200OK, Boolean addCommonHeaders, Func`2 onBeforePostRequestData)
   at Microsoft.Identity.Client.OAuth2.OAuth2Client.GetTokenAsync(Uri endPoint, RequestContext requestContext, Boolean addCommonHeaders, Func`2 onBeforePostRequestHandler)
   at Microsoft.Identity.Client.OAuth2.TokenClient.SendHttpAndClearTelemetryAsync(String tokenEndpoint, ILoggerAdapter logger)
   at Microsoft.Identity.Client.OAuth2.TokenClient.SendHttpAndClearTelemetryAsync(String tokenEndpoint, ILoggerAdapter logger)
   at Microsoft.Identity.Client.OAuth2.TokenClient.SendTokenRequestAsync(IDictionary`2 additionalBodyParameters, String scopeOverride, String tokenEndpointOverride, CancellationToken cancellationToken)
   at Microsoft.Identity.Client.Internal.Requests.RequestBase.SendTokenRequestAsync(IDictionary`2 additionalBodyParameters, CancellationToken cancellationToken)
   at Microsoft.Identity.Client.Internal.Requests.ClientCredentialRequest.GetAccessTokenAsync(CancellationToken cancellationToken, ILoggerAdapter logger)
   at Microsoft.Identity.Client.Internal.Requests.ClientCredentialRequest.ExecuteAsync(CancellationToken cancellationToken)
   at Microsoft.Identity.Client.Internal.Requests.RequestBase.RunAsync(CancellationToken cancellationToken)
   at Microsoft.Identity.Client.ApiConfig.Executors.ConfidentialClientExecutor.ExecuteAsync(AcquireTokenCommonParameters commonParameters, AcquireTokenForClientParameters clientParameters, CancellationToken cancellationToken)
   at Azure.Identity.AbstractAcquireTokenParameterBuilderExtensions.ExecuteAsync[T](AbstractAcquireTokenParameterBuilder`1 builder, Boolean async, CancellationToken cancellationToken)
   at Azure.Identity.MsalConfidentialClient.AcquireTokenForClientCoreAsync(String[] scopes, String tenantId, Boolean enableCae, Boolean async, CancellationToken cancellationToken)
   at Azure.Identity.MsalConfidentialClient.AcquireTokenForClientAsync(String[] scopes, String tenantId, Boolean enableCae, Boolean async, CancellationToken cancellationToken)
   at Azure.Identity.ClientSecretCredential.GetTokenAsync(TokenRequestContext requestContext, CancellationToken cancellationToken)
	StatusCode: 400 
	ResponseBody: {"error":"invalid_scope","error_description":"AADSTS1002012: The provided value for scope user.read openid email profile offline_access is not valid. Client credential flows must have a scope value with /.default suffixed to the resource identifier (application ID URI). Trace ID: 9ef4d87a-1c59-4104-8dff-1d1104a05400 Correlation ID: eb893c71-82cb-4f2c-8b28-529c4a9c6cb9 Timestamp: 2025-07-12 11:01:44Z","error_codes":[1002012],"timestamp":"2025-07-12 11:01:44Z","trace_id":"9ef4d87a-1c59-4104-8dff-1d1104a05400","correlation_id":"eb893c71-82cb-4f2c-8b28-529c4a9c6cb9"} 
	Headers: Cache-Control: no-store, no-cache
Pragma: no-cache
Strict-Transport-Security: max-age=31536000; includeSubDomains
X-Content-Type-Options: nosniff
P3P: CP="DSP CUR OTPi IND OTRi ONL FIN"
client-request-id: eb893c71-82cb-4f2c-8b28-529c4a9c6cb9
x-ms-request-id: 9ef4d87a-1c59-4104-8dff-1d1104a05400
x-ms-ests-server: 2.1.21171.5 - NEULR1 ProdSlices
x-ms-clitelem: 1,1002012,0,,
x-ms-srs: 1.P
Content-Security-Policy-Report-Only: object-src 'none'; base-uri 'self'; script-src 'self' 'nonce-S4OwrXfgWXGxQJU7nebP5g' 'unsafe-inline' 'unsafe-eval' https://*.msauth.net https://*.msftauth.net https://*.msftauthimages.net https://*.msauthimages.net https://*.msidentity.com https://*.microsoftonline-p.com https://*.microsoftazuread-sso.com https://*.azureedge.net https://*.outlook.com https://*.office.com https://*.office365.com https://*.microsoft.com https://*.bing.com 'report-sample'; report-uri https://csp.microsoft.com/report/ESTS-UX-All
X-XSS-Protection: 0
Set-Cookie: fpc=ApVSMb42rFZLnby7u-GOLro; expires=Mon, 11-Aug-2025 11:01:44 GMT; path=/; secure; HttpOnly; SameSite=None, x-ms-gateway-slice=estsfd; path=/; secure; samesite=none; httponly, stsservicecookie=estsfd; path=/; secure; samesite=none; httponly
Date: Sat, 12 Jul 2025 11:01:43 GMT

   --- End of inner exception stack trace ---
   at Azure.Identity.CredentialDiagnosticScope.FailWrapAndThrow(Exception ex, String additionalMessage, Boolean isCredentialUnavailable)
   at Azure.Identity.ClientSecretCredential.GetTokenAsync(TokenRequestContext requestContext, CancellationToken cancellationToken)
   at Microsoft.Kiota.Authentication.Azure.AzureIdentityAccessTokenProvider.GetAuthorizationTokenAsync(Uri uri, Dictionary`2 additionalAuthenticationContext, CancellationToken cancellationToken)
   at Microsoft.Kiota.Abstractions.Authentication.BaseBearerTokenAuthenticationProvider.AuthenticateRequestAsync(RequestInformation request, Dictionary`2 additionalAuthenticationContext, CancellationToken cancellationToken)
   at Microsoft.Kiota.Http.HttpClientLibrary.HttpClientRequestAdapter.GetHttpResponseMessageAsync(RequestInformation requestInfo, CancellationToken cancellationToken, Activity activityForAttributes, String claims, Boolean isStreamResponse)
   at Microsoft.Kiota.Http.HttpClientLibrary.HttpClientRequestAdapter.SendAsync[ModelType](RequestInformation requestInfo, ParsableFactory`1 factory, Dictionary`2 errorMapping, CancellationToken cancellationToken)
   at Microsoft.Graph.Users.UsersRequestBuilder.GetAsync(Action`1 requestConfiguration, CancellationToken cancellationToken)
   at MS.API.Mini.Services.ActiveDirectoryService.GetActiveDirectoryUsersAsync(Int32 page, Int32 pageSize, String searchTerm, Boolean includeDisabled) in /Users/calebboluwade/Downloads/GROOVY/MS.API.Mini/MS.API.Mini/Services/ADService.cs:line 32
   at MS.API.Mini.Controllers.UsersController.GetUsers(Int32 page, Int32 pageSize, String searchTerm, Boolean includeDisabled) in /Users/calebboluwade/Downloads/GROOVY/MS.API.Mini/MS.API.Mini/Controllers/UsersController.cs:line 24
[2025-07-12 12:01:44 ERR] [Serilog.AspNetCore.RequestLoggingMiddleware File => (:)] [Message => HTTP GET /api/v1/Users responded 500 in 4095.7428 ms] [PID => 80011] 
[2025-07-12 12:03:08 WRN] [Microsoft.AspNetCore.StaticFiles.StaticFileMiddleware File => (:)] [Message => The WebRootPath was not found: /Users/calebboluwade/Downloads/GROOVY/MS.API.Mini/MS.API.Mini/wwwroot. Static files may be unavailable.] [PID => 83987] 
[2025-07-12 12:04:51 ERR] [MS.API.Mini.Controllers.UsersController File => (:)] [Message => Error fetching AD users] [PID => 83987] 
Azure.Identity.AuthenticationFailedException: ClientSecretCredential authentication failed: API does not accept client id as a user-provided scope
 ---> System.ArgumentException: API does not accept client id as a user-provided scope
   at Microsoft.Identity.Client.Internal.Requests.RequestBase.ValidateScopeInput(ISet`1 scopesToValidate)
   at Microsoft.Identity.Client.Internal.Requests.RequestBase..ctor(IServiceBundle serviceBundle, AuthenticationRequestParameters authenticationRequestParameters, IAcquireTokenParameters acquireTokenParameters)
   at Microsoft.Identity.Client.Internal.Requests.ClientCredentialRequest..ctor(IServiceBundle serviceBundle, AuthenticationRequestParameters authenticationRequestParameters, AcquireTokenForClientParameters clientParameters)
   at Microsoft.Identity.Client.ApiConfig.Executors.ConfidentialClientExecutor.ExecuteAsync(AcquireTokenCommonParameters commonParameters, AcquireTokenForClientParameters clientParameters, CancellationToken cancellationToken)
   at Azure.Identity.AbstractAcquireTokenParameterBuilderExtensions.ExecuteAsync[T](AbstractAcquireTokenParameterBuilder`1 builder, Boolean async, CancellationToken cancellationToken)
   at Azure.Identity.MsalConfidentialClient.AcquireTokenForClientCoreAsync(String[] scopes, String tenantId, Boolean enableCae, Boolean async, CancellationToken cancellationToken)
   at Azure.Identity.MsalConfidentialClient.AcquireTokenForClientAsync(String[] scopes, String tenantId, Boolean enableCae, Boolean async, CancellationToken cancellationToken)
   at Azure.Identity.ClientSecretCredential.GetTokenAsync(TokenRequestContext requestContext, CancellationToken cancellationToken)
   --- End of inner exception stack trace ---
   at Azure.Identity.CredentialDiagnosticScope.FailWrapAndThrow(Exception ex, String additionalMessage, Boolean isCredentialUnavailable)
   at Azure.Identity.ClientSecretCredential.GetTokenAsync(TokenRequestContext requestContext, CancellationToken cancellationToken)
   at Microsoft.Kiota.Authentication.Azure.AzureIdentityAccessTokenProvider.GetAuthorizationTokenAsync(Uri uri, Dictionary`2 additionalAuthenticationContext, CancellationToken cancellationToken)
   at Microsoft.Kiota.Abstractions.Authentication.BaseBearerTokenAuthenticationProvider.AuthenticateRequestAsync(RequestInformation request, Dictionary`2 additionalAuthenticationContext, CancellationToken cancellationToken)
   at Microsoft.Kiota.Http.HttpClientLibrary.HttpClientRequestAdapter.GetHttpResponseMessageAsync(RequestInformation requestInfo, CancellationToken cancellationToken, Activity activityForAttributes, String claims, Boolean isStreamResponse)
   at Microsoft.Kiota.Http.HttpClientLibrary.HttpClientRequestAdapter.SendAsync[ModelType](RequestInformation requestInfo, ParsableFactory`1 factory, Dictionary`2 errorMapping, CancellationToken cancellationToken)
   at Microsoft.Graph.Users.UsersRequestBuilder.GetAsync(Action`1 requestConfiguration, CancellationToken cancellationToken)
   at MS.API.Mini.Services.ActiveDirectoryService.GetActiveDirectoryUsersAsync(Int32 page, Int32 pageSize, String searchTerm, Boolean includeDisabled)
   at MS.API.Mini.Controllers.UsersController.GetUsers(Int32 page, Int32 pageSize, String searchTerm, Boolean includeDisabled)
[2025-07-12 12:04:51 ERR] [Serilog.AspNetCore.RequestLoggingMiddleware File => (:)] [Message => HTTP GET /api/v1/Users responded 500 in 251.4466 ms] [PID => 83987] 
[2025-07-12 12:05:10 WRN] [Microsoft.AspNetCore.StaticFiles.StaticFileMiddleware File => (:)] [Message => The WebRootPath was not found: /Users/calebboluwade/Downloads/GROOVY/MS.API.Mini/MS.API.Mini/wwwroot. Static files may be unavailable.] [PID => 88827] 
[2025-07-12 12:05:26 ERR] [MS.API.Mini.Controllers.UsersController File => (:)] [Message => Error fetching AD users] [PID => 88827] 
Azure.Identity.AuthenticationFailedException: ClientSecretCredential authentication failed: A configuration issue is preventing authentication - check the error message from the server for details. You can modify the configuration in the application registration portal. See https://aka.ms/msal-net-invalid-client for details.  Original exception: AADSTS7000215: Invalid client secret provided. Ensure the secret being sent in the request is the client secret value, not the client secret ID, for a secret added to app '52de5535-cc83-4004-9fd9-cd482ab4b0a7'. Trace ID: dd0c613a-dd32-4e1e-9efa-f39c27935c00 Correlation ID: 418f0c78-956a-4f8d-8aaf-2f02948eb76e Timestamp: 2025-07-12 11:05:26Z
 ---> MSAL.NetCore.4.56.0.0.MsalServiceException: 
	ErrorCode: invalid_client
Microsoft.Identity.Client.MsalServiceException: A configuration issue is preventing authentication - check the error message from the server for details. You can modify the configuration in the application registration portal. See https://aka.ms/msal-net-invalid-client for details.  Original exception: AADSTS7000215: Invalid client secret provided. Ensure the secret being sent in the request is the client secret value, not the client secret ID, for a secret added to app '52de5535-cc83-4004-9fd9-cd482ab4b0a7'. Trace ID: dd0c613a-dd32-4e1e-9efa-f39c27935c00 Correlation ID: 418f0c78-956a-4f8d-8aaf-2f02948eb76e Timestamp: 2025-07-12 11:05:26Z
   at Microsoft.Identity.Client.OAuth2.OAuth2Client.ThrowServerException(HttpResponse response, RequestContext requestContext)
   at Microsoft.Identity.Client.OAuth2.OAuth2Client.CreateResponse[T](HttpResponse response, RequestContext requestContext)
   at Microsoft.Identity.Client.OAuth2.OAuth2Client.ExecuteRequestAsync[T](Uri endPoint, HttpMethod method, RequestContext requestContext, Boolean expectErrorsOn200OK, Boolean addCommonHeaders, Func`2 onBeforePostRequestData)
   at Microsoft.Identity.Client.OAuth2.OAuth2Client.GetTokenAsync(Uri endPoint, RequestContext requestContext, Boolean addCommonHeaders, Func`2 onBeforePostRequestHandler)
   at Microsoft.Identity.Client.OAuth2.TokenClient.SendHttpAndClearTelemetryAsync(String tokenEndpoint, ILoggerAdapter logger)
   at Microsoft.Identity.Client.OAuth2.TokenClient.SendHttpAndClearTelemetryAsync(String tokenEndpoint, ILoggerAdapter logger)
   at Microsoft.Identity.Client.OAuth2.TokenClient.SendTokenRequestAsync(IDictionary`2 additionalBodyParameters, String scopeOverride, String tokenEndpointOverride, CancellationToken cancellationToken)
   at Microsoft.Identity.Client.Internal.Requests.RequestBase.SendTokenRequestAsync(IDictionary`2 additionalBodyParameters, CancellationToken cancellationToken)
   at Microsoft.Identity.Client.Internal.Requests.ClientCredentialRequest.GetAccessTokenAsync(CancellationToken cancellationToken, ILoggerAdapter logger)
   at Microsoft.Identity.Client.Internal.Requests.ClientCredentialRequest.ExecuteAsync(CancellationToken cancellationToken)
   at Microsoft.Identity.Client.Internal.Requests.RequestBase.RunAsync(CancellationToken cancellationToken)
   at Microsoft.Identity.Client.ApiConfig.Executors.ConfidentialClientExecutor.ExecuteAsync(AcquireTokenCommonParameters commonParameters, AcquireTokenForClientParameters clientParameters, CancellationToken cancellationToken)
   at Azure.Identity.AbstractAcquireTokenParameterBuilderExtensions.ExecuteAsync[T](AbstractAcquireTokenParameterBuilder`1 builder, Boolean async, CancellationToken cancellationToken)
   at Azure.Identity.MsalConfidentialClient.AcquireTokenForClientCoreAsync(String[] scopes, String tenantId, Boolean enableCae, Boolean async, CancellationToken cancellationToken)
   at Azure.Identity.MsalConfidentialClient.AcquireTokenForClientAsync(String[] scopes, String tenantId, Boolean enableCae, Boolean async, CancellationToken cancellationToken)
   at Azure.Identity.ClientSecretCredential.GetTokenAsync(TokenRequestContext requestContext, CancellationToken cancellationToken)
	StatusCode: 401 
	ResponseBody: {"error":"invalid_client","error_description":"AADSTS7000215: Invalid client secret provided. Ensure the secret being sent in the request is the client secret value, not the client secret ID, for a secret added to app '52de5535-cc83-4004-9fd9-cd482ab4b0a7'. Trace ID: dd0c613a-dd32-4e1e-9efa-f39c27935c00 Correlation ID: 418f0c78-956a-4f8d-8aaf-2f02948eb76e Timestamp: 2025-07-12 11:05:26Z","error_codes":[7000215],"timestamp":"2025-07-12 11:05:26Z","trace_id":"dd0c613a-dd32-4e1e-9efa-f39c27935c00","correlation_id":"418f0c78-956a-4f8d-8aaf-2f02948eb76e","error_uri":"https://login.microsoftonline.com/error?code=7000215"} 
	Headers: Cache-Control: no-store, no-cache
Pragma: no-cache
Strict-Transport-Security: max-age=31536000; includeSubDomains
X-Content-Type-Options: nosniff
P3P: CP="DSP CUR OTPi IND OTRi ONL FIN"
client-request-id: 418f0c78-956a-4f8d-8aaf-2f02948eb76e
x-ms-request-id: dd0c613a-dd32-4e1e-9efa-f39c27935c00
x-ms-ests-server: 2.1.21171.5 - SEC ProdSlices
x-ms-clitelem: 1,7000215,0,,
x-ms-srs: 1.P
Content-Security-Policy-Report-Only: object-src 'none'; base-uri 'self'; script-src 'self' 'nonce-EP9zefy1nEuK7cZKvNhZsw' 'unsafe-inline' 'unsafe-eval' https://*.msauth.net https://*.msftauth.net https://*.msftauthimages.net https://*.msauthimages.net https://*.msidentity.com https://*.microsoftonline-p.com https://*.microsoftazuread-sso.com https://*.azureedge.net https://*.outlook.com https://*.office.com https://*.office365.com https://*.microsoft.com https://*.bing.com 'report-sample'; report-uri https://csp.microsoft.com/report/ESTS-UX-All
X-XSS-Protection: 0
Set-Cookie: fpc=AmR36cxJ-R5FiwB0FoR-Jj7m1Sl7AQAAAHY4BOAOAAAA; expires=Mon, 11-Aug-2025 11:05:26 GMT; path=/; secure; HttpOnly; SameSite=None, x-ms-gateway-slice=estsfd; path=/; secure; samesite=none; httponly, stsservicecookie=estsfd; path=/; secure; samesite=none; httponly
Date: Sat, 12 Jul 2025 11:05:26 GMT

   --- End of inner exception stack trace ---
   at Azure.Identity.CredentialDiagnosticScope.FailWrapAndThrow(Exception ex, String additionalMessage, Boolean isCredentialUnavailable)
   at Azure.Identity.ClientSecretCredential.GetTokenAsync(TokenRequestContext requestContext, CancellationToken cancellationToken)
   at Microsoft.Kiota.Authentication.Azure.AzureIdentityAccessTokenProvider.GetAuthorizationTokenAsync(Uri uri, Dictionary`2 additionalAuthenticationContext, CancellationToken cancellationToken)
   at Microsoft.Kiota.Abstractions.Authentication.BaseBearerTokenAuthenticationProvider.AuthenticateRequestAsync(RequestInformation request, Dictionary`2 additionalAuthenticationContext, CancellationToken cancellationToken)
   at Microsoft.Kiota.Http.HttpClientLibrary.HttpClientRequestAdapter.GetHttpResponseMessageAsync(RequestInformation requestInfo, CancellationToken cancellationToken, Activity activityForAttributes, String claims, Boolean isStreamResponse)
   at Microsoft.Kiota.Http.HttpClientLibrary.HttpClientRequestAdapter.SendAsync[ModelType](RequestInformation requestInfo, ParsableFactory`1 factory, Dictionary`2 errorMapping, CancellationToken cancellationToken)
   at Microsoft.Graph.Users.UsersRequestBuilder.GetAsync(Action`1 requestConfiguration, CancellationToken cancellationToken)
   at MS.API.Mini.Services.ActiveDirectoryService.GetActiveDirectoryUsersAsync(Int32 page, Int32 pageSize, String searchTerm, Boolean includeDisabled) in /Users/calebboluwade/Downloads/GROOVY/MS.API.Mini/MS.API.Mini/Services/ADService.cs:line 32
   at MS.API.Mini.Controllers.UsersController.GetUsers(Int32 page, Int32 pageSize, String searchTerm, Boolean includeDisabled) in /Users/calebboluwade/Downloads/GROOVY/MS.API.Mini/MS.API.Mini/Controllers/UsersController.cs:line 24
[2025-07-12 12:05:26 ERR] [Serilog.AspNetCore.RequestLoggingMiddleware File => (:)] [Message => HTTP GET /api/v1/Users responded 500 in 1294.5777 ms] [PID => 88827] 
[2025-07-12 13:50:05 INF] [Serilog.AspNetCore.RequestLoggingMiddleware File => (:)] [Message => HTTP GET /api/systemmonitor responded 200 in 375.7705 ms] [PID => 88827] 
[2025-07-12 13:50:05 INF] [Serilog.AspNetCore.RequestLoggingMiddleware File => (:)] [Message => HTTP GET /api/systemmonitor responded 200 in 27.7779 ms] [PID => 88827] 
[2025-07-12 13:56:25 INF] [Serilog.AspNetCore.RequestLoggingMiddleware File => (:)] [Message => HTTP GET /api/systemmonitor responded 200 in 67.7022 ms] [PID => 88827] 
[2025-07-12 13:56:25 INF] [Serilog.AspNetCore.RequestLoggingMiddleware File => (:)] [Message => HTTP GET /api/systemmonitor responded 200 in 5.3758 ms] [PID => 88827] 
[2025-07-12 13:56:48 INF] [Serilog.AspNetCore.RequestLoggingMiddleware File => (:)] [Message => HTTP GET /api/systemmonitor responded 200 in 22.3560 ms] [PID => 88827] 
[2025-07-12 13:56:48 INF] [Serilog.AspNetCore.RequestLoggingMiddleware File => (:)] [Message => HTTP GET /api/systemmonitor responded 200 in 3.8346 ms] [PID => 88827] 
[2025-07-12 13:56:48 INF] [Serilog.AspNetCore.RequestLoggingMiddleware File => (:)] [Message => HTTP GET /api/systemmonitor responded 200 in 3.1575 ms] [PID => 88827] 
[2025-07-12 13:56:48 INF] [Serilog.AspNetCore.RequestLoggingMiddleware File => (:)] [Message => HTTP GET /api/systemmonitor responded 200 in 2.2148 ms] [PID => 88827] 
[2025-07-12 13:58:31 INF] [Serilog.AspNetCore.RequestLoggingMiddleware File => (:)] [Message => HTTP GET /api/systemmonitor responded 200 in 23.7833 ms] [PID => 88827] 
[2025-07-12 14:00:04 INF] [Serilog.AspNetCore.RequestLoggingMiddleware File => (:)] [Message => HTTP GET /api/systemmonitor responded 200 in 37.1409 ms] [PID => 88827] 
[2025-07-12 14:00:04 INF] [Serilog.AspNetCore.RequestLoggingMiddleware File => (:)] [Message => HTTP GET /api/systemmonitor responded 200 in 4.9615 ms] [PID => 88827] 
[2025-07-12 14:00:04 INF] [Serilog.AspNetCore.RequestLoggingMiddleware File => (:)] [Message => HTTP GET /api/systemmonitor responded 200 in 6.6578 ms] [PID => 88827] 
[2025-07-12 14:00:55 INF] [Serilog.AspNetCore.RequestLoggingMiddleware File => (:)] [Message => HTTP GET /api/systemmonitor responded 200 in 21.9470 ms] [PID => 88827] 
[2025-07-12 14:00:55 INF] [Serilog.AspNetCore.RequestLoggingMiddleware File => (:)] [Message => HTTP GET /api/systemmonitor responded 200 in 4.2036 ms] [PID => 88827] 
[2025-07-12 14:00:55 INF] [Serilog.AspNetCore.RequestLoggingMiddleware File => (:)] [Message => HTTP GET /api/systemmonitor responded 200 in 4.7377 ms] [PID => 88827] 
[2025-07-12 14:01:54 INF] [Serilog.AspNetCore.RequestLoggingMiddleware File => (:)] [Message => HTTP GET /api/systemmonitor responded 200 in 58.7008 ms] [PID => 88827] 
[2025-07-12 14:01:54 INF] [Serilog.AspNetCore.RequestLoggingMiddleware File => (:)] [Message => HTTP GET /api/systemmonitor responded 200 in 4.9437 ms] [PID => 88827] 
[2025-07-12 14:01:54 INF] [Serilog.AspNetCore.RequestLoggingMiddleware File => (:)] [Message => HTTP GET /api/systemmonitor responded 200 in 3.1430 ms] [PID => 88827] 
[2025-07-12 14:01:54 INF] [Serilog.AspNetCore.RequestLoggingMiddleware File => (:)] [Message => HTTP GET /api/systemmonitor responded 200 in 3.0687 ms] [PID => 88827] 
[2025-07-12 14:02:45 INF] [Serilog.AspNetCore.RequestLoggingMiddleware File => (:)] [Message => HTTP GET /api/systemmonitor responded 200 in 58.5063 ms] [PID => 88827] 
[2025-07-12 14:02:45 INF] [Serilog.AspNetCore.RequestLoggingMiddleware File => (:)] [Message => HTTP GET /api/systemmonitor responded 200 in 71.8611 ms] [PID => 88827] 
[2025-07-12 14:02:45 INF] [Serilog.AspNetCore.RequestLoggingMiddleware File => (:)] [Message => HTTP GET /api/systemmonitor responded 200 in 5.0488 ms] [PID => 88827] 
[2025-07-12 14:12:08 INF] [Serilog.AspNetCore.RequestLoggingMiddleware File => (:)] [Message => HTTP GET /api/systemmonitor responded 200 in 107.0805 ms] [PID => 88827] 
[2025-07-12 14:12:08 INF] [Serilog.AspNetCore.RequestLoggingMiddleware File => (:)] [Message => HTTP GET /api/systemmonitor responded 200 in 3.8478 ms] [PID => 88827] 
[2025-07-12 14:21:09 INF] [Serilog.AspNetCore.RequestLoggingMiddleware File => (:)] [Message => HTTP GET /api/systemmonitor responded 200 in 333.4278 ms] [PID => 88827] 
[2025-07-12 14:21:09 INF] [Serilog.AspNetCore.RequestLoggingMiddleware File => (:)] [Message => HTTP GET /api/systemmonitor responded 200 in 6.7416 ms] [PID => 88827] 
[2025-07-12 14:21:09 INF] [Serilog.AspNetCore.RequestLoggingMiddleware File => (:)] [Message => HTTP GET /api/systemmonitor responded 200 in 10.6042 ms] [PID => 88827] 
[2025-07-12 14:21:09 INF] [Serilog.AspNetCore.RequestLoggingMiddleware File => (:)] [Message => HTTP GET /api/systemmonitor responded 200 in 4.9259 ms] [PID => 88827] 
[2025-07-12 14:21:10 INF] [Serilog.AspNetCore.RequestLoggingMiddleware File => (:)] [Message => HTTP GET /api/systemmonitor responded 200 in 22.9751 ms] [PID => 88827] 
[2025-07-12 14:21:10 INF] [Serilog.AspNetCore.RequestLoggingMiddleware File => (:)] [Message => HTTP GET /api/systemmonitor responded 200 in 7.0895 ms] [PID => 88827] 
[2025-07-12 14:24:55 INF] [Serilog.AspNetCore.RequestLoggingMiddleware File => (:)] [Message => HTTP GET /api/systemmonitor responded 200 in 44.6697 ms] [PID => 88827] 
[2025-07-12 14:24:55 INF] [Serilog.AspNetCore.RequestLoggingMiddleware File => (:)] [Message => HTTP GET /api/systemmonitor responded 200 in 66.7778 ms] [PID => 88827] 
[2025-07-12 14:24:55 INF] [Serilog.AspNetCore.RequestLoggingMiddleware File => (:)] [Message => HTTP GET /api/systemmonitor responded 200 in 3.5429 ms] [PID => 88827] 
[2025-07-12 14:25:31 INF] [Serilog.AspNetCore.RequestLoggingMiddleware File => (:)] [Message => HTTP GET /api/systemmonitor responded 200 in 17.3270 ms] [PID => 88827] 
[2025-07-12 14:25:31 INF] [Serilog.AspNetCore.RequestLoggingMiddleware File => (:)] [Message => HTTP GET /api/systemmonitor responded 200 in 6.7219 ms] [PID => 88827] 
[2025-07-12 14:25:41 INF] [Serilog.AspNetCore.RequestLoggingMiddleware File => (:)] [Message => HTTP GET /api/systemmonitor responded 200 in 25.7300 ms] [PID => 88827] 
[2025-07-12 14:26:01 INF] [Serilog.AspNetCore.RequestLoggingMiddleware File => (:)] [Message => HTTP GET /api/systemmonitor responded 200 in 18.3954 ms] [PID => 88827] 
[2025-07-12 14:26:01 INF] [Serilog.AspNetCore.RequestLoggingMiddleware File => (:)] [Message => HTTP GET /api/systemmonitor responded 200 in 4.2958 ms] [PID => 88827] 
[2025-07-12 14:26:01 INF] [Serilog.AspNetCore.RequestLoggingMiddleware File => (:)] [Message => HTTP GET /api/systemmonitor responded 200 in 2.2263 ms] [PID => 88827] 
[2025-07-12 14:26:01 INF] [Serilog.AspNetCore.RequestLoggingMiddleware File => (:)] [Message => HTTP GET /api/systemmonitor responded 200 in 2.4755 ms] [PID => 88827] 
[2025-07-12 14:26:06 INF] [Serilog.AspNetCore.RequestLoggingMiddleware File => (:)] [Message => HTTP GET /api/systemmonitor responded 200 in 7.4307 ms] [PID => 88827] 
[2025-07-12 14:26:06 INF] [Serilog.AspNetCore.RequestLoggingMiddleware File => (:)] [Message => HTTP GET /api/systemmonitor responded 200 in 4.6658 ms] [PID => 88827] 
[2025-07-12 14:29:57 INF] [Serilog.AspNetCore.RequestLoggingMiddleware File => (:)] [Message => HTTP GET /api/systemmonitor responded 200 in 58.4455 ms] [PID => 88827] 
[2025-07-12 14:29:57 INF] [Serilog.AspNetCore.RequestLoggingMiddleware File => (:)] [Message => HTTP GET /api/systemmonitor responded 200 in 74.0375 ms] [PID => 88827] 
[2025-07-12 14:29:57 INF] [Serilog.AspNetCore.RequestLoggingMiddleware File => (:)] [Message => HTTP GET /api/systemmonitor responded 200 in 73.3463 ms] [PID => 88827] 
[2025-07-12 14:29:57 INF] [Serilog.AspNetCore.RequestLoggingMiddleware File => (:)] [Message => HTTP GET /api/systemmonitor responded 200 in 74.1205 ms] [PID => 88827] 
[2025-07-12 14:29:58 INF] [Serilog.AspNetCore.RequestLoggingMiddleware File => (:)] [Message => HTTP GET /api/systemmonitor responded 200 in 24.6139 ms] [PID => 88827] 
[2025-07-12 14:29:58 INF] [Serilog.AspNetCore.RequestLoggingMiddleware File => (:)] [Message => HTTP GET /api/systemmonitor responded 200 in 23.1476 ms] [PID => 88827] 
[2025-07-12 14:31:01 INF] [Serilog.AspNetCore.RequestLoggingMiddleware File => (:)] [Message => HTTP GET /api/systemmonitor responded 200 in 27.8173 ms] [PID => 88827] 
[2025-07-12 14:31:02 INF] [Serilog.AspNetCore.RequestLoggingMiddleware File => (:)] [Message => HTTP GET /api/systemmonitor responded 200 in 13.9669 ms] [PID => 88827] 
[2025-07-12 18:52:04 INF] [Serilog.AspNetCore.RequestLoggingMiddleware File => (:)] [Message => HTTP GET /api/systemmonitor responded 200 in 354.4418 ms] [PID => 88827] 
[2025-07-12 18:52:04 INF] [Serilog.AspNetCore.RequestLoggingMiddleware File => (:)] [Message => HTTP GET /api/systemmonitor responded 200 in 354.4590 ms] [PID => 88827] 
[2025-07-12 18:52:12 INF] [Serilog.AspNetCore.RequestLoggingMiddleware File => (:)] [Message => HTTP GET /api/v1/Plugins responded 200 in 309.2490 ms] [PID => 88827] 
[2025-07-12 18:52:12 INF] [Serilog.AspNetCore.RequestLoggingMiddleware File => (:)] [Message => HTTP GET /api/v1/Plugins responded 200 in 309.2969 ms] [PID => 88827] 
[2025-07-12 23:12:43 INF] [Serilog.AspNetCore.RequestLoggingMiddleware File => (:)] [Message => HTTP GET /api/systemmonitor responded 200 in 232.3631 ms] [PID => 88827] 
[2025-07-12 23:12:46 INF] [Serilog.AspNetCore.RequestLoggingMiddleware File => (:)] [Message => HTTP GET /api/systemmonitor responded 200 in 224.3184 ms] [PID => 88827] 
[2025-07-12 23:12:54 INF] [Serilog.AspNetCore.RequestLoggingMiddleware File => (:)] [Message => HTTP GET /api/systemmonitor responded 200 in 90.9368 ms] [PID => 88827] 
[2025-07-12 23:17:07 INF] [Serilog.AspNetCore.RequestLoggingMiddleware File => (:)] [Message => HTTP GET /api/systemmonitor responded 200 in 37.8568 ms] [PID => 88827] 
[2025-07-12 23:17:56 INF] [Serilog.AspNetCore.RequestLoggingMiddleware File => (:)] [Message => HTTP GET /api/systemmonitor responded 200 in 234.9607 ms] [PID => 88827] 
[2025-07-12 23:19:24 INF] [Serilog.AspNetCore.RequestLoggingMiddleware File => (:)] [Message => HTTP GET /api/systemmonitor responded 200 in 194.7077 ms] [PID => 88827] 
[2025-07-12 23:23:53 INF] [Serilog.AspNetCore.RequestLoggingMiddleware File => (:)] [Message => HTTP GET /api/systemmonitor responded 200 in 409.7189 ms] [PID => 88827] 
[2025-07-12 23:23:55 INF] [Serilog.AspNetCore.RequestLoggingMiddleware File => (:)] [Message => HTTP GET /api/systemmonitor responded 200 in 57.2950 ms] [PID => 88827] 
[2025-07-12 23:33:58 INF] [Serilog.AspNetCore.RequestLoggingMiddleware File => (:)] [Message => HTTP GET /api/systemmonitor responded 200 in 204.7020 ms] [PID => 88827] 
[2025-07-12 23:34:00 INF] [Serilog.AspNetCore.RequestLoggingMiddleware File => (:)] [Message => HTTP GET /api/systemmonitor responded 200 in 18.5029 ms] [PID => 88827] 
[2025-07-12 23:35:02 INF] [Serilog.AspNetCore.RequestLoggingMiddleware File => (:)] [Message => HTTP GET /api/systemmonitor responded 200 in 60.9462 ms] [PID => 88827] 
[2025-07-12 23:50:20 INF] [Serilog.AspNetCore.RequestLoggingMiddleware File => (:)] [Message => HTTP GET /api/systemmonitor responded 200 in 185.7318 ms] [PID => 88827] 
[2025-07-12 23:50:22 INF] [Serilog.AspNetCore.RequestLoggingMiddleware File => (:)] [Message => HTTP GET /api/systemmonitor responded 200 in 15.8036 ms] [PID => 88827] 
