[2025-07-08 02:20:28 INF] [Serilog.AspNetCore.RequestLoggingMiddleware File => (:)] [Message => HTTP GET /api/systemmonitor/7a836663-e994-42e9-8a07-7883f98eb12b responded 200 in 108.3276 ms] [PID => 73047] 
[2025-07-08 02:20:28 INF] [Serilog.AspNetCore.RequestLoggingMiddleware File => (:)] [Message => HTTP GET /api/v1/MonitorResults/7a836663-e994-42e9-8a07-7883f98eb12b responded 200 in 136.8053 ms] [PID => 73047] 
[2025-07-08 02:24:10 INF] [Serilog.AspNetCore.RequestLoggingMiddleware File => (:)] [Message => HTTP GET /api/v1/Plugins responded 200 in 17.1317 ms] [PID => 73047] 
[2025-07-08 02:24:10 INF] [Serilog.AspNetCore.RequestLoggingMiddleware File => (:)] [Message => HTTP GET /api/systemmonitor/7a836663-e994-42e9-8a07-7883f98eb12b responded 200 in 23.3479 ms] [PID => 73047] 
[2025-07-08 02:24:10 INF] [Serilog.AspNetCore.RequestLoggingMiddleware File => (:)] [Message => HTTP GET /api/v1/Plugins responded 200 in 4.1390 ms] [PID => 73047] 
[2025-07-08 02:24:10 INF] [Serilog.AspNetCore.RequestLoggingMiddleware File => (:)] [Message => HTTP GET /api/systemmonitor/7a836663-e994-42e9-8a07-7883f98eb12b responded 200 in 4.3938 ms] [PID => 73047] 
[2025-07-08 02:30:13 INF] [Serilog.AspNetCore.RequestLoggingMiddleware File => (:)] [Message => HTTP GET /api/systemmonitor/7a836663-e994-42e9-8a07-7883f98eb12b responded 200 in 84.6794 ms] [PID => 73047] 
[2025-07-08 02:30:13 INF] [Serilog.AspNetCore.RequestLoggingMiddleware File => (:)] [Message => HTTP GET /api/v1/MonitorResults/7a836663-e994-42e9-8a07-7883f98eb12b responded 200 in 88.9767 ms] [PID => 73047] 
[2025-07-08 02:30:19 INF] [Serilog.AspNetCore.RequestLoggingMiddleware File => (:)] [Message => HTTP GET /api/v1/Plugins responded 200 in 9.8325 ms] [PID => 73047] 
[2025-07-08 02:30:19 INF] [Serilog.AspNetCore.RequestLoggingMiddleware File => (:)] [Message => HTTP GET /api/v1/Plugins responded 200 in 4.2883 ms] [PID => 73047] 
[2025-07-08 02:30:19 INF] [Serilog.AspNetCore.RequestLoggingMiddleware File => (:)] [Message => HTTP GET /api/systemmonitor/7a836663-e994-42e9-8a07-7883f98eb12b responded 200 in 14.2574 ms] [PID => 73047] 
[2025-07-08 02:30:19 INF] [Serilog.AspNetCore.RequestLoggingMiddleware File => (:)] [Message => HTTP GET /api/systemmonitor/7a836663-e994-42e9-8a07-7883f98eb12b responded 200 in 7.3628 ms] [PID => 73047] 
[2025-07-08 03:27:46 INF] [Serilog.AspNetCore.RequestLoggingMiddleware File => (:)] [Message => HTTP GET /api/v1/MonitorResults/device-53 responded 404 in 1.7395 ms] [PID => 73047] 
[2025-07-08 03:27:46 INF] [Serilog.AspNetCore.RequestLoggingMiddleware File => (:)] [Message => HTTP GET /api/systemmonitor/device-53 responded 404 in 1.7396 ms] [PID => 73047] 
[2025-07-08 03:29:09 INF] [Serilog.AspNetCore.RequestLoggingMiddleware File => (:)] [Message => HTTP GET /api/v1/MonitorResults/device-59 responded 404 in 0.1920 ms] [PID => 73047] 
[2025-07-08 03:29:09 INF] [Serilog.AspNetCore.RequestLoggingMiddleware File => (:)] [Message => HTTP GET /api/systemmonitor/device-59 responded 404 in 0.1968 ms] [PID => 73047] 
[2025-07-08 03:33:40 INF] [Serilog.AspNetCore.RequestLoggingMiddleware File => (:)] [Message => HTTP GET /api/systemmonitor/device-59 responded 404 in 2.0869 ms] [PID => 73047] 
[2025-07-08 03:33:40 INF] [Serilog.AspNetCore.RequestLoggingMiddleware File => (:)] [Message => HTTP GET /api/v1/MonitorResults/device-59 responded 404 in 2.3021 ms] [PID => 73047] 
[2025-07-08 03:34:29 INF] [Serilog.AspNetCore.RequestLoggingMiddleware File => (:)] [Message => HTTP GET /api/systemmonitor/device-59 responded 404 in 0.0028 ms] [PID => 73047] 
[2025-07-08 03:34:29 INF] [Serilog.AspNetCore.RequestLoggingMiddleware File => (:)] [Message => HTTP GET /api/v1/MonitorResults/device-59 responded 404 in 0.1653 ms] [PID => 73047] 
[2025-07-08 03:44:52 INF] [Serilog.AspNetCore.RequestLoggingMiddleware File => (:)] [Message => HTTP GET /api/systemmonitor responded 200 in 123.3663 ms] [PID => 73047] 
[2025-07-08 03:44:52 INF] [Serilog.AspNetCore.RequestLoggingMiddleware File => (:)] [Message => HTTP GET /api/systemmonitor responded 200 in 2.9305 ms] [PID => 73047] 
[2025-07-08 03:44:54 INF] [Serilog.AspNetCore.RequestLoggingMiddleware File => (:)] [Message => HTTP GET /api/v1/Plugins responded 200 in 23.0448 ms] [PID => 73047] 
[2025-07-08 03:44:54 INF] [Serilog.AspNetCore.RequestLoggingMiddleware File => (:)] [Message => HTTP GET /api/v1/Plugins responded 200 in 3.6760 ms] [PID => 73047] 
[2025-07-08 03:55:52 INF] [Serilog.AspNetCore.RequestLoggingMiddleware File => (:)] [Message => HTTP GET /api/systemmonitor responded 200 in 134.9128 ms] [PID => 73047] 
[2025-07-08 03:55:52 INF] [Serilog.AspNetCore.RequestLoggingMiddleware File => (:)] [Message => HTTP GET /api/v1/Plugins responded 200 in 134.3739 ms] [PID => 73047] 
[2025-07-08 03:55:52 INF] [Serilog.AspNetCore.RequestLoggingMiddleware File => (:)] [Message => HTTP GET /api/systemmonitor responded 200 in 133.5510 ms] [PID => 73047] 
[2025-07-08 03:55:52 INF] [Serilog.AspNetCore.RequestLoggingMiddleware File => (:)] [Message => HTTP GET /api/v1/Plugins responded 200 in 134.9077 ms] [PID => 73047] 
[2025-07-08 03:56:02 INF] [Serilog.AspNetCore.RequestLoggingMiddleware File => (:)] [Message => HTTP GET /api/v1/Plugins responded 200 in 3.0687 ms] [PID => 73047] 
[2025-07-08 03:56:02 INF] [Serilog.AspNetCore.RequestLoggingMiddleware File => (:)] [Message => HTTP GET /api/systemmonitor responded 200 in 3.3058 ms] [PID => 73047] 
[2025-07-08 03:56:02 INF] [Serilog.AspNetCore.RequestLoggingMiddleware File => (:)] [Message => HTTP GET /api/v1/Plugins responded 200 in 3.6522 ms] [PID => 73047] 
[2025-07-08 03:56:02 INF] [Serilog.AspNetCore.RequestLoggingMiddleware File => (:)] [Message => HTTP GET /api/systemmonitor responded 200 in 3.9770 ms] [PID => 73047] 
[2025-07-08 08:10:20 WRN] [Microsoft.AspNetCore.Server.Kestrel File => (:)] [Message => As of ""2025-07-08T07:10:13.9468370+00:00"", the heartbeat has been running for ""00:00:01.1008195"" which is longer than ""00:00:01"". This could be caused by thread pool starvation.] [PID => 73047] 
[2025-07-08 10:26:31 INF] [Serilog.AspNetCore.RequestLoggingMiddleware File => (:)] [Message => HTTP GET /api/systemmonitor responded 200 in 453.4565 ms] [PID => 73047] 
[2025-07-08 10:26:31 INF] [Serilog.AspNetCore.RequestLoggingMiddleware File => (:)] [Message => HTTP GET /api/systemmonitor responded 200 in 10.5695 ms] [PID => 73047] 
[2025-07-08 10:26:44 INF] [Serilog.AspNetCore.RequestLoggingMiddleware File => (:)] [Message => HTTP GET /api/systemmonitor/7a836663-e994-42e9-8a07-7883f98eb12b responded 200 in 98.2672 ms] [PID => 73047] 
[2025-07-08 10:26:44 INF] [Serilog.AspNetCore.RequestLoggingMiddleware File => (:)] [Message => HTTP GET /api/systemmonitor/7a836663-e994-42e9-8a07-7883f98eb12b responded 200 in 12.7072 ms] [PID => 73047] 
[2025-07-08 10:26:44 INF] [Serilog.AspNetCore.RequestLoggingMiddleware File => (:)] [Message => HTTP GET /api/v1/MonitorResults/7a836663-e994-42e9-8a07-7883f98eb12b responded 200 in 21.7247 ms] [PID => 73047] 
[2025-07-08 10:26:44 INF] [Serilog.AspNetCore.RequestLoggingMiddleware File => (:)] [Message => HTTP GET /api/v1/MonitorResults/7a836663-e994-42e9-8a07-7883f98eb12b responded 200 in 150.3523 ms] [PID => 73047] 
[2025-07-08 10:29:32 INF] [Serilog.AspNetCore.RequestLoggingMiddleware File => (:)] [Message => HTTP GET /api/systemmonitor responded 200 in 35.2219 ms] [PID => 73047] 
[2025-07-08 10:29:32 INF] [Serilog.AspNetCore.RequestLoggingMiddleware File => (:)] [Message => HTTP GET /api/systemmonitor responded 200 in 28.1163 ms] [PID => 73047] 
[2025-07-08 10:52:50 INF] [Serilog.AspNetCore.RequestLoggingMiddleware File => (:)] [Message => HTTP GET /api/systemmonitor responded 200 in 130.9271 ms] [PID => 73047] 
[2025-07-08 10:53:24 INF] [Serilog.AspNetCore.RequestLoggingMiddleware File => (:)] [Message => HTTP GET /api/systemmonitor responded 200 in 23.3970 ms] [PID => 73047] 
[2025-07-08 10:53:24 INF] [Serilog.AspNetCore.RequestLoggingMiddleware File => (:)] [Message => HTTP GET /api/systemmonitor responded 200 in 18.2269 ms] [PID => 73047] 
[2025-07-08 10:53:49 INF] [Serilog.AspNetCore.RequestLoggingMiddleware File => (:)] [Message => HTTP GET /api/systemmonitor responded 200 in 17.3758 ms] [PID => 73047] 
[2025-07-08 10:53:49 INF] [Serilog.AspNetCore.RequestLoggingMiddleware File => (:)] [Message => HTTP GET /api/systemmonitor responded 200 in 60.3349 ms] [PID => 73047] 
[2025-07-08 13:53:16 INF] [Serilog.AspNetCore.RequestLoggingMiddleware File => (:)] [Message => HTTP GET /api/systemmonitor responded 200 in 131.1878 ms] [PID => 73047] 
[2025-07-08 13:53:16 INF] [Serilog.AspNetCore.RequestLoggingMiddleware File => (:)] [Message => HTTP GET /api/systemmonitor responded 200 in 131.0437 ms] [PID => 73047] 
[2025-07-08 14:19:25 INF] [Serilog.AspNetCore.RequestLoggingMiddleware File => (:)] [Message => HTTP GET /api/systemmonitor responded 200 in 111.4118 ms] [PID => 73047] 
[2025-07-08 14:19:35 INF] [Serilog.AspNetCore.RequestLoggingMiddleware File => (:)] [Message => HTTP GET /api/systemmonitor responded 200 in 55.4365 ms] [PID => 73047] 
[2025-07-08 14:23:57 INF] [Serilog.AspNetCore.RequestLoggingMiddleware File => (:)] [Message => HTTP GET /api/systemmonitor responded 200 in 44.5062 ms] [PID => 73047] 
[2025-07-08 14:24:11 INF] [Serilog.AspNetCore.RequestLoggingMiddleware File => (:)] [Message => HTTP GET /api/systemmonitor responded 200 in 36.1168 ms] [PID => 73047] 
[2025-07-08 14:25:41 INF] [Serilog.AspNetCore.RequestLoggingMiddleware File => (:)] [Message => HTTP GET /api/systemmonitor responded 200 in 90.4759 ms] [PID => 73047] 
[2025-07-08 14:25:51 INF] [Serilog.AspNetCore.RequestLoggingMiddleware File => (:)] [Message => HTTP GET /api/systemmonitor responded 200 in 25.6292 ms] [PID => 73047] 
[2025-07-08 14:26:32 INF] [Serilog.AspNetCore.RequestLoggingMiddleware File => (:)] [Message => HTTP GET /api/systemmonitor responded 200 in 21.7625 ms] [PID => 73047] 
[2025-07-08 14:26:32 INF] [Serilog.AspNetCore.RequestLoggingMiddleware File => (:)] [Message => HTTP GET /api/systemmonitor responded 200 in 131.4060 ms] [PID => 73047] 
[2025-07-08 14:31:23 INF] [Serilog.AspNetCore.RequestLoggingMiddleware File => (:)] [Message => HTTP GET /api/systemmonitor responded 200 in 64.3229 ms] [PID => 73047] 
[2025-07-08 14:31:27 INF] [Serilog.AspNetCore.RequestLoggingMiddleware File => (:)] [Message => HTTP GET /api/systemmonitor responded 200 in 4.7196 ms] [PID => 73047] 
[2025-07-08 14:31:27 INF] [Serilog.AspNetCore.RequestLoggingMiddleware File => (:)] [Message => HTTP GET /api/systemmonitor responded 200 in 72.3040 ms] [PID => 73047] 
[2025-07-08 14:36:41 INF] [Serilog.AspNetCore.RequestLoggingMiddleware File => (:)] [Message => HTTP GET /api/systemmonitor responded 200 in 257.4740 ms] [PID => 73047] 
[2025-07-08 14:36:43 INF] [Serilog.AspNetCore.RequestLoggingMiddleware File => (:)] [Message => HTTP GET /api/systemmonitor responded 200 in 9.3905 ms] [PID => 73047] 
[2025-07-08 14:36:51 INF] [Serilog.AspNetCore.RequestLoggingMiddleware File => (:)] [Message => HTTP GET /api/systemmonitor responded 200 in 14.7145 ms] [PID => 73047] 
[2025-07-08 14:36:53 INF] [Serilog.AspNetCore.RequestLoggingMiddleware File => (:)] [Message => HTTP GET /api/systemmonitor responded 200 in 12.8939 ms] [PID => 73047] 
[2025-07-08 14:37:30 INF] [Serilog.AspNetCore.RequestLoggingMiddleware File => (:)] [Message => HTTP GET /api/systemmonitor responded 200 in 16.6873 ms] [PID => 73047] 
[2025-07-08 14:37:46 INF] [Serilog.AspNetCore.RequestLoggingMiddleware File => (:)] [Message => HTTP GET /api/systemmonitor responded 200 in 22.9125 ms] [PID => 73047] 
[2025-07-08 14:39:58 INF] [Serilog.AspNetCore.RequestLoggingMiddleware File => (:)] [Message => HTTP GET /api/systemmonitor responded 200 in 106.7033 ms] [PID => 73047] 
[2025-07-08 14:42:16 INF] [Serilog.AspNetCore.RequestLoggingMiddleware File => (:)] [Message => HTTP GET /api/systemmonitor responded 200 in 118.7930 ms] [PID => 73047] 
[2025-07-08 14:42:26 INF] [Serilog.AspNetCore.RequestLoggingMiddleware File => (:)] [Message => HTTP GET /api/systemmonitor responded 200 in 34.4450 ms] [PID => 73047] 
[2025-07-08 14:42:54 INF] [Serilog.AspNetCore.RequestLoggingMiddleware File => (:)] [Message => HTTP GET /api/systemmonitor responded 200 in 44.4430 ms] [PID => 73047] 
[2025-07-08 15:05:26 INF] [Serilog.AspNetCore.RequestLoggingMiddleware File => (:)] [Message => HTTP GET /api/systemmonitor responded 200 in 157.5507 ms] [PID => 73047] 
[2025-07-08 15:05:26 INF] [Serilog.AspNetCore.RequestLoggingMiddleware File => (:)] [Message => HTTP GET /api/systemmonitor responded 200 in 157.5508 ms] [PID => 73047] 
[2025-07-08 15:07:03 INF] [Serilog.AspNetCore.RequestLoggingMiddleware File => (:)] [Message => HTTP GET /api/v1/Plugins responded 200 in 28.5850 ms] [PID => 73047] 
[2025-07-08 15:07:03 INF] [Serilog.AspNetCore.RequestLoggingMiddleware File => (:)] [Message => HTTP GET /api/v1/Plugins responded 200 in 11.0206 ms] [PID => 73047] 
[2025-07-08 15:07:48 INF] [Serilog.AspNetCore.RequestLoggingMiddleware File => (:)] [Message => HTTP GET /api/v1/Plugins responded 200 in 14.4109 ms] [PID => 73047] 
[2025-07-08 15:07:48 INF] [Serilog.AspNetCore.RequestLoggingMiddleware File => (:)] [Message => HTTP GET /api/systemmonitor responded 200 in 13.3138 ms] [PID => 73047] 
[2025-07-08 15:07:48 INF] [Serilog.AspNetCore.RequestLoggingMiddleware File => (:)] [Message => HTTP GET /api/v1/Plugins responded 200 in 3.6490 ms] [PID => 73047] 
[2025-07-08 15:07:48 INF] [Serilog.AspNetCore.RequestLoggingMiddleware File => (:)] [Message => HTTP GET /api/systemmonitor responded 200 in 4.2903 ms] [PID => 73047] 
[2025-07-08 15:07:52 INF] [Serilog.AspNetCore.RequestLoggingMiddleware File => (:)] [Message => HTTP POST /api/systemmonitor responded 201 in 463.2756 ms] [PID => 73047] 
[2025-07-08 15:07:52 INF] [Serilog.AspNetCore.RequestLoggingMiddleware File => (:)] [Message => HTTP GET /api/systemmonitor responded 200 in 4.1576 ms] [PID => 73047] 
[2025-07-08 15:19:31 INF] [Serilog.AspNetCore.RequestLoggingMiddleware File => (:)] [Message => HTTP GET /api/systemmonitor/13f773bb-fc38-4cea-a377-fb571570ceda responded 200 in 116.9213 ms] [PID => 73047] 
[2025-07-08 15:19:31 INF] [Serilog.AspNetCore.RequestLoggingMiddleware File => (:)] [Message => HTTP GET /api/v1/MonitorResults/13f773bb-fc38-4cea-a377-fb571570ceda responded 200 in 128.3468 ms] [PID => 73047] 
[2025-07-08 15:19:31 INF] [Serilog.AspNetCore.RequestLoggingMiddleware File => (:)] [Message => HTTP GET /api/systemmonitor/13f773bb-fc38-4cea-a377-fb571570ceda responded 200 in 10.6118 ms] [PID => 73047] 
[2025-07-08 15:19:31 INF] [Serilog.AspNetCore.RequestLoggingMiddleware File => (:)] [Message => HTTP GET /api/v1/MonitorResults/13f773bb-fc38-4cea-a377-fb571570ceda responded 200 in 10.6488 ms] [PID => 73047] 
[2025-07-08 15:20:03 INF] [Serilog.AspNetCore.RequestLoggingMiddleware File => (:)] [Message => HTTP GET /api/systemmonitor responded 200 in 51.0653 ms] [PID => 73047] 
[2025-07-08 15:20:03 INF] [Serilog.AspNetCore.RequestLoggingMiddleware File => (:)] [Message => HTTP GET /api/v1/MonitorResults/13f773bb-fc38-4cea-a377-fb571570ceda responded 200 in 75.7554 ms] [PID => 73047] 
[2025-07-08 15:20:03 INF] [Serilog.AspNetCore.RequestLoggingMiddleware File => (:)] [Message => HTTP GET /api/systemmonitor/13f773bb-fc38-4cea-a377-fb571570ceda responded 200 in 101.6863 ms] [PID => 73047] 
[2025-07-08 15:34:56 INF] [Serilog.AspNetCore.RequestLoggingMiddleware File => (:)] [Message => HTTP GET /api/systemmonitor responded 200 in 85.7449 ms] [PID => 73047] 
[2025-07-08 15:34:56 INF] [Serilog.AspNetCore.RequestLoggingMiddleware File => (:)] [Message => HTTP GET /api/systemmonitor/13f773bb-fc38-4cea-a377-fb571570ceda responded 200 in 85.8657 ms] [PID => 73047] 
[2025-07-08 15:34:56 INF] [Serilog.AspNetCore.RequestLoggingMiddleware File => (:)] [Message => HTTP GET /api/v1/MonitorResults/13f773bb-fc38-4cea-a377-fb571570ceda responded 200 in 91.9992 ms] [PID => 73047] 
[2025-07-08 15:47:34 INF] [Serilog.AspNetCore.RequestLoggingMiddleware File => (:)] [Message => HTTP GET /api/systemmonitor responded 200 in 76.9221 ms] [PID => 73047] 
[2025-07-08 15:47:34 INF] [Serilog.AspNetCore.RequestLoggingMiddleware File => (:)] [Message => HTTP GET /api/systemmonitor/13f773bb-fc38-4cea-a377-fb571570ceda responded 200 in 76.9731 ms] [PID => 73047] 
[2025-07-08 15:47:34 INF] [Serilog.AspNetCore.RequestLoggingMiddleware File => (:)] [Message => HTTP GET /api/v1/MonitorResults/13f773bb-fc38-4cea-a377-fb571570ceda responded 200 in 89.5818 ms] [PID => 73047] 
[2025-07-08 15:59:11 INF] [Serilog.AspNetCore.RequestLoggingMiddleware File => (:)] [Message => HTTP GET /api/systemmonitor/13f773bb-fc38-4cea-a377-fb571570ceda responded 200 in 38.3461 ms] [PID => 73047] 
[2025-07-08 15:59:11 INF] [Serilog.AspNetCore.RequestLoggingMiddleware File => (:)] [Message => HTTP GET /api/systemmonitor responded 200 in 38.2950 ms] [PID => 73047] 
[2025-07-08 15:59:11 INF] [Serilog.AspNetCore.RequestLoggingMiddleware File => (:)] [Message => HTTP GET /api/v1/MonitorResults/13f773bb-fc38-4cea-a377-fb571570ceda responded 200 in 44.8491 ms] [PID => 73047] 
[2025-07-08 16:05:35 INF] [Serilog.AspNetCore.RequestLoggingMiddleware File => (:)] [Message => HTTP GET /api/systemmonitor responded 200 in 33.0692 ms] [PID => 73047] 
[2025-07-08 16:05:35 INF] [Serilog.AspNetCore.RequestLoggingMiddleware File => (:)] [Message => HTTP GET /api/systemmonitor/13f773bb-fc38-4cea-a377-fb571570ceda responded 200 in 35.4468 ms] [PID => 73047] 
[2025-07-08 16:05:35 INF] [Serilog.AspNetCore.RequestLoggingMiddleware File => (:)] [Message => HTTP GET /api/v1/MonitorResults/13f773bb-fc38-4cea-a377-fb571570ceda responded 200 in 36.5731 ms] [PID => 73047] 
[2025-07-08 17:34:27 INF] [Serilog.AspNetCore.RequestLoggingMiddleware File => (:)] [Message => HTTP GET /api/systemmonitor responded 200 in 143.7546 ms] [PID => 73047] 
[2025-07-08 17:34:27 INF] [Serilog.AspNetCore.RequestLoggingMiddleware File => (:)] [Message => HTTP GET /api/systemmonitor responded 200 in 6.6318 ms] [PID => 73047] 
[2025-07-08 17:34:27 INF] [Serilog.AspNetCore.RequestLoggingMiddleware File => (:)] [Message => HTTP GET /api/systemmonitor responded 200 in 9.4673 ms] [PID => 73047] 
[2025-07-08 17:34:27 INF] [Serilog.AspNetCore.RequestLoggingMiddleware File => (:)] [Message => HTTP GET /api/systemmonitor responded 200 in 23.2635 ms] [PID => 73047] 
[2025-07-08 17:34:36 INF] [Serilog.AspNetCore.RequestLoggingMiddleware File => (:)] [Message => HTTP GET /api/v1/Plugins responded 200 in 27.2221 ms] [PID => 73047] 
[2025-07-08 17:34:36 INF] [Serilog.AspNetCore.RequestLoggingMiddleware File => (:)] [Message => HTTP GET /api/v1/Plugins responded 200 in 7.2965 ms] [PID => 73047] 
[2025-07-08 17:35:14 INF] [Serilog.AspNetCore.RequestLoggingMiddleware File => (:)] [Message => HTTP GET /api/v1/Plugins responded 200 in 20.6884 ms] [PID => 73047] 
[2025-07-08 17:35:14 INF] [Serilog.AspNetCore.RequestLoggingMiddleware File => (:)] [Message => HTTP GET /api/v1/Plugins responded 200 in 2.4114 ms] [PID => 73047] 
[2025-07-08 17:35:14 INF] [Serilog.AspNetCore.RequestLoggingMiddleware File => (:)] [Message => HTTP GET /api/systemmonitor responded 200 in 37.9033 ms] [PID => 73047] 
[2025-07-08 17:35:14 INF] [Serilog.AspNetCore.RequestLoggingMiddleware File => (:)] [Message => HTTP GET /api/systemmonitor responded 200 in 5.8220 ms] [PID => 73047] 
[2025-07-08 17:35:26 INF] [Serilog.AspNetCore.RequestLoggingMiddleware File => (:)] [Message => HTTP GET /api/systemmonitor responded 200 in 8.6165 ms] [PID => 73047] 
[2025-07-08 17:35:26 INF] [Serilog.AspNetCore.RequestLoggingMiddleware File => (:)] [Message => HTTP GET /api/v1/Plugins responded 200 in 8.4020 ms] [PID => 73047] 
[2025-07-08 17:35:26 INF] [Serilog.AspNetCore.RequestLoggingMiddleware File => (:)] [Message => HTTP GET /api/v1/Plugins responded 200 in 3.6913 ms] [PID => 73047] 
[2025-07-08 17:35:26 INF] [Serilog.AspNetCore.RequestLoggingMiddleware File => (:)] [Message => HTTP GET /api/systemmonitor responded 200 in 5.5972 ms] [PID => 73047] 
[2025-07-08 17:36:20 INF] [Serilog.AspNetCore.RequestLoggingMiddleware File => (:)] [Message => HTTP GET /api/systemmonitor responded 200 in 19.2702 ms] [PID => 73047] 
[2025-07-08 17:36:20 INF] [Serilog.AspNetCore.RequestLoggingMiddleware File => (:)] [Message => HTTP GET /api/systemmonitor responded 200 in 9.2798 ms] [PID => 73047] 
[2025-07-08 17:38:10 INF] [Serilog.AspNetCore.RequestLoggingMiddleware File => (:)] [Message => HTTP GET /api/systemmonitor responded 200 in 17.2108 ms] [PID => 73047] 
[2025-07-08 17:38:43 INF] [Serilog.AspNetCore.RequestLoggingMiddleware File => (:)] [Message => HTTP GET /api/systemmonitor responded 200 in 14.2596 ms] [PID => 73047] 
[2025-07-08 17:38:57 INF] [Serilog.AspNetCore.RequestLoggingMiddleware File => (:)] [Message => HTTP GET /api/systemmonitor responded 200 in 23.1273 ms] [PID => 73047] 
[2025-07-08 17:38:57 INF] [Serilog.AspNetCore.RequestLoggingMiddleware File => (:)] [Message => HTTP GET /api/systemmonitor/13f773bb-fc38-4cea-a377-fb571570ceda responded 200 in 160.9707 ms] [PID => 73047] 
[2025-07-08 17:38:57 INF] [Serilog.AspNetCore.RequestLoggingMiddleware File => (:)] [Message => HTTP GET /api/v1/MonitorResults/13f773bb-fc38-4cea-a377-fb571570ceda responded 200 in 203.3836 ms] [PID => 73047] 
[2025-07-08 17:39:33 INF] [Serilog.AspNetCore.RequestLoggingMiddleware File => (:)] [Message => HTTP GET /api/systemmonitor responded 200 in 47.0333 ms] [PID => 73047] 
[2025-07-08 17:39:33 INF] [Serilog.AspNetCore.RequestLoggingMiddleware File => (:)] [Message => HTTP GET /api/systemmonitor responded 200 in 6.1032 ms] [PID => 73047] 
[2025-07-08 17:39:38 INF] [Serilog.AspNetCore.RequestLoggingMiddleware File => (:)] [Message => HTTP GET /api/v1/MonitorResults/d08c9612-6bdd-4f39-9c70-15216cb08fc1 responded 200 in 28.6121 ms] [PID => 73047] 
[2025-07-08 17:39:38 INF] [Serilog.AspNetCore.RequestLoggingMiddleware File => (:)] [Message => HTTP GET /api/v1/MonitorResults/d08c9612-6bdd-4f39-9c70-15216cb08fc1 responded 200 in 5.9078 ms] [PID => 73047] 
[2025-07-08 17:39:38 INF] [Serilog.AspNetCore.RequestLoggingMiddleware File => (:)] [Message => HTTP GET /api/systemmonitor/d08c9612-6bdd-4f39-9c70-15216cb08fc1 responded 200 in 36.1444 ms] [PID => 73047] 
[2025-07-08 17:39:38 INF] [Serilog.AspNetCore.RequestLoggingMiddleware File => (:)] [Message => HTTP GET /api/systemmonitor/d08c9612-6bdd-4f39-9c70-15216cb08fc1 responded 200 in 4.3748 ms] [PID => 73047] 
[2025-07-08 17:57:29 WRN] [Microsoft.AspNetCore.StaticFiles.StaticFileMiddleware File => (:)] [Message => The WebRootPath was not found: /Users/calebboluwade/Downloads/GROOVY/MS.API.Mini/MS.API.Mini/wwwroot. Static files may be unavailable.] [PID => 25216] 
[2025-07-08 18:17:36 WRN] [Microsoft.AspNetCore.StaticFiles.StaticFileMiddleware File => (:)] [Message => The WebRootPath was not found: /Users/calebboluwade/Downloads/GROOVY/MS.API.Mini/MS.API.Mini/wwwroot. Static files may be unavailable.] [PID => 65550] 
[2025-07-08 22:20:50 INF] [Serilog.AspNetCore.RequestLoggingMiddleware File => (:)] [Message => HTTP GET /api/v1/MonitorResults/d08c9612-6bdd-4f39-9c70-15216cb08fc1 responded 200 in 532.0703 ms] [PID => 65550] 
