[2025-09-18 14:40:11 WRN] [Microsoft.EntityFrameworkCore.Model File => (:)] [Message => Navigations 'PluginMetric.PluginMonitoringResult' and 'PluginMonitoringResult.PluginMetrics' were separated into two relationships since the [ForeignKey] attribute was specified on navigations on both sides.] [PID => 78676] 
[2025-09-18 14:40:11 WRN] [Microsoft.EntityFrameworkCore.Model File => (:)] [Message => Navigations 'PluginMetric.PluginMonitoringResult' and 'PluginMonitoringResult.PluginMetrics' were separated into two relationships since the [ForeignKey] attribute was specified on navigations on both sides.] [PID => 78676] 
[2025-09-18 14:40:11 WRN] [Microsoft.EntityFrameworkCore.Model File => (:)] [Message => Navigations 'PluginMetric.PluginMonitoringResult' and 'PluginMonitoringResult.PluginMetrics' were separated into two relationships since the [ForeignKey] attribute was specified on navigations on both sides.] [PID => 78676] 
[2025-09-18 14:40:12 WRN] [Microsoft.AspNetCore.StaticFiles.StaticFileMiddleware File => (:)] [Message => The WebRootPath was not found: /Users/calebboluwade/Downloads/GROOVY/MS.Deploy/MS.API.Mini/MS.API.Mini/wwwroot. Static files may be unavailable.] [PID => 78676] 
[2025-09-18 14:41:54 WRN] [Microsoft.AspNetCore.HttpsPolicy.HttpsRedirectionMiddleware File => (:)] [Message => Failed to determine the https port for redirect.] [PID => 78676] 
[2025-09-18 14:41:55 INF] [Serilog.AspNetCore.RequestLoggingMiddleware File => (:)] [Message => HTTP GET /api/v1/systemmonitor responded 200 in 450.2942 ms] [PID => 78676] 
[2025-09-18 14:41:55 INF] [Serilog.AspNetCore.RequestLoggingMiddleware File => (:)] [Message => HTTP GET /api/v1/systemmonitor responded 200 in 471.1593 ms] [PID => 78676] 
[2025-09-18 14:52:22 INF] [Serilog.AspNetCore.RequestLoggingMiddleware File => (:)] [Message => HTTP GET /api/v1/systemmonitor responded 200 in 303.3189 ms] [PID => 78676] 
[2025-09-18 14:52:22 INF] [Serilog.AspNetCore.RequestLoggingMiddleware File => (:)] [Message => HTTP GET /api/v1/systemmonitor responded 200 in 303.3138 ms] [PID => 78676] 
[2025-09-18 14:53:06 INF] [Serilog.AspNetCore.RequestLoggingMiddleware File => (:)] [Message => HTTP GET /api/v1/systemmonitor responded 200 in 53.5101 ms] [PID => 78676] 
[2025-09-18 14:53:13 INF] [Serilog.AspNetCore.RequestLoggingMiddleware File => (:)] [Message => HTTP GET /api/v1/systemmonitor responded 200 in 50.5180 ms] [PID => 78676] 
[2025-09-18 16:29:44 INF] [Serilog.AspNetCore.RequestLoggingMiddleware File => (:)] [Message => HTTP GET /api/v1/systemmonitor responded 200 in 247.6862 ms] [PID => 78676] 
[2025-09-18 16:29:50 INF] [Serilog.AspNetCore.RequestLoggingMiddleware File => (:)] [Message => HTTP GET /api/v1/systemmonitor responded 200 in 53.9211 ms] [PID => 78676] 
[2025-09-18 17:32:22 INF] [Serilog.AspNetCore.RequestLoggingMiddleware File => (:)] [Message => HTTP GET /api/v1/systemmonitor responded 200 in 299.1859 ms] [PID => 78676] 
[2025-09-18 17:32:22 INF] [Serilog.AspNetCore.RequestLoggingMiddleware File => (:)] [Message => HTTP GET /api/v1/systemmonitor responded 200 in 298.9527 ms] [PID => 78676] 
[2025-09-18 19:00:07 INF] [Serilog.AspNetCore.RequestLoggingMiddleware File => (:)] [Message => HTTP GET /api/v1/rules responded 200 in 887.1789 ms] [PID => 78676] 
[2025-09-18 19:01:27 ERR] [MS.API.Mini.Services.ActiveDirectoryService File => (:)] [Message => Error retrieving users from LDAP] [PID => 78676] 
LdapException: Unable to connect to server vi-rodc-svr.nibss-plc.com:389 (91) Connect Error
System.Net.Sockets.SocketException (60): Operation timed out
   at Novell.Directory.Ldap.AsyncExtensions.WaitAndUnwrap(Task task, Int32 timeout)
   at Novell.Directory.Ldap.Connection.Connect(String host, Int32 port, Int32 semaphoreId)
[2025-09-18 19:01:27 INF] [Serilog.AspNetCore.RequestLoggingMiddleware File => (:)] [Message => HTTP GET /api/v1/users responded 200 in 75127.4588 ms] [PID => 78676] 
